dyn_multi : running with 4 processors
RUN ARGS: 
Namespace(attr=None, consumer_timeout=None, data='{"read" : [ {"input" : "cp_coordinates_100.txt"} ]}', file=None, iter=1, module='int_ext_graph.py', num=4, provenance=None, target='dyn_multi')
==========
Starting 3 workers communicating
NEW ELAPSED TIME: 27.18768
NEW ELAPSED TOTAL CPU TIME: 81.45572
---------------------------------
dyn_multi : running with 8 processors
RUN ARGS: 
Namespace(attr=None, consumer_timeout=None, data='{"read" : [ {"input" : "cp_coordinates_100.txt"} ]}', file=None, iter=1, module='int_ext_graph.py', num=8, provenance=None, target='dyn_multi')
==========
Starting 7 workers communicating
NEW ELAPSED TIME: 9.08106
NEW ELAPSED TOTAL CPU TIME: 62.41031
---------------------------------
dyn_multi : running with 12 processors
RUN ARGS: 
Namespace(attr=None, consumer_timeout=None, data='{"read" : [ {"input" : "cp_coordinates_100.txt"} ]}', file=None, iter=1, module='int_ext_graph.py', num=12, provenance=None, target='dyn_multi')
==========
Starting 11 workers communicating
NEW ELAPSED TIME: 8.01026
NEW ELAPSED TOTAL CPU TIME: 86.51623
---------------------------------
dyn_multi : running with 16 processors
RUN ARGS: 
Namespace(attr=None, consumer_timeout=None, data='{"read" : [ {"input" : "cp_coordinates_100.txt"} ]}', file=None, iter=1, module='int_ext_graph.py', num=16, provenance=None, target='dyn_multi')
==========
Starting 15 workers communicating
NEW ELAPSED TIME: 7.36395
NEW ELAPSED TOTAL CPU TIME: 107.86140
---------------------------------
dyn_auto_multi : running with 4 processors
RUN ARGS: 
Namespace(attr=None, consumer_timeout=None, data='{"read" : [ {"input" : "cp_coordinates_100.txt"} ]}', file=None, iter=1, module='int_ext_graph.py', num=4, provenance=None, queue_threshold=10, target='dyn_auto_multi')
==========
NEW ELAPSED TIME: 8.64407
NEW ELAPSED TOTAL CPU TIME: 22.98643
---------------------------------
dyn_auto_multi : running with 8 processors
RUN ARGS: 
Namespace(attr=None, consumer_timeout=None, data='{"read" : [ {"input" : "cp_coordinates_100.txt"} ]}', file=None, iter=1, module='int_ext_graph.py', num=8, provenance=None, queue_threshold=10, target='dyn_auto_multi')
==========
NEW ELAPSED TIME: 9.94452
NEW ELAPSED TOTAL CPU TIME: 32.66641
---------------------------------
dyn_auto_multi : running with 12 processors
RUN ARGS: 
Namespace(attr=None, consumer_timeout=None, data='{"read" : [ {"input" : "cp_coordinates_100.txt"} ]}', file=None, iter=1, module='int_ext_graph.py', num=12, provenance=None, queue_threshold=10, target='dyn_auto_multi')
==========
NEW ELAPSED TIME: 8.93350
NEW ELAPSED TOTAL CPU TIME: 35.45342
---------------------------------
dyn_auto_multi : running with 16 processors
RUN ARGS: 
Namespace(attr=None, consumer_timeout=None, data='{"read" : [ {"input" : "cp_coordinates_100.txt"} ]}', file=None, iter=1, module='int_ext_graph.py', num=16, provenance=None, queue_threshold=10, target='dyn_auto_multi')
==========
2023-08-03 14:34:13 dispel4py.new.logger[3995056] ERROR Exception = an integer is required (got type NoneType)
NEW ELAPSED TIME: 8.52699
NEW ELAPSED TOTAL CPU TIME: 49.77603
---------------------------------
dyn_redis : running with 4 processors
RUN ARGS: 
Namespace(attr=None, consumer_timeout=None, data='{"read" : [ {"input" : "cp_coordinates_100.txt"} ]}', file=None, iter=1, module='int_ext_graph.py', num=4, provenance=None, target='dyn_redis')
==========
Starting 3 workers communicating
NEW ELAPSED TIME: 13.66017
NEW ELAPSED TOTAL CPU TIME: 40.88750
---------------------------------
dyn_redis : running with 8 processors
RUN ARGS: 
Namespace(attr=None, consumer_timeout=None, data='{"read" : [ {"input" : "cp_coordinates_100.txt"} ]}', file=None, iter=1, module='int_ext_graph.py', num=8, provenance=None, target='dyn_redis')
==========
Starting 7 workers communicating
NEW ELAPSED TIME: 10.16942
NEW ELAPSED TOTAL CPU TIME: 70.21728
---------------------------------
dyn_redis : running with 12 processors
RUN ARGS: 
Namespace(attr=None, consumer_timeout=None, data='{"read" : [ {"input" : "cp_coordinates_100.txt"} ]}', file=None, iter=1, module='int_ext_graph.py', num=12, provenance=None, target='dyn_redis')
==========
Starting 11 workers communicating
NEW ELAPSED TIME: 9.69250
NEW ELAPSED TOTAL CPU TIME: 104.32192
---------------------------------
dyn_redis : running with 16 processors
RUN ARGS: 
Namespace(attr=None, consumer_timeout=None, data='{"read" : [ {"input" : "cp_coordinates_100.txt"} ]}', file=None, iter=1, module='int_ext_graph.py', num=16, provenance=None, target='dyn_redis')
==========
Starting 15 workers communicating
NEW ELAPSED TIME: 9.31659
NEW ELAPSED TOTAL CPU TIME: 136.51558
---------------------------------
dyn_auto_redis : running with 4 processors
RUN ARGS: 
Namespace(attr=None, consumer_timeout=None, data='{"read" : [ {"input" : "cp_coordinates_100.txt"} ]}', file=None, idle_time=100, iter=1, module='int_ext_graph.py', num=4, provenance=None, target='dyn_auto_redis')
==========
NEW ELAPSED TIME: 25.14770
NEW ELAPSED TOTAL CPU TIME: 38.29418
---------------------------------
dyn_auto_redis : running with 8 processors
RUN ARGS: 
Namespace(attr=None, consumer_timeout=None, data='{"read" : [ {"input" : "cp_coordinates_100.txt"} ]}', file=None, idle_time=100, iter=1, module='int_ext_graph.py', num=8, provenance=None, target='dyn_auto_redis')
==========
NEW ELAPSED TIME: 13.92876
NEW ELAPSED TOTAL CPU TIME: 66.15809
---------------------------------
dyn_auto_redis : running with 12 processors
RUN ARGS: 
Namespace(attr=None, consumer_timeout=None, data='{"read" : [ {"input" : "cp_coordinates_100.txt"} ]}', file=None, idle_time=100, iter=1, module='int_ext_graph.py', num=12, provenance=None, target='dyn_auto_redis')
==========
NEW ELAPSED TIME: 12.59176
NEW ELAPSED TOTAL CPU TIME: 64.82259
---------------------------------
dyn_auto_redis : running with 16 processors
RUN ARGS: 
Namespace(attr=None, consumer_timeout=None, data='{"read" : [ {"input" : "cp_coordinates_100.txt"} ]}', file=None, idle_time=100, iter=1, module='int_ext_graph.py', num=16, provenance=None, target='dyn_auto_redis')
==========
NEW ELAPSED TIME: 11.31394
NEW ELAPSED TOTAL CPU TIME: 73.93255
---------------------------------
Experiments for 100 completed!
