dyn_multi : running with 4 processors
RUN ARGS: 
Namespace(attr=None, consumer_timeout=None, data='{"read" : [ {"input" : "cp_coordinates.txt"} ]}', file=None, iter=1, module='int_ext_graph.py', num=4, provenance=None, target='dyn_multi')
==========
Starting 3 workers communicating
NEW ELAPSED TIME: 18.14264
NEW ELAPSED TOTAL CPU TIME: 54.33397
---------------------------------
dyn_auto_multi : running with 4 processors
RUN ARGS: 
Namespace(attr=None, consumer_timeout=None, data='{"read" : [ {"input" : "cp_coordinates.txt"} ]}', file=None, iter=1, module='int_ext_graph.py', num=4, provenance=None, queue_threshold=10, target='dyn_auto_multi')
==========
NEW ELAPSED TIME: 16.87564
NEW ELAPSED TOTAL CPU TIME: 42.15549
---------------------------------
dyn_redis : running with 4 processors
RUN ARGS: 
Namespace(attr=None, consumer_timeout=None, data='{"read" : [ {"input" : "cp_coordinates.txt"} ]}', file=None, iter=1, module='int_ext_graph.py', num=4, provenance=None, target='dyn_redis')
==========
Starting 3 workers communicating
NEW ELAPSED TIME: 21.46500
NEW ELAPSED TOTAL CPU TIME: 64.24967
---------------------------------
dyn_auto_redis : running with 4 processors
RUN ARGS: 
Namespace(attr=None, consumer_timeout=None, data='{"read" : [ {"input" : "cp_coordinates.txt"} ]}', file=None, idle_time=100, iter=1, module='int_ext_graph.py', num=4, provenance=None, target='dyn_auto_redis')
==========
NEW ELAPSED TIME: 25.96731
NEW ELAPSED TOTAL CPU TIME: 46.76625
---------------------------------
All experiments completed!
