RUN ARGS: 
Namespace(attr=None, data='{"read" : [ {"input" : "cp_coordinates_500.txt"} ]}', file=None, iter=1, module='int_ext_graph_skew.py', num=16, provenance=None, simple=False, target='multi')
==========
Processes: {'read4': range(0, 1), 'GetVOTable5': range(1, 6), 'FilterColumns6': range(6, 11), 'InternalExtinction7': range(11, 16)}
[ReadRaDec] in 0.0292 seconds.
read4 (rank 0): PE read4 total idle time: 0.0000 seconds
PE read4 total idle time: 0.0000 seconds
read4 (rank 0): Processed 1 iteration.
[GetVOTable] in 1.7180 seconds.
[GetVOTable] in 0.5519 seconds.
[GetVOTable] in 0.7286 seconds.
[GetVOTable] in 0.4831 seconds.
[GetVOTable] in 0.8481 seconds.
[GetVOTable] in 0.4114 seconds.
[GetVOTable] in 0.8560 seconds.
[GetVOTable] in 0.5191 seconds.
[GetVOTable] in 0.4960 seconds.
[GetVOTable] in 0.6857 seconds.
[GetVOTable] in 1.0119 seconds.
[GetVOTable] in 0.4051 seconds.
[GetVOTable] in 0.6490 seconds.
[GetVOTable] in 0.5683 seconds.
[GetVOTable] in 0.4678 seconds.
[GetVOTable] in 0.8069 seconds.
[GetVOTable] in 0.4428 seconds.
[GetVOTable] in 0.6629 seconds.
[GetVOTable] in 0.4648 seconds.
[GetVOTable] in 0.5239 seconds.
[GetVOTable] in 0.5600 seconds.
[GetVOTable] in 0.6845 seconds.
[GetVOTable] in 0.7047 seconds.
[GetVOTable] in 1.2107 seconds.
[GetVOTable] in 0.5846 seconds.
[GetVOTable] in 0.5954 seconds.
[GetVOTable] in 0.6918 seconds.
[GetVOTable] in 0.4906 seconds.
[GetVOTable] in 0.4938 seconds.
[GetVOTable] in 0.5786 seconds.
[GetVOTable] in 0.4325 seconds.
[GetVOTable] in 0.5088 seconds.
[GetVOTable] in 0.6992 seconds.
[GetVOTable] in 0.3435 seconds.
[GetVOTable] in 0.4386 seconds.
[GetVOTable] in 0.5955 seconds.
[GetVOTable] in 0.7371 seconds.
[GetVOTable] in 0.9921 seconds.
[GetVOTable] in 0.5320 seconds.
[GetVOTable] in 0.4237 seconds.
[GetVOTable] in 0.3692 seconds.
[GetVOTable] in 0.5067 seconds.
[GetVOTable] in 1.0560 seconds.
[GetVOTable] in 0.3656 seconds.
[GetVOTable] in 0.5691 seconds.
[GetVOTable] in 0.6416 seconds.
[GetVOTable] in 1.0893 seconds.
[GetVOTable] in 0.6728 seconds.
[GetVOTable] in 0.7877 seconds.
[GetVOTable] in 0.3804 seconds.
[GetVOTable] in 0.7507 seconds.
[GetVOTable] in 0.6578 seconds.
[GetVOTable] in 0.5409 seconds.
[GetVOTable] in 1.0959 seconds.
[GetVOTable] in 0.8020 seconds.
[GetVOTable] in 0.4271 seconds.
[GetVOTable] in 0.5035 seconds.
[GetVOTable] in 0.7147 seconds.
[GetVOTable] in 0.5983 seconds.
[GetVOTable] in 0.7511 seconds.
[GetVOTable] in 0.4172 seconds.
[GetVOTable] in 0.7036 seconds.
[GetVOTable] in 0.5948 seconds.
[GetVOTable] in 0.5788 seconds.
[GetVOTable] in 0.4542 seconds.
[GetVOTable] in 0.6357 seconds.
[GetVOTable] in 0.4484 seconds.
[GetVOTable] in 1.0821 seconds.
[GetVOTable] in 0.4754 seconds.
[GetVOTable] in 0.3980 seconds.
[GetVOTable] in 0.6506 seconds.
[GetVOTable] in 0.3563 seconds.
[GetVOTable] in 0.4527 seconds.
[GetVOTable] in 0.5371 seconds.
[GetVOTable] in 0.5264 seconds.
[GetVOTable] in 0.3771 seconds.
[GetVOTable] in 0.7735 seconds.
[GetVOTable] in 0.8452 seconds.
[GetVOTable] in 0.5728 seconds.
[GetVOTable] in 0.3794 seconds.
[GetVOTable] in 0.3557 seconds.
[GetVOTable] in 0.4191 seconds.
[GetVOTable] in 0.6723 seconds.
[GetVOTable] in 0.4182 seconds.
[GetVOTable] in 0.4454 seconds.
[GetVOTable] in 0.6057 seconds.
[GetVOTable] in 0.4796 seconds.
[GetVOTable] in 0.5855 seconds.
[GetVOTable] in 0.7069 seconds.
[GetVOTable] in 0.4895 seconds.
[GetVOTable] in 0.5678 seconds.
[GetVOTable] in 0.6056 seconds.
[GetVOTable] in 0.5324 seconds.
[GetVOTable] in 0.5520 seconds.
[GetVOTable] in 0.6927 seconds.
[GetVOTable] in 0.7500 seconds.
[GetVOTable] in 0.7301 seconds.
[GetVOTable] in 0.3914 seconds.
[GetVOTable] in 0.4985 seconds.
[GetVOTable] in 0.4513 seconds.
GetVOTable5 (rank 4): PE GetVOTable5 total idle time: 0.0224 seconds
PE GetVOTable5 total idle time: 0.0224 seconds
GetVOTable5 (rank 4): Processed 100 iterations.
[GetVOTable] in 1.7499 seconds.
[GetVOTable] in 0.6198 seconds.
[GetVOTable] in 0.7200 seconds.
[GetVOTable] in 1.1921 seconds.
[GetVOTable] in 0.9369 seconds.
[GetVOTable] in 0.4654 seconds.
[GetVOTable] in 0.7815 seconds.
[GetVOTable] in 0.6520 seconds.
[GetVOTable] in 0.5124 seconds.
[GetVOTable] in 0.6559 seconds.
[GetVOTable] in 0.8149 seconds.
[GetVOTable] in 0.4020 seconds.
[GetVOTable] in 0.6379 seconds.
[GetVOTable] in 0.6006 seconds.
[GetVOTable] in 0.4478 seconds.
[GetVOTable] in 0.6541 seconds.
[GetVOTable] in 0.4425 seconds.
[GetVOTable] in 0.6409 seconds.
[GetVOTable] in 0.5449 seconds.
[GetVOTable] in 0.6040 seconds.
[GetVOTable] in 0.5383 seconds.
[GetVOTable] in 0.7675 seconds.
[GetVOTable] in 0.4830 seconds.
[GetVOTable] in 0.6558 seconds.
[GetVOTable] in 0.5250 seconds.
[GetVOTable] in 0.5370 seconds.
[GetVOTable] in 0.6726 seconds.
[GetVOTable] in 0.5071 seconds.
[GetVOTable] in 0.4993 seconds.
[GetVOTable] in 0.6407 seconds.
[GetVOTable] in 0.4011 seconds.
[GetVOTable] in 0.5205 seconds.
[GetVOTable] in 0.7190 seconds.
[GetVOTable] in 0.3197 seconds.
[GetVOTable] in 0.4245 seconds.
[GetVOTable] in 0.6375 seconds.
[GetVOTable] in 0.6831 seconds.
[GetVOTable] in 1.0831 seconds.
[GetVOTable] in 0.4640 seconds.
[GetVOTable] in 0.3955 seconds.
[GetVOTable] in 0.3483 seconds.
[GetVOTable] in 0.4788 seconds.
[GetVOTable] in 0.8444 seconds.
[GetVOTable] in 0.3871 seconds.
[GetVOTable] in 0.5591 seconds.
[GetVOTable] in 0.6727 seconds.
[GetVOTable] in 0.4918 seconds.
[GetVOTable] in 0.7704 seconds.
[GetVOTable] in 0.8059 seconds.
[GetVOTable] in 0.4368 seconds.
[GetVOTable] in 0.6853 seconds.
[GetVOTable] in 0.6379 seconds.
[GetVOTable] in 0.5681 seconds.
[GetVOTable] in 0.5591 seconds.
[GetVOTable] in 0.7401 seconds.
[GetVOTable] in 0.4063 seconds.
[GetVOTable] in 0.4830 seconds.
[GetVOTable] in 0.6696 seconds.
[GetVOTable] in 0.6028 seconds.
[GetVOTable] in 0.7339 seconds.
[GetVOTable] in 0.4747 seconds.
[GetVOTable] in 0.7441 seconds.
[GetVOTable] in 0.6575 seconds.
[GetVOTable] in 0.7505 seconds.
[GetVOTable] in 0.3908 seconds.
[GetVOTable] in 0.6995 seconds.
[GetVOTable] in 0.4585 seconds.
[GetVOTable] in 1.0867 seconds.
[GetVOTable] in 0.4173 seconds.
[GetVOTable] in 0.4109 seconds.
[GetVOTable] in 0.6296 seconds.
[GetVOTable] in 0.3219 seconds.
[GetVOTable] in 0.4509 seconds.
[GetVOTable] in 0.5531 seconds.
[GetVOTable] in 0.5345 seconds.
[GetVOTable] in 0.3800 seconds.
[GetVOTable] in 0.7303 seconds.
[GetVOTable] in 1.3687 seconds.
[GetVOTable] in 0.6245 seconds.
[GetVOTable] in 0.3718 seconds.
[GetVOTable] in 0.3656 seconds.
[GetVOTable] in 0.4843 seconds.
[GetVOTable] in 0.6217 seconds.
[GetVOTable] in 0.4312 seconds.
[GetVOTable] in 0.4140 seconds.
[GetVOTable] in 0.6360 seconds.
[GetVOTable] in 0.5236 seconds.
[GetVOTable] in 0.6052 seconds.
[GetVOTable] in 0.7173 seconds.
[GetVOTable] in 0.5377 seconds.
[GetVOTable] in 1.0534 seconds.
[GetVOTable] in 0.4833 seconds.
[GetVOTable] in 0.5552 seconds.
[GetVOTable] in 0.7675 seconds.
[GetVOTable] in 0.7044 seconds.
[GetVOTable] in 0.7326 seconds.
[GetVOTable] in 0.6478 seconds.
[GetVOTable] in 0.4242 seconds.
[GetVOTable] in 0.4593 seconds.
[GetVOTable] in 0.5203 seconds.
GetVOTable5 (rank 3): PE GetVOTable5 total idle time: 0.0223 seconds
PE GetVOTable5 total idle time: 0.0223 seconds
GetVOTable5 (rank 3): Processed 100 iterations.
[GetVOTable] in 0.6618 seconds.
[GetVOTable] in 0.5575 seconds.
[GetVOTable] in 0.7528 seconds.
[GetVOTable] in 0.4864 seconds.
[GetVOTable] in 1.0541 seconds.
[GetVOTable] in 0.4408 seconds.
[GetVOTable] in 0.8236 seconds.
[GetVOTable] in 0.5063 seconds.
[GetVOTable] in 0.5051 seconds.
[GetVOTable] in 0.6876 seconds.
[GetVOTable] in 0.8465 seconds.
[GetVOTable] in 0.3582 seconds.
[GetVOTable] in 0.6418 seconds.
[GetVOTable] in 0.5998 seconds.
[GetVOTable] in 0.4203 seconds.
[GetVOTable] in 0.6246 seconds.
[GetVOTable] in 0.5078 seconds.
[GetVOTable] in 0.6547 seconds.
[GetVOTable] in 1.1495 seconds.
[GetVOTable] in 0.5007 seconds.
[GetVOTable] in 0.5548 seconds.
[GetVOTable] in 0.7141 seconds.
[GetVOTable] in 0.4518 seconds.
[GetVOTable] in 0.7320 seconds.
[GetVOTable] in 0.5204 seconds.
[GetVOTable] in 0.5791 seconds.
[GetVOTable] in 0.8005 seconds.
[GetVOTable] in 0.5252 seconds.
[GetVOTable] in 0.4593 seconds.
[GetVOTable] in 0.6485 seconds.
[GetVOTable] in 0.7037 seconds.
[GetVOTable] in 0.5051 seconds.
[GetVOTable] in 0.6180 seconds.
[GetVOTable] in 0.3592 seconds.
[GetVOTable] in 0.7257 seconds.
[GetVOTable] in 0.5253 seconds.
[GetVOTable] in 0.7408 seconds.
[GetVOTable] in 0.9998 seconds.
[GetVOTable] in 0.6291 seconds.
[GetVOTable] in 0.3603 seconds.
[GetVOTable] in 0.3726 seconds.
[GetVOTable] in 0.4684 seconds.
[GetVOTable] in 0.8682 seconds.
[GetVOTable] in 0.3673 seconds.
[GetVOTable] in 0.5327 seconds.
[GetVOTable] in 0.6618 seconds.
[GetVOTable] in 0.4726 seconds.
[GetVOTable] in 1.4995 seconds.
[GetVOTable] in 0.7771 seconds.
[GetVOTable] in 0.4077 seconds.
[GetVOTable] in 0.6646 seconds.
[GetVOTable] in 0.6725 seconds.
[GetVOTable] in 0.5401 seconds.
[GetVOTable] in 0.5736 seconds.
[GetVOTable] in 0.7484 seconds.
[GetVOTable] in 0.4469 seconds.
[GetVOTable] in 0.5515 seconds.
[GetVOTable] in 0.6717 seconds.
[GetVOTable] in 0.5885 seconds.
[GetVOTable] in 0.7489 seconds.
[GetVOTable] in 0.4526 seconds.
[GetVOTable] in 0.7447 seconds.
[GetVOTable] in 0.6373 seconds.
[GetVOTable] in 0.7579 seconds.
[GetVOTable] in 0.3897 seconds.
[GetVOTable] in 0.6445 seconds.
[GetVOTable] in 0.4799 seconds.
[GetVOTable] in 1.0817 seconds.
[GetVOTable] in 0.4115 seconds.
[GetVOTable] in 1.0095 seconds.
[GetVOTable] in 0.6759 seconds.
[GetVOTable] in 0.3005 seconds.
[GetVOTable] in 0.4897 seconds.
[GetVOTable] in 0.5501 seconds.
[GetVOTable] in 0.5172 seconds.
[GetVOTable] in 0.3622 seconds.
[GetVOTable] in 0.7470 seconds.
[GetVOTable] in 0.8278 seconds.
[GetVOTable] in 0.5880 seconds.
[GetVOTable] in 0.3627 seconds.
[GetVOTable] in 0.3822 seconds.
[GetVOTable] in 0.4538 seconds.
[GetVOTable] in 0.6039 seconds.
[GetVOTable] in 0.4069 seconds.
[GetVOTable] in 0.3797 seconds.
[GetVOTable] in 0.6131 seconds.
[GetVOTable] in 0.6617 seconds.
[GetVOTable] in 0.6540 seconds.
[GetVOTable] in 0.6881 seconds.
[GetVOTable] in 0.4626 seconds.
[GetVOTable] in 0.5246 seconds.
[GetVOTable] in 0.4521 seconds.
[GetVOTable] in 0.5962 seconds.
[GetVOTable] in 0.5865 seconds.
[GetVOTable] in 0.6152 seconds.
[GetVOTable] in 0.7929 seconds.
[GetVOTable] in 1.4910 seconds.
[GetVOTable] in 0.3929 seconds.
[GetVOTable] in 0.5123 seconds.
[GetVOTable] in 0.4476 seconds.
GetVOTable5 (rank 5): PE GetVOTable5 total idle time: 0.0213 seconds
PE GetVOTable5 total idle time: 0.0213 seconds
GetVOTable5 (rank 5): Processed 100 iterations.
[GetVOTable] in 1.7010 seconds.
[GetVOTable] in 0.6037 seconds.
[GetVOTable] in 0.6986 seconds.
[GetVOTable] in 0.4795 seconds.
[GetVOTable] in 0.8486 seconds.
[GetVOTable] in 0.4411 seconds.
[GetVOTable] in 0.8302 seconds.
[GetVOTable] in 0.5809 seconds.
[GetVOTable] in 0.5058 seconds.
[GetVOTable] in 0.9472 seconds.
[GetVOTable] in 0.8176 seconds.
[GetVOTable] in 0.3931 seconds.
[GetVOTable] in 0.7061 seconds.
[GetVOTable] in 0.5599 seconds.
[GetVOTable] in 0.4261 seconds.
[GetVOTable] in 0.6444 seconds.
[GetVOTable] in 0.4359 seconds.
[GetVOTable] in 0.6684 seconds.
[GetVOTable] in 0.5073 seconds.
[GetVOTable] in 0.5058 seconds.
[GetVOTable] in 0.5590 seconds.
[GetVOTable] in 0.7358 seconds.
[GetVOTable] in 0.5098 seconds.
[GetVOTable] in 0.6136 seconds.
[GetVOTable] in 1.1714 seconds.
[GetVOTable] in 0.5882 seconds.
[GetVOTable] in 1.0193 seconds.
[GetVOTable] in 0.5248 seconds.
[GetVOTable] in 0.9343 seconds.
[GetVOTable] in 0.5577 seconds.
[GetVOTable] in 0.4044 seconds.
[GetVOTable] in 0.5099 seconds.
[GetVOTable] in 0.6177 seconds.
[GetVOTable] in 0.4393 seconds.
[GetVOTable] in 0.4705 seconds.
[GetVOTable] in 0.5413 seconds.
[GetVOTable] in 0.9253 seconds.
[GetVOTable] in 0.9664 seconds.
[GetVOTable] in 0.4782 seconds.
[GetVOTable] in 0.3816 seconds.
[GetVOTable] in 0.4287 seconds.
[GetVOTable] in 0.4612 seconds.
[GetVOTable] in 0.8361 seconds.
[GetVOTable] in 0.3759 seconds.
[GetVOTable] in 0.5745 seconds.
[GetVOTable] in 0.6928 seconds.
[GetVOTable] in 0.4402 seconds.
[GetVOTable] in 0.7057 seconds.
[GetVOTable] in 0.8180 seconds.
[GetVOTable] in 0.4052 seconds.
[GetVOTable] in 0.6878 seconds.
[GetVOTable] in 0.6759 seconds.
[GetVOTable] in 0.5153 seconds.
[GetVOTable] in 0.4440 seconds.
[GetVOTable] in 0.8192 seconds.
[GetVOTable] in 0.4001 seconds.
[GetVOTable] in 0.4865 seconds.
[GetVOTable] in 0.6744 seconds.
[GetVOTable] in 0.6218 seconds.
[GetVOTable] in 0.7663 seconds.
[GetVOTable] in 0.4181 seconds.
[GetVOTable] in 0.7163 seconds.
[GetVOTable] in 0.6281 seconds.
[GetVOTable] in 0.5689 seconds.
[GetVOTable] in 0.5501 seconds.
[GetVOTable] in 0.6287 seconds.
[GetVOTable] in 0.4475 seconds.
[GetVOTable] in 1.1296 seconds.
[GetVOTable] in 0.4525 seconds.
[GetVOTable] in 0.4469 seconds.
[GetVOTable] in 0.6520 seconds.
[GetVOTable] in 0.3206 seconds.
[GetVOTable] in 0.4562 seconds.
[GetVOTable] in 0.5540 seconds.
[GetVOTable] in 0.5586 seconds.
[GetVOTable] in 0.3584 seconds.
[GetVOTable] in 0.7530 seconds.
[GetVOTable] in 0.8923 seconds.
[GetVOTable] in 0.6086 seconds.
[GetVOTable] in 0.4065 seconds.
[GetVOTable] in 0.3655 seconds.
[GetVOTable] in 1.2905 seconds.
[GetVOTable] in 0.7278 seconds.
[GetVOTable] in 0.4172 seconds.
[GetVOTable] in 0.4415 seconds.
[GetVOTable] in 0.6676 seconds.
[GetVOTable] in 0.5056 seconds.
[GetVOTable] in 0.6052 seconds.
[GetVOTable] in 0.6795 seconds.
[GetVOTable] in 0.5242 seconds.
[GetVOTable] in 0.5049 seconds.
[GetVOTable] in 0.4802 seconds.
[GetVOTable] in 0.5760 seconds.
[GetVOTable] in 0.5570 seconds.
[GetVOTable] in 0.6906 seconds.
[GetVOTable] in 0.7257 seconds.
[GetVOTable] in 0.6801 seconds.
[GetVOTable] in 0.3825 seconds.
[GetVOTable] in 0.4964 seconds.
[GetVOTable] in 0.4770 seconds.
GetVOTable5 (rank 1): PE GetVOTable5 total idle time: 0.0239 seconds
PE GetVOTable5 total idle time: 0.0239 seconds
GetVOTable5 (rank 1): Processed 100 iterations.
[GetVOTable] in 2.5009 seconds.
[GetVOTable] in 0.5633 seconds.
[GetVOTable] in 0.7103 seconds.
[GetVOTable] in 0.4453 seconds.
[GetVOTable] in 0.8774 seconds.
[GetVOTable] in 0.4613 seconds.
[GetVOTable] in 0.7935 seconds.
[GetVOTable] in 0.4675 seconds.
[GetVOTable] in 0.4940 seconds.
[GetVOTable] in 0.7051 seconds.
[GetVOTable] in 0.8917 seconds.
[GetVOTable] in 0.3866 seconds.
[GetVOTable] in 1.6780 seconds.
[GetVOTable] in 0.5774 seconds.
[GetVOTable] in 0.4957 seconds.
[GetVOTable] in 0.6731 seconds.
[GetVOTable] in 0.4460 seconds.
[GetVOTable] in 0.6262 seconds.
[GetVOTable] in 0.4561 seconds.
[GetVOTable] in 0.5477 seconds.
[GetVOTable] in 0.5865 seconds.
[GetVOTable] in 0.6936 seconds.
[GetVOTable] in 0.4904 seconds.
[GetVOTable] in 0.7346 seconds.
[GetVOTable] in 0.5302 seconds.
[GetVOTable] in 0.4452 seconds.
[GetVOTable] in 0.6684 seconds.
[GetVOTable] in 0.6608 seconds.
[GetVOTable] in 0.5343 seconds.
[GetVOTable] in 0.5764 seconds.
[GetVOTable] in 0.4398 seconds.
[GetVOTable] in 0.5251 seconds.
[GetVOTable] in 0.7649 seconds.
[GetVOTable] in 0.4934 seconds.
[GetVOTable] in 0.4091 seconds.
[GetVOTable] in 0.5111 seconds.
[GetVOTable] in 0.7481 seconds.
[GetVOTable] in 1.0329 seconds.
[GetVOTable] in 0.4544 seconds.
[GetVOTable] in 0.3708 seconds.
[GetVOTable] in 0.3564 seconds.
[GetVOTable] in 0.5009 seconds.
[GetVOTable] in 0.9010 seconds.
[GetVOTable] in 0.3811 seconds.
[GetVOTable] in 0.6492 seconds.
[GetVOTable] in 0.6271 seconds.
[GetVOTable] in 1.3537 seconds.
[GetVOTable] in 0.6644 seconds.
[GetVOTable] in 0.9099 seconds.
[GetVOTable] in 0.4841 seconds.
[GetVOTable] in 0.6939 seconds.
[GetVOTable] in 0.5845 seconds.
[GetVOTable] in 0.5032 seconds.
[GetVOTable] in 0.5115 seconds.
[GetVOTable] in 0.7788 seconds.
[GetVOTable] in 0.4190 seconds.
[GetVOTable] in 1.2856 seconds.
[GetVOTable] in 0.6674 seconds.
[GetVOTable] in 0.6651 seconds.
[GetVOTable] in 0.7417 seconds.
[GetVOTable] in 0.4228 seconds.
[GetVOTable] in 0.7768 seconds.
[GetVOTable] in 0.6553 seconds.
[GetVOTable] in 0.5738 seconds.
[GetVOTable] in 0.3825 seconds.
[GetVOTable] in 0.6159 seconds.
[GetVOTable] in 0.4622 seconds.
[GetVOTable] in 1.1153 seconds.
[GetVOTable] in 0.4845 seconds.
[GetVOTable] in 0.4152 seconds.
[GetVOTable] in 0.6108 seconds.
[GetVOTable] in 0.3111 seconds.
[GetVOTable] in 0.4266 seconds.
[GetVOTable] in 0.5589 seconds.
[GetVOTable] in 0.5454 seconds.
[GetVOTable] in 0.4107 seconds.
[GetVOTable] in 0.8300 seconds.
[GetVOTable] in 0.8781 seconds.
[GetVOTable] in 0.6594 seconds.
[GetVOTable] in 0.3548 seconds.
[GetVOTable] in 0.3406 seconds.
[GetVOTable] in 0.4293 seconds.
[GetVOTable] in 0.6573 seconds.
[GetVOTable] in 0.8696 seconds.
[GetVOTable] in 0.3879 seconds.
[GetVOTable] in 0.6547 seconds.
[GetVOTable] in 0.6089 seconds.
[GetVOTable] in 0.6072 seconds.
[GetVOTable] in 0.7194 seconds.
[GetVOTable] in 0.4750 seconds.
[GetVOTable] in 0.5290 seconds.
[GetVOTable] in 0.4918 seconds.
[GetVOTable] in 0.5759 seconds.
[GetVOTable] in 0.5530 seconds.
[GetVOTable] in 0.6335 seconds.
[GetVOTable] in 0.7741 seconds.
[GetVOTable] in 0.7176 seconds.
[GetVOTable] in 0.3842 seconds.
[GetVOTable] in 0.4923 seconds.
[GetVOTable] in 0.4938 seconds.
GetVOTable5 (rank 2): PE GetVOTable5 total idle time: 0.0238 seconds
PE GetVOTable5 total idle time: 0.0238 seconds
GetVOTable5 (rank 2): Processed 100 iterations.
[FilterColumns] in 0.8575 seconds.
[FilterColumns] in 0.2532 seconds.
[FilterColumns] in 0.4191 seconds.
[FilterColumns] in 0.1628 seconds.
[FilterColumns] in 0.5540 seconds.
[FilterColumns] in 0.1132 seconds.
[FilterColumns] in 0.5132 seconds.
[FilterColumns] in 0.1800 seconds.
[FilterColumns] in 0.2012 seconds.
[FilterColumns] in 0.3788 seconds.
[FilterColumns] in 0.5466 seconds.
[FilterColumns] in 0.0875 seconds.
[FilterColumns] in 0.3606 seconds.
[FilterColumns] in 0.2761 seconds.
[FilterColumns] in 0.1367 seconds.
[FilterColumns] in 0.3565 seconds.
[FilterColumns] in 0.1355 seconds.
[FilterColumns] in 0.3292 seconds.
[FilterColumns] in 0.1684 seconds.
[FilterColumns] in 0.2102 seconds.
[FilterColumns] in 0.2666 seconds.
[FilterColumns] in 0.3933 seconds.
[FilterColumns] in 0.1565 seconds.
[FilterColumns] in 0.3079 seconds.
[FilterColumns] in 0.2056 seconds.
[FilterColumns] in 0.1871 seconds.
[FilterColumns] in 0.3713 seconds.
[FilterColumns] in 0.2061 seconds.
[FilterColumns] in 0.1885 seconds.
[FilterColumns] in 0.2867 seconds.
[FilterColumns] in 0.1033 seconds.
[FilterColumns] in 0.2106 seconds.
[FilterColumns] in 0.3125 seconds.
[FilterColumns] in 0.0470 seconds.
[FilterColumns] in 0.1271 seconds.
[FilterColumns] in 0.2133 seconds.
[FilterColumns] in 0.3616 seconds.
[FilterColumns] in 0.6553 seconds.
[FilterColumns] in 0.1646 seconds.
[FilterColumns] in 0.0722 seconds.
[FilterColumns] in 0.0795 seconds.
[FilterColumns] in 0.1773 seconds.
[FilterColumns] in 0.5466 seconds.
[FilterColumns] in 0.0642 seconds.
[FilterColumns] in 0.2388 seconds.
[FilterColumns] in 0.3160 seconds.
[FilterColumns] in 0.1551 seconds.
[FilterColumns] in 0.3895 seconds.
[FilterColumns] in 0.4875 seconds.
[FilterColumns] in 0.0984 seconds.
[FilterColumns] in 0.3695 seconds.
[FilterColumns] in 0.3012 seconds.
[FilterColumns] in 0.2265 seconds.
[FilterColumns] in 0.1670 seconds.
[FilterColumns] in 0.4644 seconds.
[FilterColumns] in 0.1006 seconds.
[FilterColumns] in 0.1819 seconds.
[FilterColumns] in 0.3466 seconds.
[FilterColumns] in 0.2777 seconds.
[FilterColumns] in 0.4461 seconds.
[FilterColumns] in 0.1354 seconds.
[FilterColumns] in 0.4031 seconds.
[FilterColumns] in 0.3258 seconds.
[FilterColumns] in 0.2960 seconds.
[FilterColumns] in 0.1160 seconds.
[FilterColumns] in 0.3446 seconds.
[FilterColumns] in 0.1727 seconds.
[FilterColumns] in 0.8047 seconds.
[FilterColumns] in 0.1346 seconds.
[FilterColumns] in 0.1282 seconds.
[FilterColumns] in 0.3396 seconds.
[FilterColumns] in 0.0371 seconds.
[FilterColumns] in 0.1627 seconds.
[FilterColumns] in 0.2642 seconds.
[FilterColumns] in 0.2517 seconds.
[FilterColumns] in 0.0716 seconds.
[FilterColumns] in 0.4631 seconds.
[FilterColumns] in 0.5443 seconds.
[FilterColumns] in 0.2638 seconds.
[FilterColumns] in 0.0700 seconds.
[FilterColumns] in 0.0498 seconds.
[FilterColumns] in 0.1296 seconds.
[FilterColumns] in 0.3296 seconds.
[FilterColumns] in 0.1215 seconds.
[FilterColumns] in 0.1107 seconds.
[FilterColumns] in 0.3275 seconds.
[FilterColumns] in 0.2217 seconds.
[FilterColumns] in 0.3074 seconds.
[FilterColumns] in 0.4067 seconds.
[FilterColumns] in 0.1868 seconds.
[FilterColumns] in 0.2379 seconds.
[FilterColumns] in 0.1779 seconds.
[FilterColumns] in 0.2700 seconds.
[FilterColumns] in 0.2416 seconds.
[FilterColumns] in 0.3283 seconds.
[FilterColumns] in 0.4469 seconds.
[FilterColumns] in 0.3884 seconds.
[FilterColumns] in 0.0987 seconds.
[FilterColumns] in 0.2130 seconds.
[FilterColumns] in 0.1692 seconds.
FilterColumns6 (rank 10): PE FilterColumns6 total idle time: 36.4398 seconds
PE FilterColumns6 total idle time: 36.4398 seconds
FilterColumns6 (rank 10): Processed 100 iterations.
[FilterColumns] in 0.4686 seconds.
[FilterColumns] in 0.2520 seconds.
[FilterColumns] in 0.4192 seconds.
[FilterColumns] in 0.1626 seconds.
[FilterColumns] in 0.5537 seconds.
[FilterColumns] in 0.1136 seconds.
[FilterColumns] in 0.5128 seconds.
[FilterColumns] in 0.1799 seconds.
[FilterColumns] in 0.2009 seconds.
[FilterColumns] in 0.3791 seconds.
[FilterColumns] in 0.5467 seconds.
[FilterColumns] in 0.0871 seconds.
[FilterColumns] in 0.3605 seconds.
[FilterColumns] in 0.2761 seconds.
[FilterColumns] in 0.1372 seconds.
[FilterColumns] in 0.3566 seconds.
[FilterColumns] in 0.1352 seconds.
[FilterColumns] in 0.3292 seconds.
[FilterColumns] in 0.1687 seconds.
[FilterColumns] in 0.2101 seconds.
[FilterColumns] in 0.2664 seconds.
[FilterColumns] in 0.3932 seconds.
[FilterColumns] in 0.1563 seconds.
[FilterColumns] in 0.3088 seconds.
[FilterColumns] in 0.2067 seconds.
[FilterColumns] in 0.1868 seconds.
[FilterColumns] in 0.3707 seconds.
[FilterColumns] in 0.2064 seconds.
[FilterColumns] in 0.1891 seconds.
[FilterColumns] in 0.2862 seconds.
[FilterColumns] in 0.1032 seconds.
[FilterColumns] in 0.2103 seconds.
[FilterColumns] in 0.3129 seconds.
[FilterColumns] in 0.0475 seconds.
[FilterColumns] in 0.1271 seconds.
[FilterColumns] in 0.2139 seconds.
[FilterColumns] in 0.3610 seconds.
[FilterColumns] in 0.6551 seconds.
[FilterColumns] in 0.1646 seconds.
[FilterColumns] in 0.0719 seconds.
[FilterColumns] in 0.0792 seconds.
[FilterColumns] in 0.1769 seconds.
[FilterColumns] in 0.5466 seconds.
[FilterColumns] in 0.0643 seconds.
[FilterColumns] in 0.2383 seconds.
[FilterColumns] in 0.3166 seconds.
[FilterColumns] in 0.1553 seconds.
[FilterColumns] in 0.3900 seconds.
[FilterColumns] in 0.4878 seconds.
[FilterColumns] in 0.0983 seconds.
[FilterColumns] in 0.3692 seconds.
[FilterColumns] in 0.3010 seconds.
[FilterColumns] in 0.2259 seconds.
[FilterColumns] in 0.1670 seconds.
[FilterColumns] in 0.4646 seconds.
[FilterColumns] in 0.1010 seconds.
[FilterColumns] in 0.1823 seconds.
[FilterColumns] in 0.3457 seconds.
[FilterColumns] in 0.2776 seconds.
[FilterColumns] in 0.4461 seconds.
[FilterColumns] in 0.1359 seconds.
[FilterColumns] in 0.4038 seconds.
[FilterColumns] in 0.3253 seconds.
[FilterColumns] in 0.2961 seconds.
[FilterColumns] in 0.1160 seconds.
[FilterColumns] in 0.3445 seconds.
[FilterColumns] in 0.1729 seconds.
[FilterColumns] in 0.8044 seconds.
[FilterColumns] in 0.1344 seconds.
[FilterColumns] in 0.1280 seconds.
[FilterColumns] in 0.3400 seconds.
[FilterColumns] in 0.0370 seconds.
[FilterColumns] in 0.1625 seconds.
[FilterColumns] in 0.2641 seconds.
[FilterColumns] in 0.2521 seconds.
[FilterColumns] in 0.0711 seconds.
[FilterColumns] in 0.4627 seconds.
[FilterColumns] in 0.5445 seconds.
[FilterColumns] in 0.2636 seconds.
[FilterColumns] in 0.0698 seconds.
[FilterColumns] in 0.0496 seconds.
[FilterColumns] in 0.1300 seconds.
[FilterColumns] in 0.3297 seconds.
[FilterColumns] in 0.1219 seconds.
[FilterColumns] in 0.1101 seconds.
[FilterColumns] in 0.3274 seconds.
[FilterColumns] in 0.2222 seconds.
[FilterColumns] in 0.3073 seconds.
[FilterColumns] in 0.4066 seconds.
[FilterColumns] in 0.1868 seconds.
[FilterColumns] in 0.2371 seconds.
[FilterColumns] in 0.1778 seconds.
[FilterColumns] in 0.2701 seconds.
[FilterColumns] in 0.2418 seconds.
[FilterColumns] in 0.3283 seconds.
[FilterColumns] in 0.4469 seconds.
[FilterColumns] in 0.3884 seconds.
[FilterColumns] in 0.0990 seconds.
[FilterColumns] in 0.2129 seconds.
[FilterColumns] in 0.1693 seconds.
FilterColumns6 (rank 8): PE FilterColumns6 total idle time: 36.8333 seconds
PE FilterColumns6 total idle time: 36.8333 seconds
FilterColumns6 (rank 8): Processed 100 iterations.
[FilterColumns] in 0.4673 seconds.
[FilterColumns] in 0.2518 seconds.
[FilterColumns] in 0.4185 seconds.
[FilterColumns] in 0.1631 seconds.
[FilterColumns] in 0.5541 seconds.
[FilterColumns] in 0.1132 seconds.
[FilterColumns] in 0.5124 seconds.
[FilterColumns] in 0.1800 seconds.
[FilterColumns] in 0.2011 seconds.
[FilterColumns] in 0.3791 seconds.
[FilterColumns] in 0.5463 seconds.
[FilterColumns] in 0.0872 seconds.
[FilterColumns] in 0.3603 seconds.
[FilterColumns] in 0.2765 seconds.
[FilterColumns] in 0.1370 seconds.
[FilterColumns] in 0.3560 seconds.
[FilterColumns] in 0.1355 seconds.
[FilterColumns] in 0.3296 seconds.
[FilterColumns] in 0.1685 seconds.
[FilterColumns] in 0.2106 seconds.
[FilterColumns] in 0.2662 seconds.
[FilterColumns] in 0.3927 seconds.
[FilterColumns] in 0.1566 seconds.
[FilterColumns] in 0.3089 seconds.
[FilterColumns] in 0.2065 seconds.
[FilterColumns] in 0.1869 seconds.
[FilterColumns] in 0.3712 seconds.
[FilterColumns] in 0.2057 seconds.
[FilterColumns] in 0.1893 seconds.
[FilterColumns] in 0.2864 seconds.
[FilterColumns] in 0.1034 seconds.
[FilterColumns] in 0.2110 seconds.
[FilterColumns] in 0.3126 seconds.
[FilterColumns] in 0.0473 seconds.
[FilterColumns] in 0.1272 seconds.
[FilterColumns] in 0.2139 seconds.
[FilterColumns] in 0.3609 seconds.
[FilterColumns] in 0.6553 seconds.
[FilterColumns] in 0.1652 seconds.
[FilterColumns] in 0.0725 seconds.
[FilterColumns] in 0.0798 seconds.
[FilterColumns] in 0.1774 seconds.
[FilterColumns] in 0.5470 seconds.
[FilterColumns] in 0.0642 seconds.
[FilterColumns] in 0.2386 seconds.
[FilterColumns] in 0.3164 seconds.
[FilterColumns] in 0.1548 seconds.
[FilterColumns] in 0.3898 seconds.
[FilterColumns] in 0.4880 seconds.
[FilterColumns] in 0.0985 seconds.
[FilterColumns] in 0.3693 seconds.
[FilterColumns] in 0.3012 seconds.
[FilterColumns] in 0.2268 seconds.
[FilterColumns] in 0.1671 seconds.
[FilterColumns] in 0.4646 seconds.
[FilterColumns] in 0.1010 seconds.
[FilterColumns] in 0.1817 seconds.
[FilterColumns] in 0.3460 seconds.
[FilterColumns] in 0.2777 seconds.
[FilterColumns] in 0.4464 seconds.
[FilterColumns] in 0.1361 seconds.
[FilterColumns] in 0.4035 seconds.
[FilterColumns] in 0.3256 seconds.
[FilterColumns] in 0.2960 seconds.
[FilterColumns] in 0.1164 seconds.
[FilterColumns] in 0.3446 seconds.
[FilterColumns] in 0.1728 seconds.
[FilterColumns] in 0.8053 seconds.
[FilterColumns] in 0.1343 seconds.
[FilterColumns] in 0.1279 seconds.
[FilterColumns] in 0.3401 seconds.
[FilterColumns] in 0.0369 seconds.
[FilterColumns] in 0.1620 seconds.
[FilterColumns] in 0.2645 seconds.
[FilterColumns] in 0.2519 seconds.
[FilterColumns] in 0.0714 seconds.
[FilterColumns] in 0.4624 seconds.
[FilterColumns] in 0.5443 seconds.
[FilterColumns] in 0.2633 seconds.
[FilterColumns] in 0.0697 seconds.
[FilterColumns] in 0.0493 seconds.
[FilterColumns] in 0.1302 seconds.
[FilterColumns] in 0.3299 seconds.
[FilterColumns] in 0.1213 seconds.
[FilterColumns] in 0.1103 seconds.
[FilterColumns] in 0.3276 seconds.
[FilterColumns] in 0.2218 seconds.
[FilterColumns] in 0.3083 seconds.
[FilterColumns] in 0.4061 seconds.
[FilterColumns] in 0.1864 seconds.
[FilterColumns] in 0.2373 seconds.
[FilterColumns] in 0.1778 seconds.
[FilterColumns] in 0.2702 seconds.
[FilterColumns] in 0.2419 seconds.
[FilterColumns] in 0.3291 seconds.
[FilterColumns] in 0.4468 seconds.
[FilterColumns] in 0.3881 seconds.
[FilterColumns] in 0.0988 seconds.
[FilterColumns] in 0.2123 seconds.
[FilterColumns] in 0.1686 seconds.
FilterColumns6 (rank 7): PE FilterColumns6 total idle time: 36.8331 seconds
PE FilterColumns6 total idle time: 36.8331 seconds
FilterColumns6 (rank 7): Processed 100 iterations.
[FilterColumns] in 0.4695 seconds.
[FilterColumns] in 0.2532 seconds.
[FilterColumns] in 0.4190 seconds.
[FilterColumns] in 0.1622 seconds.
[FilterColumns] in 0.5530 seconds.
[FilterColumns] in 0.1141 seconds.
[FilterColumns] in 0.5129 seconds.
[FilterColumns] in 0.1800 seconds.
[FilterColumns] in 0.2008 seconds.
[FilterColumns] in 0.3790 seconds.
[FilterColumns] in 0.5468 seconds.
[FilterColumns] in 0.0879 seconds.
[FilterColumns] in 0.3605 seconds.
[FilterColumns] in 0.2766 seconds.
[FilterColumns] in 0.1371 seconds.
[FilterColumns] in 0.3563 seconds.
[FilterColumns] in 0.1353 seconds.
[FilterColumns] in 0.3296 seconds.
[FilterColumns] in 0.1684 seconds.
[FilterColumns] in 0.2105 seconds.
[FilterColumns] in 0.2660 seconds.
[FilterColumns] in 0.3930 seconds.
[FilterColumns] in 0.1562 seconds.
[FilterColumns] in 0.3080 seconds.
[FilterColumns] in 0.2063 seconds.
[FilterColumns] in 0.1868 seconds.
[FilterColumns] in 0.3710 seconds.
[FilterColumns] in 0.2065 seconds.
[FilterColumns] in 0.1896 seconds.
[FilterColumns] in 0.2866 seconds.
[FilterColumns] in 0.1034 seconds.
[FilterColumns] in 0.2109 seconds.
[FilterColumns] in 0.3128 seconds.
[FilterColumns] in 0.0469 seconds.
[FilterColumns] in 0.1267 seconds.
[FilterColumns] in 0.2138 seconds.
[FilterColumns] in 0.3615 seconds.
[FilterColumns] in 0.6556 seconds.
[FilterColumns] in 0.1651 seconds.
[FilterColumns] in 0.0723 seconds.
[FilterColumns] in 0.0797 seconds.
[FilterColumns] in 0.1772 seconds.
[FilterColumns] in 0.5468 seconds.
[FilterColumns] in 0.0645 seconds.
[FilterColumns] in 0.2384 seconds.
[FilterColumns] in 0.3165 seconds.
[FilterColumns] in 0.1548 seconds.
[FilterColumns] in 0.3898 seconds.
[FilterColumns] in 0.4877 seconds.
[FilterColumns] in 0.0982 seconds.
[FilterColumns] in 0.3694 seconds.
[FilterColumns] in 0.3014 seconds.
[FilterColumns] in 0.2267 seconds.
[FilterColumns] in 0.1671 seconds.
[FilterColumns] in 0.4650 seconds.
[FilterColumns] in 0.1005 seconds.
[FilterColumns] in 0.1820 seconds.
[FilterColumns] in 0.3462 seconds.
[FilterColumns] in 0.2773 seconds.
[FilterColumns] in 0.4468 seconds.
[FilterColumns] in 0.1353 seconds.
[FilterColumns] in 0.4038 seconds.
[FilterColumns] in 0.3256 seconds.
[FilterColumns] in 0.2961 seconds.
[FilterColumns] in 0.1169 seconds.
[FilterColumns] in 0.3450 seconds.
[FilterColumns] in 0.1724 seconds.
[FilterColumns] in 0.8049 seconds.
[FilterColumns] in 0.1343 seconds.
[FilterColumns] in 0.1279 seconds.
[FilterColumns] in 0.3398 seconds.
[FilterColumns] in 0.0367 seconds.
[FilterColumns] in 0.1622 seconds.
[FilterColumns] in 0.2646 seconds.
[FilterColumns] in 0.2521 seconds.
[FilterColumns] in 0.0715 seconds.
[FilterColumns] in 0.4630 seconds.
[FilterColumns] in 0.5446 seconds.
[FilterColumns] in 0.2635 seconds.
[FilterColumns] in 0.0703 seconds.
[FilterColumns] in 0.0500 seconds.
[FilterColumns] in 0.1300 seconds.
[FilterColumns] in 0.3299 seconds.
[FilterColumns] in 0.1219 seconds.
[FilterColumns] in 0.1109 seconds.
[FilterColumns] in 0.3271 seconds.
[FilterColumns] in 0.2221 seconds.
[FilterColumns] in 0.3077 seconds.
[FilterColumns] in 0.4067 seconds.
[FilterColumns] in 0.1874 seconds.
[FilterColumns] in 0.2374 seconds.
[FilterColumns] in 0.1777 seconds.
[FilterColumns] in 0.2703 seconds.
[FilterColumns] in 0.2414 seconds.
[FilterColumns] in 0.3287 seconds.
[FilterColumns] in 0.4461 seconds.
[FilterColumns] in 0.3884 seconds.
[FilterColumns] in 0.0993 seconds.
[FilterColumns] in 0.2127 seconds.
[FilterColumns] in 0.1688 seconds.
FilterColumns6 (rank 9): PE FilterColumns6 total idle time: 36.8228 seconds
PE FilterColumns6 total idle time: 36.8228 seconds
FilterColumns6 (rank 9): Processed 100 iterations.
[InternalExtinction] in 0.0003 seconds.
[InternalExtinction] in 0.0000 seconds.
[InternalExtinction] in 0.0000 seconds.
[InternalExtinction] in 0.0000 seconds.
[InternalExtinction] in 0.0000 seconds.
[InternalExtinction] in 0.0000 seconds.
[InternalExtinction] in 0.0000 seconds.
[InternalExtinction] in 0.0000 seconds.
[InternalExtinction] in 0.0000 seconds.
[InternalExtinction] in 0.0000 seconds.
[InternalExtinction] in 0.0000 seconds.
[InternalExtinction] in 0.0000 seconds.
[InternalExtinction] in 0.0000 seconds.
[InternalExtinction] in 0.0000 seconds.
[InternalExtinction] in 0.0000 seconds.
[InternalExtinction] in 0.0000 seconds.
[InternalExtinction] in 0.0001 seconds.
[InternalExtinction] in 0.0000 seconds.
[InternalExtinction] in 0.0000 seconds.
[InternalExtinction] in 0.0000 seconds.
[InternalExtinction] in 0.0000 seconds.
[InternalExtinction] in 0.0000 seconds.
[InternalExtinction] in 0.0001 seconds.
[InternalExtinction] in 0.0000 seconds.
[InternalExtinction] in 0.0000 seconds.
[InternalExtinction] in 0.0000 seconds.
[InternalExtinction] in 0.0000 seconds.
[InternalExtinction] in 0.0000 seconds.
[InternalExtinction] in 0.0000 seconds.
[InternalExtinction] in 0.0001 seconds.
[InternalExtinction] in 0.0000 seconds.
[InternalExtinction] in 0.0001 seconds.
[InternalExtinction] in 0.0000 seconds.
[InternalExtinction] in 0.0000 seconds.
[InternalExtinction] in 0.0000 seconds.
[InternalExtinction] in 0.0000 seconds.
[InternalExtinction] in 0.0000 seconds.
[InternalExtinction] in 0.0000 seconds.
[InternalExtinction] in 0.0000 seconds.
[InternalExtinction] in 0.0000 seconds.
[InternalExtinction] in 0.0000 seconds.
[InternalExtinction] in 0.0000 seconds.
[InternalExtinction] in 0.0000 seconds.
[InternalExtinction] in 0.0000 seconds.
[InternalExtinction] in 0.0000 seconds.
[InternalExtinction] in 0.0000 seconds.
[InternalExtinction] in 0.0000 seconds.
[InternalExtinction] in 0.0000 seconds.
[InternalExtinction] in 0.0000 seconds.
[InternalExtinction] in 0.0000 seconds.
[InternalExtinction] in 0.0000 seconds.
[InternalExtinction] in 0.0000 seconds.
[InternalExtinction] in 0.0000 seconds.
[InternalExtinction] in 0.0000 seconds.
[InternalExtinction] in 0.0000 seconds.
[InternalExtinction] in 0.0000 seconds.
[InternalExtinction] in 0.0000 seconds.
[InternalExtinction] in 0.0000 seconds.
[InternalExtinction] in 0.0000 seconds.
[InternalExtinction] in 0.0000 seconds.
[InternalExtinction] in 0.0000 seconds.
[InternalExtinction] in 0.0001 seconds.
[InternalExtinction] in 0.0000 seconds.
[InternalExtinction] in 0.0000 seconds.
[InternalExtinction] in 0.0000 seconds.
[InternalExtinction] in 0.0000 seconds.
[InternalExtinction] in 0.0000 seconds.
[InternalExtinction] in 0.0000 seconds.
[InternalExtinction] in 0.0000 seconds.
[InternalExtinction] in 0.0000 seconds.
[InternalExtinction] in 0.0000 seconds.
[InternalExtinction] in 0.0000 seconds.
[InternalExtinction] in 0.0000 seconds.
[InternalExtinction] in 0.0000 seconds.
[InternalExtinction] in 0.0000 seconds.
[InternalExtinction] in 0.0000 seconds.
[InternalExtinction] in 0.0000 seconds.
[InternalExtinction] in 0.0000 seconds.
[InternalExtinction] in 0.0000 seconds.
[InternalExtinction] in 0.0000 seconds.
[InternalExtinction] in 0.0000 seconds.
[InternalExtinction] in 0.0000 seconds.
[InternalExtinction] in 0.0000 seconds.
[InternalExtinction] in 0.0000 seconds.
[InternalExtinction] in 0.0000 seconds.
[InternalExtinction] in 0.0000 seconds.
[InternalExtinction] in 0.0000 seconds.
[InternalExtinction] in 0.0000 seconds.
[InternalExtinction] in 0.0000 seconds.
[InternalExtinction] in 0.0000 seconds.
[InternalExtinction] in 0.0000 seconds.
[InternalExtinction] in 0.0000 seconds.
[InternalExtinction] in 0.0000 seconds.
[InternalExtinction] in 0.0000 seconds.
[InternalExtinction] in 0.0000 seconds.
[InternalExtinction] in 0.0000 seconds.
[InternalExtinction] in 0.0000 seconds.
[InternalExtinction] in 0.0000 seconds.
[InternalExtinction] in 0.0000 seconds.
[InternalExtinction] in 0.0000 seconds.
InternalExtinction7 (rank 11): PE InternalExtinction7 total idle time: 63.2159 seconds
PE InternalExtinction7 total idle time: 63.2159 seconds
InternalExtinction7 (rank 11): Processed 100 iterations.
[InternalExtinction] in 0.0002 seconds.
[InternalExtinction] in 0.0001 seconds.
[InternalExtinction] in 0.0001 seconds.
[InternalExtinction] in 0.0000 seconds.
[InternalExtinction] in 0.0000 seconds.
[InternalExtinction] in 0.0000 seconds.
[InternalExtinction] in 0.0000 seconds.
[InternalExtinction] in 0.0000 seconds.
[InternalExtinction] in 0.0000 seconds.
[InternalExtinction] in 0.0000 seconds.
[InternalExtinction] in 0.0000 seconds.
[InternalExtinction] in 0.0000 seconds.
[InternalExtinction] in 0.0000 seconds.
[InternalExtinction] in 0.0000 seconds.
[InternalExtinction] in 0.0000 seconds.
[InternalExtinction] in 0.0000 seconds.
[InternalExtinction] in 0.0000 seconds.
[InternalExtinction] in 0.0000 seconds.
[InternalExtinction] in 0.0000 seconds.
[InternalExtinction] in 0.0000 seconds.
[InternalExtinction] in 0.0000 seconds.
[InternalExtinction] in 0.0000 seconds.
[InternalExtinction] in 0.0000 seconds.
[InternalExtinction] in 0.0001 seconds.
[InternalExtinction] in 0.0000 seconds.
[InternalExtinction] in 0.0000 seconds.
[InternalExtinction] in 0.0000 seconds.
[InternalExtinction] in 0.0000 seconds.
[InternalExtinction] in 0.0000 seconds.
[InternalExtinction] in 0.0000 seconds.
[InternalExtinction] in 0.0000 seconds.
[InternalExtinction] in 0.0001 seconds.
[InternalExtinction] in 0.0000 seconds.
[InternalExtinction] in 0.0000 seconds.
[InternalExtinction] in 0.0000 seconds.
[InternalExtinction] in 0.0000 seconds.
[InternalExtinction] in 0.0000 seconds.
[InternalExtinction] in 0.0000 seconds.
[InternalExtinction] in 0.0000 seconds.
[InternalExtinction] in 0.0000 seconds.
[InternalExtinction] in 0.0000 seconds.
[InternalExtinction] in 0.0000 seconds.
[InternalExtinction] in 0.0000 seconds.
[InternalExtinction] in 0.0000 seconds.
[InternalExtinction] in 0.0000 seconds.
[InternalExtinction] in 0.0000 seconds.
[InternalExtinction] in 0.0000 seconds.
[InternalExtinction] in 0.0000 seconds.
[InternalExtinction] in 0.0000 seconds.
[InternalExtinction] in 0.0000 seconds.
[InternalExtinction] in 0.0000 seconds.
[InternalExtinction] in 0.0000 seconds.
[InternalExtinction] in 0.0000 seconds.
[InternalExtinction] in 0.0000 seconds.
[InternalExtinction] in 0.0000 seconds.
[InternalExtinction] in 0.0000 seconds.
[InternalExtinction] in 0.0000 seconds.
[InternalExtinction] in 0.0000 seconds.
[InternalExtinction] in 0.0000 seconds.
[InternalExtinction] in 0.0000 seconds.
[InternalExtinction] in 0.0000 seconds.
[InternalExtinction] in 0.0001 seconds.
[InternalExtinction] in 0.0000 seconds.
[InternalExtinction] in 0.0000 seconds.
[InternalExtinction] in 0.0000 seconds.
[InternalExtinction] in 0.0001 seconds.
[InternalExtinction] in 0.0000 seconds.
[InternalExtinction] in 0.0000 seconds.
[InternalExtinction] in 0.0000 seconds.
[InternalExtinction] in 0.0000 seconds.
[InternalExtinction] in 0.0000 seconds.
[InternalExtinction] in 0.0000 seconds.
[InternalExtinction] in 0.0000 seconds.
[InternalExtinction] in 0.0000 seconds.
[InternalExtinction] in 0.0000 seconds.
[InternalExtinction] in 0.0000 seconds.
[InternalExtinction] in 0.0000 seconds.
[InternalExtinction] in 0.0000 seconds.
[InternalExtinction] in 0.0000 seconds.
[InternalExtinction] in 0.0000 seconds.
[InternalExtinction] in 0.0000 seconds.
[InternalExtinction] in 0.0000 seconds.
[InternalExtinction] in 0.0000 seconds.
[InternalExtinction] in 0.0000 seconds.
[InternalExtinction] in 0.0000 seconds.
[InternalExtinction] in 0.0000 seconds.
[InternalExtinction] in 0.0000 seconds.
[InternalExtinction] in 0.0000 seconds.
[InternalExtinction] in 0.0000 seconds.
[InternalExtinction] in 0.0000 seconds.
[InternalExtinction] in 0.0000 seconds.
[InternalExtinction] in 0.0000 seconds.
[InternalExtinction] in 0.0000 seconds.
[InternalExtinction] in 0.0000 seconds.
[InternalExtinction] in 0.0000 seconds.
[InternalExtinction] in 0.0000 seconds.
[InternalExtinction] in 0.0000 seconds.
[InternalExtinction] in 0.0000 seconds.
[InternalExtinction] in 0.0000 seconds.
[InternalExtinction] in 0.0000 seconds.
InternalExtinction7 (rank 15): PE InternalExtinction7 total idle time: 63.2114 seconds
PE InternalExtinction7 total idle time: 63.2114 seconds
InternalExtinction7 (rank 15): Processed 100 iterations.
[FilterColumns] in 0.4692 seconds.
[FilterColumns] in 0.2532 seconds.
[FilterColumns] in 0.4193 seconds.
[FilterColumns] in 0.1632 seconds.
[FilterColumns] in 0.5538 seconds.
[FilterColumns] in 0.1134 seconds.
[FilterColumns] in 0.5127 seconds.
[FilterColumns] in 0.1807 seconds.
[FilterColumns] in 0.2007 seconds.
[FilterColumns] in 0.3787 seconds.
[FilterColumns] in 0.5471 seconds.
[FilterColumns] in 0.0876 seconds.
[FilterColumns] in 0.3607 seconds.
[FilterColumns] in 0.2765 seconds.
[FilterColumns] in 0.1368 seconds.
[FilterColumns] in 0.3567 seconds.
[FilterColumns] in 0.1358 seconds.
[FilterColumns] in 0.3293 seconds.
[FilterColumns] in 0.1686 seconds.
[FilterColumns] in 0.2109 seconds.
[FilterColumns] in 0.2661 seconds.
[FilterColumns] in 0.3933 seconds.
[FilterColumns] in 0.1566 seconds.
[FilterColumns] in 0.3086 seconds.
[FilterColumns] in 0.2062 seconds.
[FilterColumns] in 0.1872 seconds.
[FilterColumns] in 0.3711 seconds.
[FilterColumns] in 0.2052 seconds.
[FilterColumns] in 0.1903 seconds.
[FilterColumns] in 0.2863 seconds.
[FilterColumns] in 0.1033 seconds.
[FilterColumns] in 0.2111 seconds.
[FilterColumns] in 0.3128 seconds.
[FilterColumns] in 0.0474 seconds.
[FilterColumns] in 0.1273 seconds.
[FilterColumns] in 0.2138 seconds.
[FilterColumns] in 0.3608 seconds.
[FilterColumns] in 0.6555 seconds.
[FilterColumns] in 0.1648 seconds.
[FilterColumns] in 0.0722 seconds.
[FilterColumns] in 0.0797 seconds.
[FilterColumns] in 0.1776 seconds.
[FilterColumns] in 0.5464 seconds.
[FilterColumns] in 0.0643 seconds.
[FilterColumns] in 0.2386 seconds.
[FilterColumns] in 0.3163 seconds.
[FilterColumns] in 0.1558 seconds.
[FilterColumns] in 0.3895 seconds.
[FilterColumns] in 0.4875 seconds.
[FilterColumns] in 0.0990 seconds.
[FilterColumns] in 0.3687 seconds.
[FilterColumns] in 0.3015 seconds.
[FilterColumns] in 0.2270 seconds.
[FilterColumns] in 0.1669 seconds.
[FilterColumns] in 0.4645 seconds.
[FilterColumns] in 0.1006 seconds.
[FilterColumns] in 0.1821 seconds.
[FilterColumns] in 0.3460 seconds.
[FilterColumns] in 0.2781 seconds.
[FilterColumns] in 0.4466 seconds.
[FilterColumns] in 0.1358 seconds.
[FilterColumns] in 0.4042 seconds.
[FilterColumns] in 0.3253 seconds.
[FilterColumns] in 0.2956 seconds.
[FilterColumns] in 0.1166 seconds.
[FilterColumns] in 0.3444 seconds.
[FilterColumns] in 0.1732 seconds.
[FilterColumns] in 0.8046 seconds.
[FilterColumns] in 0.1344 seconds.
[FilterColumns] in 0.1285 seconds.
[FilterColumns] in 0.3403 seconds.
[FilterColumns] in 0.0368 seconds.
[FilterColumns] in 0.1621 seconds.
[FilterColumns] in 0.2640 seconds.
[FilterColumns] in 0.2523 seconds.
[FilterColumns] in 0.0713 seconds.
[FilterColumns] in 0.4624 seconds.
[FilterColumns] in 0.5445 seconds.
[FilterColumns] in 0.2632 seconds.
[FilterColumns] in 0.0702 seconds.
[FilterColumns] in 0.0494 seconds.
[FilterColumns] in 0.1304 seconds.
[FilterColumns] in 0.3296 seconds.
[FilterColumns] in 0.1217 seconds.
[FilterColumns] in 0.1108 seconds.
[FilterColumns] in 0.3277 seconds.
[FilterColumns] in 0.2223 seconds.
[FilterColumns] in 0.3076 seconds.
[FilterColumns] in 0.4063 seconds.
[FilterColumns] in 0.1868 seconds.
[FilterColumns] in 0.2379 seconds.
[FilterColumns] in 0.1776 seconds.
[FilterColumns] in 0.2703 seconds.
[FilterColumns] in 0.2415 seconds.
[FilterColumns] in 0.3291 seconds.
[FilterColumns] in 0.4466 seconds.
[FilterColumns] in 0.3885 seconds.
[FilterColumns] in 0.0987 seconds.
[FilterColumns] in 0.2116 seconds.
[FilterColumns] in 0.1706 seconds.
FilterColumns6 (rank 6): PE FilterColumns6 total idle time: 36.9933 seconds
PE FilterColumns6 total idle time: 36.9933 seconds
FilterColumns6 (rank 6): Processed 100 iterations.
[InternalExtinction] in 0.0002 seconds.
[InternalExtinction] in 0.0000 seconds.
[InternalExtinction] in 0.0000 seconds.
[InternalExtinction] in 0.0000 seconds.
[InternalExtinction] in 0.0000 seconds.
[InternalExtinction] in 0.0000 seconds.
[InternalExtinction] in 0.0000 seconds.
[InternalExtinction] in 0.0000 seconds.
[InternalExtinction] in 0.0000 seconds.
[InternalExtinction] in 0.0000 seconds.
[InternalExtinction] in 0.0000 seconds.
[InternalExtinction] in 0.0000 seconds.
[InternalExtinction] in 0.0000 seconds.
[InternalExtinction] in 0.0000 seconds.
[InternalExtinction] in 0.0000 seconds.
[InternalExtinction] in 0.0000 seconds.
[InternalExtinction] in 0.0000 seconds.
[InternalExtinction] in 0.0001 seconds.
[InternalExtinction] in 0.0000 seconds.
[InternalExtinction] in 0.0000 seconds.
[InternalExtinction] in 0.0000 seconds.
[InternalExtinction] in 0.0000 seconds.
[InternalExtinction] in 0.0000 seconds.
[InternalExtinction] in 0.0000 seconds.
[InternalExtinction] in 0.0000 seconds.
[InternalExtinction] in 0.0000 seconds.
[InternalExtinction] in 0.0000 seconds.
[InternalExtinction] in 0.0000 seconds.
[InternalExtinction] in 0.0000 seconds.
[InternalExtinction] in 0.0000 seconds.
[InternalExtinction] in 0.0000 seconds.
[InternalExtinction] in 0.0000 seconds.
[InternalExtinction] in 0.0000 seconds.
[InternalExtinction] in 0.0000 seconds.
[InternalExtinction] in 0.0000 seconds.
[InternalExtinction] in 0.0000 seconds.
[InternalExtinction] in 0.0000 seconds.
[InternalExtinction] in 0.0000 seconds.
[InternalExtinction] in 0.0000 seconds.
[InternalExtinction] in 0.0000 seconds.
[InternalExtinction] in 0.0000 seconds.
[InternalExtinction] in 0.0000 seconds.
[InternalExtinction] in 0.0001 seconds.
[InternalExtinction] in 0.0000 seconds.
[InternalExtinction] in 0.0000 seconds.
[InternalExtinction] in 0.0000 seconds.
[InternalExtinction] in 0.0000 seconds.
[InternalExtinction] in 0.0000 seconds.
[InternalExtinction] in 0.0000 seconds.
[InternalExtinction] in 0.0000 seconds.
[InternalExtinction] in 0.0000 seconds.
[InternalExtinction] in 0.0000 seconds.
[InternalExtinction] in 0.0000 seconds.
[InternalExtinction] in 0.0000 seconds.
[InternalExtinction] in 0.0000 seconds.
[InternalExtinction] in 0.0000 seconds.
[InternalExtinction] in 0.0000 seconds.
[InternalExtinction] in 0.0000 seconds.
[InternalExtinction] in 0.0001 seconds.
[InternalExtinction] in 0.0000 seconds.
[InternalExtinction] in 0.0000 seconds.
[InternalExtinction] in 0.0000 seconds.
[InternalExtinction] in 0.0001 seconds.
[InternalExtinction] in 0.0000 seconds.
[InternalExtinction] in 0.0000 seconds.
[InternalExtinction] in 0.0000 seconds.
[InternalExtinction] in 0.0000 seconds.
[InternalExtinction] in 0.0000 seconds.
[InternalExtinction] in 0.0000 seconds.
[InternalExtinction] in 0.0000 seconds.
[InternalExtinction] in 0.0000 seconds.
[InternalExtinction] in 0.0000 seconds.
[InternalExtinction] in 0.0000 seconds.
[InternalExtinction] in 0.0000 seconds.
[InternalExtinction] in 0.0000 seconds.
[InternalExtinction] in 0.0000 seconds.
[InternalExtinction] in 0.0000 seconds.
[InternalExtinction] in 0.0000 seconds.
[InternalExtinction] in 0.0000 seconds.
[InternalExtinction] in 0.0000 seconds.
[InternalExtinction] in 0.0000 seconds.
[InternalExtinction] in 0.0000 seconds.
[InternalExtinction] in 0.0000 seconds.
[InternalExtinction] in 0.0000 seconds.
[InternalExtinction] in 0.0000 seconds.
[InternalExtinction] in 0.0000 seconds.
[InternalExtinction] in 0.0000 seconds.
[InternalExtinction] in 0.0000 seconds.
[InternalExtinction] in 0.0000 seconds.
[InternalExtinction] in 0.0000 seconds.
[InternalExtinction] in 0.0000 seconds.
[InternalExtinction] in 0.0000 seconds.
[InternalExtinction] in 0.0000 seconds.
[InternalExtinction] in 0.0000 seconds.
[InternalExtinction] in 0.0000 seconds.
[InternalExtinction] in 0.0000 seconds.
[InternalExtinction] in 0.0000 seconds.
[InternalExtinction] in 0.0000 seconds.
[InternalExtinction] in 0.0000 seconds.
[InternalExtinction] in 0.0000 seconds.
InternalExtinction7 (rank 13): PE InternalExtinction7 total idle time: 63.2145 seconds
PE InternalExtinction7 total idle time: 63.2145 seconds
InternalExtinction7 (rank 13): Processed 100 iterations.
[InternalExtinction] in 0.0002 seconds.
[InternalExtinction] in 0.0000 seconds.
[InternalExtinction] in 0.0000 seconds.
[InternalExtinction] in 0.0000 seconds.
[InternalExtinction] in 0.0000 seconds.
[InternalExtinction] in 0.0000 seconds.
[InternalExtinction] in 0.0000 seconds.
[InternalExtinction] in 0.0000 seconds.
[InternalExtinction] in 0.0000 seconds.
[InternalExtinction] in 0.0000 seconds.
[InternalExtinction] in 0.0000 seconds.
[InternalExtinction] in 0.0000 seconds.
[InternalExtinction] in 0.0000 seconds.
[InternalExtinction] in 0.0000 seconds.
[InternalExtinction] in 0.0000 seconds.
[InternalExtinction] in 0.0000 seconds.
[InternalExtinction] in 0.0000 seconds.
[InternalExtinction] in 0.0000 seconds.
[InternalExtinction] in 0.0000 seconds.
[InternalExtinction] in 0.0000 seconds.
[InternalExtinction] in 0.0001 seconds.
[InternalExtinction] in 0.0000 seconds.
[InternalExtinction] in 0.0000 seconds.
[InternalExtinction] in 0.0000 seconds.
[InternalExtinction] in 0.0001 seconds.
[InternalExtinction] in 0.0000 seconds.
[InternalExtinction] in 0.0000 seconds.
[InternalExtinction] in 0.0000 seconds.
[InternalExtinction] in 0.0000 seconds.
[InternalExtinction] in 0.0000 seconds.
[InternalExtinction] in 0.0000 seconds.
[InternalExtinction] in 0.0000 seconds.
[InternalExtinction] in 0.0000 seconds.
[InternalExtinction] in 0.0000 seconds.
[InternalExtinction] in 0.0000 seconds.
[InternalExtinction] in 0.0000 seconds.
[InternalExtinction] in 0.0000 seconds.
[InternalExtinction] in 0.0000 seconds.
[InternalExtinction] in 0.0000 seconds.
[InternalExtinction] in 0.0000 seconds.
[InternalExtinction] in 0.0000 seconds.
[InternalExtinction] in 0.0000 seconds.
[InternalExtinction] in 0.0000 seconds.
[InternalExtinction] in 0.0000 seconds.
[InternalExtinction] in 0.0000 seconds.
[InternalExtinction] in 0.0000 seconds.
[InternalExtinction] in 0.0000 seconds.
[InternalExtinction] in 0.0000 seconds.
[InternalExtinction] in 0.0000 seconds.
[InternalExtinction] in 0.0000 seconds.
[InternalExtinction] in 0.0000 seconds.
[InternalExtinction] in 0.0000 seconds.
[InternalExtinction] in 0.0000 seconds.
[InternalExtinction] in 0.0000 seconds.
[InternalExtinction] in 0.0000 seconds.
[InternalExtinction] in 0.0000 seconds.
[InternalExtinction] in 0.0000 seconds.
[InternalExtinction] in 0.0000 seconds.
[InternalExtinction] in 0.0000 seconds.
[InternalExtinction] in 0.0000 seconds.
[InternalExtinction] in 0.0001 seconds.
[InternalExtinction] in 0.0001 seconds.
[InternalExtinction] in 0.0000 seconds.
[InternalExtinction] in 0.0000 seconds.
[InternalExtinction] in 0.0000 seconds.
[InternalExtinction] in 0.0000 seconds.
[InternalExtinction] in 0.0000 seconds.
[InternalExtinction] in 0.0000 seconds.
[InternalExtinction] in 0.0000 seconds.
[InternalExtinction] in 0.0000 seconds.
[InternalExtinction] in 0.0000 seconds.
[InternalExtinction] in 0.0000 seconds.
[InternalExtinction] in 0.0000 seconds.
[InternalExtinction] in 0.0000 seconds.
[InternalExtinction] in 0.0000 seconds.
[InternalExtinction] in 0.0000 seconds.
[InternalExtinction] in 0.0000 seconds.
[InternalExtinction] in 0.0000 seconds.
[InternalExtinction] in 0.0001 seconds.
[InternalExtinction] in 0.0000 seconds.
[InternalExtinction] in 0.0000 seconds.
[InternalExtinction] in 0.0000 seconds.
[InternalExtinction] in 0.0000 seconds.
[InternalExtinction] in 0.0000 seconds.
[InternalExtinction] in 0.0000 seconds.
[InternalExtinction] in 0.0000 seconds.
[InternalExtinction] in 0.0000 seconds.
[InternalExtinction] in 0.0000 seconds.
[InternalExtinction] in 0.0000 seconds.
[InternalExtinction] in 0.0000 seconds.
[InternalExtinction] in 0.0000 seconds.
[InternalExtinction] in 0.0000 seconds.
[InternalExtinction] in 0.0000 seconds.
[InternalExtinction] in 0.0000 seconds.
[InternalExtinction] in 0.0000 seconds.
[InternalExtinction] in 0.0000 seconds.
[InternalExtinction] in 0.0000 seconds.
[InternalExtinction] in 0.0000 seconds.
[InternalExtinction] in 0.0000 seconds.
[InternalExtinction] in 0.0000 seconds.
InternalExtinction7 (rank 14): PE InternalExtinction7 total idle time: 63.2129 seconds
PE InternalExtinction7 total idle time: 63.2129 seconds
InternalExtinction7 (rank 14): Processed 100 iterations.
[InternalExtinction] in 0.0002 seconds.
[InternalExtinction] in 0.0000 seconds.
[InternalExtinction] in 0.0000 seconds.
[InternalExtinction] in 0.0000 seconds.
[InternalExtinction] in 0.0000 seconds.
[InternalExtinction] in 0.0000 seconds.
[InternalExtinction] in 0.0000 seconds.
[InternalExtinction] in 0.0000 seconds.
[InternalExtinction] in 0.0000 seconds.
[InternalExtinction] in 0.0000 seconds.
[InternalExtinction] in 0.0000 seconds.
[InternalExtinction] in 0.0000 seconds.
[InternalExtinction] in 0.0000 seconds.
[InternalExtinction] in 0.0000 seconds.
[InternalExtinction] in 0.0000 seconds.
[InternalExtinction] in 0.0000 seconds.
[InternalExtinction] in 0.0000 seconds.
[InternalExtinction] in 0.0000 seconds.
[InternalExtinction] in 0.0000 seconds.
[InternalExtinction] in 0.0000 seconds.
[InternalExtinction] in 0.0000 seconds.
[InternalExtinction] in 0.0000 seconds.
[InternalExtinction] in 0.0000 seconds.
[InternalExtinction] in 0.0000 seconds.
[InternalExtinction] in 0.0000 seconds.
[InternalExtinction] in 0.0000 seconds.
[InternalExtinction] in 0.0000 seconds.
[InternalExtinction] in 0.0000 seconds.
[InternalExtinction] in 0.0000 seconds.
[InternalExtinction] in 0.0000 seconds.
[InternalExtinction] in 0.0000 seconds.
[InternalExtinction] in 0.0000 seconds.
[InternalExtinction] in 0.0000 seconds.
[InternalExtinction] in 0.0000 seconds.
[InternalExtinction] in 0.0000 seconds.
[InternalExtinction] in 0.0000 seconds.
[InternalExtinction] in 0.0000 seconds.
[InternalExtinction] in 0.0000 seconds.
[InternalExtinction] in 0.0000 seconds.
[InternalExtinction] in 0.0000 seconds.
[InternalExtinction] in 0.0000 seconds.
[InternalExtinction] in 0.0000 seconds.
[InternalExtinction] in 0.0000 seconds.
[InternalExtinction] in 0.0000 seconds.
[InternalExtinction] in 0.0000 seconds.
[InternalExtinction] in 0.0000 seconds.
[InternalExtinction] in 0.0000 seconds.
[InternalExtinction] in 0.0000 seconds.
[InternalExtinction] in 0.0000 seconds.
[InternalExtinction] in 0.0000 seconds.
[InternalExtinction] in 0.0000 seconds.
[InternalExtinction] in 0.0000 seconds.
[InternalExtinction] in 0.0000 seconds.
[InternalExtinction] in 0.0000 seconds.
[InternalExtinction] in 0.0000 seconds.
[InternalExtinction] in 0.0000 seconds.
[InternalExtinction] in 0.0000 seconds.
[InternalExtinction] in 0.0000 seconds.
[InternalExtinction] in 0.0000 seconds.
[InternalExtinction] in 0.0000 seconds.
[InternalExtinction] in 0.0000 seconds.
[InternalExtinction] in 0.0000 seconds.
[InternalExtinction] in 0.0000 seconds.
[InternalExtinction] in 0.0000 seconds.
[InternalExtinction] in 0.0000 seconds.
[InternalExtinction] in 0.0000 seconds.
[InternalExtinction] in 0.0001 seconds.
[InternalExtinction] in 0.0000 seconds.
[InternalExtinction] in 0.0000 seconds.
[InternalExtinction] in 0.0000 seconds.
[InternalExtinction] in 0.0000 seconds.
[InternalExtinction] in 0.0000 seconds.
[InternalExtinction] in 0.0001 seconds.
[InternalExtinction] in 0.0000 seconds.
[InternalExtinction] in 0.0000 seconds.
[InternalExtinction] in 0.0000 seconds.
[InternalExtinction] in 0.0000 seconds.
[InternalExtinction] in 0.0000 seconds.
[InternalExtinction] in 0.0000 seconds.
[InternalExtinction] in 0.0000 seconds.
[InternalExtinction] in 0.0000 seconds.
[InternalExtinction] in 0.0000 seconds.
[InternalExtinction] in 0.0001 seconds.
[InternalExtinction] in 0.0000 seconds.
[InternalExtinction] in 0.0000 seconds.
[InternalExtinction] in 0.0000 seconds.
[InternalExtinction] in 0.0000 seconds.
[InternalExtinction] in 0.0000 seconds.
[InternalExtinction] in 0.0000 seconds.
[InternalExtinction] in 0.0000 seconds.
[InternalExtinction] in 0.0000 seconds.
[InternalExtinction] in 0.0000 seconds.
[InternalExtinction] in 0.0000 seconds.
[InternalExtinction] in 0.0000 seconds.
[InternalExtinction] in 0.0000 seconds.
[InternalExtinction] in 0.0000 seconds.
[InternalExtinction] in 0.0000 seconds.
[InternalExtinction] in 0.0000 seconds.
[InternalExtinction] in 0.0000 seconds.
[InternalExtinction] in 0.0000 seconds.
InternalExtinction7 (rank 12): PE InternalExtinction7 total idle time: 63.2156 seconds
PE InternalExtinction7 total idle time: 63.2156 seconds
InternalExtinction7 (rank 12): Processed 100 iterations.
NEW ELAPSED TIME: 63.24980
NEW ELAPSED TOTAL CPU TIME: 939.74044
