RUN ARGS: 
Namespace(attr=None, data='{"read" : [ {"input" : "cp_coordinates_500.txt"} ]}', file=None, iter=1, module='int_ext_graph_uniform.py', num=16, provenance=None, simple=False, target='multi')
==========
Processes: {'read4': range(0, 1), 'GetVOTable5': range(1, 6), 'FilterColumns6': range(6, 11), 'InternalExtinction7': range(11, 16)}
[ReadRaDec] in 0.0989 seconds.
read4 (rank 0): PE read4 total idle time: 0.0000 seconds
PE read4 total idle time: 0.0000 seconds
read4 (rank 0): Processed 1 iteration.
[GetVOTable] in 0.4218 seconds.
[GetVOTable] in 0.3008 seconds.
[GetVOTable] in 0.3343 seconds.
[GetVOTable] in 0.3745 seconds.
[GetVOTable] in 0.6041 seconds.
[GetVOTable] in 0.3489 seconds.
[GetVOTable] in 0.3466 seconds.
[GetVOTable] in 0.3586 seconds.
[GetVOTable] in 0.3282 seconds.
[GetVOTable] in 0.3126 seconds.
[GetVOTable] in 0.2762 seconds.
[GetVOTable] in 0.3308 seconds.
[GetVOTable] in 0.3770 seconds.
[GetVOTable] in 0.3203 seconds.
[GetVOTable] in 0.2604 seconds.
[GetVOTable] in 0.3049 seconds.
[GetVOTable] in 0.3025 seconds.
[GetVOTable] in 0.2911 seconds.
[GetVOTable] in 0.3012 seconds.
[GetVOTable] in 0.2692 seconds.
[GetVOTable] in 0.3429 seconds.
[GetVOTable] in 0.3295 seconds.
[GetVOTable] in 0.3243 seconds.
[GetVOTable] in 0.2779 seconds.
[GetVOTable] in 0.2472 seconds.
[GetVOTable] in 0.3142 seconds.
[GetVOTable] in 0.3188 seconds.
[GetVOTable] in 0.2932 seconds.
[GetVOTable] in 0.5104 seconds.
[GetVOTable] in 0.2707 seconds.
[GetVOTable] in 0.2740 seconds.
[GetVOTable] in 0.3145 seconds.
[GetVOTable] in 0.2650 seconds.
[GetVOTable] in 0.3787 seconds.
[GetVOTable] in 0.3452 seconds.
[GetVOTable] in 0.3550 seconds.
[GetVOTable] in 0.3204 seconds.
[GetVOTable] in 0.3311 seconds.
[GetVOTable] in 0.2873 seconds.
[GetVOTable] in 0.3221 seconds.
[GetVOTable] in 0.2994 seconds.
[GetVOTable] in 0.3292 seconds.
[GetVOTable] in 0.3152 seconds.
[GetVOTable] in 0.3215 seconds.
[GetVOTable] in 0.3946 seconds.
[GetVOTable] in 0.3097 seconds.
[GetVOTable] in 0.3598 seconds.
[GetVOTable] in 0.3419 seconds.
[GetVOTable] in 0.3789 seconds.
[GetVOTable] in 0.3515 seconds.
[GetVOTable] in 0.3069 seconds.
[GetVOTable] in 0.3634 seconds.
[GetVOTable] in 0.3035 seconds.
[GetVOTable] in 0.5075 seconds.
[GetVOTable] in 0.3650 seconds.
[GetVOTable] in 0.3610 seconds.
[GetVOTable] in 0.3831 seconds.
[GetVOTable] in 0.3854 seconds.
[GetVOTable] in 0.3544 seconds.
[GetVOTable] in 0.4306 seconds.
[GetVOTable] in 0.3875 seconds.
[GetVOTable] in 0.3354 seconds.
[GetVOTable] in 0.4004 seconds.
[GetVOTable] in 0.3651 seconds.
[GetVOTable] in 0.3627 seconds.
[GetVOTable] in 0.3431 seconds.
[GetVOTable] in 0.3775 seconds.
[GetVOTable] in 0.3684 seconds.
[GetVOTable] in 0.4154 seconds.
[GetVOTable] in 0.2518 seconds.
[GetVOTable] in 0.3235 seconds.
[GetVOTable] in 0.3295 seconds.
[GetVOTable] in 0.3394 seconds.
[GetVOTable] in 0.3060 seconds.
[GetVOTable] in 0.3205 seconds.
[GetVOTable] in 0.3091 seconds.
[GetVOTable] in 0.2936 seconds.
[GetVOTable] in 0.3412 seconds.
[GetVOTable] in 0.2967 seconds.
[GetVOTable] in 0.3286 seconds.
[GetVOTable] in 0.3135 seconds.
[GetVOTable] in 0.3123 seconds.
[GetVOTable] in 0.2983 seconds.
[GetVOTable] in 0.3073 seconds.
[GetVOTable] in 0.3124 seconds.
[GetVOTable] in 0.3274 seconds.
[GetVOTable] in 0.6293 seconds.
[GetVOTable] in 0.3124 seconds.
[GetVOTable] in 0.4126 seconds.
[GetVOTable] in 0.3776 seconds.
[GetVOTable] in 0.3652 seconds.
[GetVOTable] in 0.3362 seconds.
[GetVOTable] in 0.2816 seconds.
[GetVOTable] in 0.3082 seconds.
[GetVOTable] in 0.3431 seconds.
[GetVOTable] in 0.3207 seconds.
[GetVOTable] in 0.2894 seconds.
[GetVOTable] in 0.3164 seconds.
[GetVOTable] in 0.3397 seconds.
[GetVOTable] in 0.4385 seconds.
GetVOTable5 (rank 2): PE GetVOTable5 total idle time: 0.0949 seconds
PE GetVOTable5 total idle time: 0.0949 seconds
GetVOTable5 (rank 2): Processed 100 iterations.
[GetVOTable] in 0.7495 seconds.
[GetVOTable] in 0.3058 seconds.
[GetVOTable] in 0.3030 seconds.
[GetVOTable] in 0.3638 seconds.
[GetVOTable] in 0.4223 seconds.
[GetVOTable] in 0.3430 seconds.
[GetVOTable] in 0.3448 seconds.
[GetVOTable] in 0.3359 seconds.
[GetVOTable] in 0.3131 seconds.
[GetVOTable] in 0.3075 seconds.
[GetVOTable] in 0.3516 seconds.
[GetVOTable] in 0.3075 seconds.
[GetVOTable] in 0.3111 seconds.
[GetVOTable] in 0.2979 seconds.
[GetVOTable] in 0.3444 seconds.
[GetVOTable] in 0.2960 seconds.
[GetVOTable] in 0.2859 seconds.
[GetVOTable] in 0.2940 seconds.
[GetVOTable] in 0.3099 seconds.
[GetVOTable] in 0.3893 seconds.
[GetVOTable] in 0.3060 seconds.
[GetVOTable] in 0.2900 seconds.
[GetVOTable] in 0.2729 seconds.
[GetVOTable] in 0.2690 seconds.
[GetVOTable] in 0.2900 seconds.
[GetVOTable] in 0.2910 seconds.
[GetVOTable] in 0.3019 seconds.
[GetVOTable] in 0.7752 seconds.
[GetVOTable] in 0.2855 seconds.
[GetVOTable] in 0.3007 seconds.
[GetVOTable] in 0.2745 seconds.
[GetVOTable] in 0.2881 seconds.
[GetVOTable] in 0.2723 seconds.
[GetVOTable] in 0.3277 seconds.
[GetVOTable] in 0.3125 seconds.
[GetVOTable] in 0.3799 seconds.
[GetVOTable] in 0.3500 seconds.
[GetVOTable] in 0.2491 seconds.
[GetVOTable] in 0.3904 seconds.
[GetVOTable] in 0.3159 seconds.
[GetVOTable] in 0.3141 seconds.
[GetVOTable] in 0.2987 seconds.
[GetVOTable] in 0.3068 seconds.
[GetVOTable] in 0.2971 seconds.
[GetVOTable] in 0.3619 seconds.
[GetVOTable] in 0.3480 seconds.
[GetVOTable] in 0.3035 seconds.
[GetVOTable] in 0.3941 seconds.
[GetVOTable] in 0.4171 seconds.
[GetVOTable] in 0.4130 seconds.
[GetVOTable] in 0.3355 seconds.
[GetVOTable] in 0.3729 seconds.
[GetVOTable] in 0.3689 seconds.
[GetVOTable] in 0.3533 seconds.
[GetVOTable] in 0.3327 seconds.
[GetVOTable] in 0.3628 seconds.
[GetVOTable] in 0.5592 seconds.
[GetVOTable] in 0.4655 seconds.
[GetVOTable] in 0.3646 seconds.
[GetVOTable] in 0.3558 seconds.
[GetVOTable] in 0.3958 seconds.
[GetVOTable] in 0.3424 seconds.
[GetVOTable] in 0.3856 seconds.
[GetVOTable] in 0.3598 seconds.
[GetVOTable] in 0.3915 seconds.
[GetVOTable] in 0.3914 seconds.
[GetVOTable] in 0.4023 seconds.
[GetVOTable] in 0.3129 seconds.
[GetVOTable] in 0.3378 seconds.
[GetVOTable] in 0.3129 seconds.
[GetVOTable] in 0.3353 seconds.
[GetVOTable] in 0.3360 seconds.
[GetVOTable] in 0.3098 seconds.
[GetVOTable] in 0.3692 seconds.
[GetVOTable] in 0.3052 seconds.
[GetVOTable] in 0.2922 seconds.
[GetVOTable] in 0.3066 seconds.
[GetVOTable] in 0.3400 seconds.
[GetVOTable] in 0.3401 seconds.
[GetVOTable] in 0.3087 seconds.
[GetVOTable] in 0.2852 seconds.
[GetVOTable] in 0.3263 seconds.
[GetVOTable] in 0.2967 seconds.
[GetVOTable] in 0.3309 seconds.
[GetVOTable] in 0.3433 seconds.
[GetVOTable] in 0.2878 seconds.
[GetVOTable] in 0.3179 seconds.
[GetVOTable] in 0.3377 seconds.
[GetVOTable] in 0.3053 seconds.
[GetVOTable] in 0.2977 seconds.
[GetVOTable] in 0.3818 seconds.
[GetVOTable] in 0.3544 seconds.
[GetVOTable] in 0.3330 seconds.
[GetVOTable] in 0.5181 seconds.
[GetVOTable] in 0.3769 seconds.
[GetVOTable] in 0.3280 seconds.
[GetVOTable] in 0.3619 seconds.
[GetVOTable] in 0.3160 seconds.
[GetVOTable] in 0.3039 seconds.
[GetVOTable] in 0.2988 seconds.
GetVOTable5 (rank 5): PE GetVOTable5 total idle time: 0.0903 seconds
PE GetVOTable5 total idle time: 0.0903 seconds
GetVOTable5 (rank 5): Processed 100 iterations.
[GetVOTable] in 0.3973 seconds.
[GetVOTable] in 0.3498 seconds.
[GetVOTable] in 0.2936 seconds.
[GetVOTable] in 0.3374 seconds.
[GetVOTable] in 0.4736 seconds.
[GetVOTable] in 0.3222 seconds.
[GetVOTable] in 0.3454 seconds.
[GetVOTable] in 0.3267 seconds.
[GetVOTable] in 0.3535 seconds.
[GetVOTable] in 0.3575 seconds.
[GetVOTable] in 0.2957 seconds.
[GetVOTable] in 0.3474 seconds.
[GetVOTable] in 0.3102 seconds.
[GetVOTable] in 0.5718 seconds.
[GetVOTable] in 0.2912 seconds.
[GetVOTable] in 0.3090 seconds.
[GetVOTable] in 0.3102 seconds.
[GetVOTable] in 0.8514 seconds.
[GetVOTable] in 0.3142 seconds.
[GetVOTable] in 0.3084 seconds.
[GetVOTable] in 0.2890 seconds.
[GetVOTable] in 0.2589 seconds.
[GetVOTable] in 0.2816 seconds.
[GetVOTable] in 0.2860 seconds.
[GetVOTable] in 0.3080 seconds.
[GetVOTable] in 0.3336 seconds.
[GetVOTable] in 0.2970 seconds.
[GetVOTable] in 0.2846 seconds.
[GetVOTable] in 0.3182 seconds.
[GetVOTable] in 0.3058 seconds.
[GetVOTable] in 0.3114 seconds.
[GetVOTable] in 0.2859 seconds.
[GetVOTable] in 0.3353 seconds.
[GetVOTable] in 0.3569 seconds.
[GetVOTable] in 0.3490 seconds.
[GetVOTable] in 0.3477 seconds.
[GetVOTable] in 0.2987 seconds.
[GetVOTable] in 0.2532 seconds.
[GetVOTable] in 0.3102 seconds.
[GetVOTable] in 0.3098 seconds.
[GetVOTable] in 0.3043 seconds.
[GetVOTable] in 0.3212 seconds.
[GetVOTable] in 0.5924 seconds.
[GetVOTable] in 0.3321 seconds.
[GetVOTable] in 0.3445 seconds.
[GetVOTable] in 0.3610 seconds.
[GetVOTable] in 0.3837 seconds.
[GetVOTable] in 0.3386 seconds.
[GetVOTable] in 0.3521 seconds.
[GetVOTable] in 0.3268 seconds.
[GetVOTable] in 0.3278 seconds.
[GetVOTable] in 0.3211 seconds.
[GetVOTable] in 0.3140 seconds.
[GetVOTable] in 0.4180 seconds.
[GetVOTable] in 0.3892 seconds.
[GetVOTable] in 0.4651 seconds.
[GetVOTable] in 0.4418 seconds.
[GetVOTable] in 0.4368 seconds.
[GetVOTable] in 0.3967 seconds.
[GetVOTable] in 0.3482 seconds.
[GetVOTable] in 0.4229 seconds.
[GetVOTable] in 0.3174 seconds.
[GetVOTable] in 0.3736 seconds.
[GetVOTable] in 0.5346 seconds.
[GetVOTable] in 0.3533 seconds.
[GetVOTable] in 0.3812 seconds.
[GetVOTable] in 0.3132 seconds.
[GetVOTable] in 0.3149 seconds.
[GetVOTable] in 0.3138 seconds.
[GetVOTable] in 0.3452 seconds.
[GetVOTable] in 0.4576 seconds.
[GetVOTable] in 0.3190 seconds.
[GetVOTable] in 0.3196 seconds.
[GetVOTable] in 0.3340 seconds.
[GetVOTable] in 0.2933 seconds.
[GetVOTable] in 0.3266 seconds.
[GetVOTable] in 0.2949 seconds.
[GetVOTable] in 0.2937 seconds.
[GetVOTable] in 0.3131 seconds.
[GetVOTable] in 0.3127 seconds.
[GetVOTable] in 0.2893 seconds.
[GetVOTable] in 0.3128 seconds.
[GetVOTable] in 0.3209 seconds.
[GetVOTable] in 0.3262 seconds.
[GetVOTable] in 0.3383 seconds.
[GetVOTable] in 0.3170 seconds.
[GetVOTable] in 0.4152 seconds.
[GetVOTable] in 0.3836 seconds.
[GetVOTable] in 0.3498 seconds.
[GetVOTable] in 0.3406 seconds.
[GetVOTable] in 0.3151 seconds.
[GetVOTable] in 0.3182 seconds.
[GetVOTable] in 0.3175 seconds.
[GetVOTable] in 0.3438 seconds.
[GetVOTable] in 0.2907 seconds.
[GetVOTable] in 0.3207 seconds.
[GetVOTable] in 0.3285 seconds.
[GetVOTable] in 0.3387 seconds.
[GetVOTable] in 0.3178 seconds.
[GetVOTable] in 0.3019 seconds.
GetVOTable5 (rank 1): PE GetVOTable5 total idle time: 0.0957 seconds
PE GetVOTable5 total idle time: 0.0957 seconds
GetVOTable5 (rank 1): Processed 100 iterations.
[GetVOTable] in 0.4333 seconds.
[GetVOTable] in 0.3072 seconds.
[GetVOTable] in 0.3405 seconds.
[GetVOTable] in 0.3023 seconds.
[GetVOTable] in 0.4006 seconds.
[GetVOTable] in 0.4007 seconds.
[GetVOTable] in 0.3350 seconds.
[GetVOTable] in 0.3103 seconds.
[GetVOTable] in 0.3524 seconds.
[GetVOTable] in 0.3371 seconds.
[GetVOTable] in 0.3223 seconds.
[GetVOTable] in 0.3627 seconds.
[GetVOTable] in 0.3290 seconds.
[GetVOTable] in 0.3344 seconds.
[GetVOTable] in 0.5203 seconds.
[GetVOTable] in 0.3061 seconds.
[GetVOTable] in 0.2809 seconds.
[GetVOTable] in 0.2774 seconds.
[GetVOTable] in 0.3025 seconds.
[GetVOTable] in 0.3555 seconds.
[GetVOTable] in 0.3112 seconds.
[GetVOTable] in 0.3073 seconds.
[GetVOTable] in 0.2778 seconds.
[GetVOTable] in 0.3251 seconds.
[GetVOTable] in 0.3128 seconds.
[GetVOTable] in 0.2900 seconds.
[GetVOTable] in 0.7885 seconds.
[GetVOTable] in 0.2823 seconds.
[GetVOTable] in 0.3117 seconds.
[GetVOTable] in 0.3067 seconds.
[GetVOTable] in 0.3005 seconds.
[GetVOTable] in 0.3020 seconds.
[GetVOTable] in 0.3059 seconds.
[GetVOTable] in 0.3421 seconds.
[GetVOTable] in 0.3046 seconds.
[GetVOTable] in 0.3301 seconds.
[GetVOTable] in 0.3269 seconds.
[GetVOTable] in 0.3109 seconds.
[GetVOTable] in 0.3533 seconds.
[GetVOTable] in 0.3524 seconds.
[GetVOTable] in 0.3003 seconds.
[GetVOTable] in 0.2991 seconds.
[GetVOTable] in 0.3595 seconds.
[GetVOTable] in 0.3297 seconds.
[GetVOTable] in 0.4500 seconds.
[GetVOTable] in 0.3786 seconds.
[GetVOTable] in 0.5587 seconds.
[GetVOTable] in 0.3543 seconds.
[GetVOTable] in 0.3053 seconds.
[GetVOTable] in 0.3616 seconds.
[GetVOTable] in 0.3329 seconds.
[GetVOTable] in 0.4056 seconds.
[GetVOTable] in 0.3603 seconds.
[GetVOTable] in 0.3814 seconds.
[GetVOTable] in 0.3804 seconds.
[GetVOTable] in 0.4525 seconds.
[GetVOTable] in 0.3921 seconds.
[GetVOTable] in 1.1804 seconds.
[GetVOTable] in 0.3793 seconds.
[GetVOTable] in 0.3596 seconds.
[GetVOTable] in 0.6131 seconds.
[GetVOTable] in 0.3341 seconds.
[GetVOTable] in 0.3706 seconds.
[GetVOTable] in 0.3833 seconds.
[GetVOTable] in 0.3436 seconds.
[GetVOTable] in 0.3000 seconds.
[GetVOTable] in 0.3216 seconds.
[GetVOTable] in 0.3047 seconds.
[GetVOTable] in 0.3124 seconds.
[GetVOTable] in 0.3282 seconds.
[GetVOTable] in 0.2944 seconds.
[GetVOTable] in 0.3466 seconds.
[GetVOTable] in 0.3207 seconds.
[GetVOTable] in 0.2988 seconds.
[GetVOTable] in 0.3093 seconds.
[GetVOTable] in 0.3699 seconds.
[GetVOTable] in 0.3117 seconds.
[GetVOTable] in 0.2891 seconds.
[GetVOTable] in 0.3100 seconds.
[GetVOTable] in 0.3282 seconds.
[GetVOTable] in 0.4321 seconds.
[GetVOTable] in 0.3376 seconds.
[GetVOTable] in 0.3455 seconds.
[GetVOTable] in 0.3579 seconds.
[GetVOTable] in 0.3073 seconds.
[GetVOTable] in 0.3259 seconds.
[GetVOTable] in 0.3500 seconds.
[GetVOTable] in 0.3688 seconds.
[GetVOTable] in 0.3140 seconds.
[GetVOTable] in 0.4358 seconds.
[GetVOTable] in 0.3392 seconds.
[GetVOTable] in 0.3075 seconds.
[GetVOTable] in 0.4179 seconds.
[GetVOTable] in 0.3141 seconds.
[GetVOTable] in 0.3338 seconds.
[GetVOTable] in 0.5861 seconds.
[GetVOTable] in 0.3668 seconds.
[GetVOTable] in 0.3083 seconds.
[GetVOTable] in 0.3309 seconds.
[GetVOTable] in 0.3215 seconds.
GetVOTable5 (rank 3): PE GetVOTable5 total idle time: 0.0930 seconds
PE GetVOTable5 total idle time: 0.0930 seconds
GetVOTable5 (rank 3): Processed 100 iterations.
[GetVOTable] in 0.3707 seconds.
[GetVOTable] in 0.8515 seconds.
[GetVOTable] in 0.3491 seconds.
[GetVOTable] in 0.4900 seconds.
[GetVOTable] in 0.3790 seconds.
[GetVOTable] in 0.3537 seconds.
[GetVOTable] in 0.3272 seconds.
[GetVOTable] in 0.3525 seconds.
[GetVOTable] in 0.2639 seconds.
[GetVOTable] in 0.3247 seconds.
[GetVOTable] in 0.2946 seconds.
[GetVOTable] in 0.3511 seconds.
[GetVOTable] in 0.3247 seconds.
[GetVOTable] in 0.2992 seconds.
[GetVOTable] in 0.3229 seconds.
[GetVOTable] in 0.3193 seconds.
[GetVOTable] in 0.3325 seconds.
[GetVOTable] in 0.2696 seconds.
[GetVOTable] in 0.3914 seconds.
[GetVOTable] in 0.3211 seconds.
[GetVOTable] in 0.3141 seconds.
[GetVOTable] in 0.3484 seconds.
[GetVOTable] in 0.7101 seconds.
[GetVOTable] in 0.3612 seconds.
[GetVOTable] in 0.3515 seconds.
[GetVOTable] in 0.6570 seconds.
[GetVOTable] in 0.3318 seconds.
[GetVOTable] in 0.2739 seconds.
[GetVOTable] in 0.3109 seconds.
[GetVOTable] in 0.3223 seconds.
[GetVOTable] in 0.3265 seconds.
[GetVOTable] in 0.3328 seconds.
[GetVOTable] in 0.3669 seconds.
[GetVOTable] in 0.3262 seconds.
[GetVOTable] in 0.2745 seconds.
[GetVOTable] in 0.3111 seconds.
[GetVOTable] in 0.3219 seconds.
[GetVOTable] in 0.3163 seconds.
[GetVOTable] in 0.3179 seconds.
[GetVOTable] in 0.7916 seconds.
[GetVOTable] in 0.4342 seconds.
[GetVOTable] in 0.3059 seconds.
[GetVOTable] in 0.3663 seconds.
[GetVOTable] in 0.3564 seconds.
[GetVOTable] in 0.3350 seconds.
[GetVOTable] in 0.3659 seconds.
[GetVOTable] in 0.3576 seconds.
[GetVOTable] in 0.3611 seconds.
[GetVOTable] in 0.3379 seconds.
[GetVOTable] in 0.3659 seconds.
[GetVOTable] in 0.3596 seconds.
[GetVOTable] in 0.3815 seconds.
[GetVOTable] in 0.3966 seconds.
[GetVOTable] in 0.3747 seconds.
[GetVOTable] in 0.3814 seconds.
[GetVOTable] in 0.3527 seconds.
[GetVOTable] in 0.3437 seconds.
[GetVOTable] in 0.3328 seconds.
[GetVOTable] in 0.3836 seconds.
[GetVOTable] in 0.3657 seconds.
[GetVOTable] in 0.3502 seconds.
[GetVOTable] in 0.3806 seconds.
[GetVOTable] in 0.3575 seconds.
[GetVOTable] in 0.3934 seconds.
[GetVOTable] in 0.2939 seconds.
[GetVOTable] in 0.2930 seconds.
[GetVOTable] in 0.3225 seconds.
[GetVOTable] in 0.3317 seconds.
[GetVOTable] in 0.8029 seconds.
[GetVOTable] in 0.3430 seconds.
[GetVOTable] in 0.3151 seconds.
[GetVOTable] in 0.3273 seconds.
[GetVOTable] in 0.3897 seconds.
[GetVOTable] in 0.3216 seconds.
[GetVOTable] in 0.7926 seconds.
[GetVOTable] in 0.3110 seconds.
[GetVOTable] in 0.3175 seconds.
[GetVOTable] in 0.3058 seconds.
[GetVOTable] in 0.3245 seconds.
[GetVOTable] in 0.2842 seconds.
[GetVOTable] in 0.3315 seconds.
[GetVOTable] in 0.3216 seconds.
[GetVOTable] in 0.3618 seconds.
[GetVOTable] in 0.3643 seconds.
[GetVOTable] in 0.3508 seconds.
[GetVOTable] in 0.3038 seconds.
[GetVOTable] in 0.3239 seconds.
[GetVOTable] in 0.3129 seconds.
[GetVOTable] in 0.3191 seconds.
[GetVOTable] in 0.2958 seconds.
[GetVOTable] in 0.3131 seconds.
[GetVOTable] in 0.3120 seconds.
[GetVOTable] in 0.2777 seconds.
[GetVOTable] in 0.3066 seconds.
[GetVOTable] in 0.3274 seconds.
[GetVOTable] in 0.2991 seconds.
[GetVOTable] in 0.2995 seconds.
[GetVOTable] in 0.3111 seconds.
[GetVOTable] in 0.3404 seconds.
[GetVOTable] in 0.3315 seconds.
GetVOTable5 (rank 4): PE GetVOTable5 total idle time: 0.0919 seconds
PE GetVOTable5 total idle time: 0.0919 seconds
GetVOTable5 (rank 4): Processed 100 iterations.
[FilterColumns] in 0.7925 seconds.
[FilterColumns] in 0.0029 seconds.
[FilterColumns] in 0.0025 seconds.
[FilterColumns] in 0.0028 seconds.
[FilterColumns] in 0.0028 seconds.
[FilterColumns] in 0.0025 seconds.
[FilterColumns] in 0.0026 seconds.
[FilterColumns] in 0.0026 seconds.
[FilterColumns] in 0.0024 seconds.
[FilterColumns] in 0.0026 seconds.
[FilterColumns] in 0.0025 seconds.
[FilterColumns] in 0.0024 seconds.
[FilterColumns] in 0.0025 seconds.
[FilterColumns] in 0.0027 seconds.
[FilterColumns] in 0.0024 seconds.
[FilterColumns] in 0.0025 seconds.
[FilterColumns] in 0.0029 seconds.
[FilterColumns] in 0.0026 seconds.
[FilterColumns] in 0.0030 seconds.
[FilterColumns] in 0.0026 seconds.
[FilterColumns] in 0.0024 seconds.
[FilterColumns] in 0.0029 seconds.
[FilterColumns] in 0.0027 seconds.
[FilterColumns] in 0.0022 seconds.
[FilterColumns] in 0.0025 seconds.
[FilterColumns] in 0.0029 seconds.
[FilterColumns] in 0.0022 seconds.
[FilterColumns] in 0.0026 seconds.
[FilterColumns] in 0.0032 seconds.
[FilterColumns] in 0.0026 seconds.
[FilterColumns] in 0.0027 seconds.
[FilterColumns] in 0.0025 seconds.
[FilterColumns] in 0.0027 seconds.
[FilterColumns] in 0.0024 seconds.
[FilterColumns] in 0.0027 seconds.
[FilterColumns] in 0.0024 seconds.
[FilterColumns] in 0.0021 seconds.
[FilterColumns] in 0.0024 seconds.
[FilterColumns] in 0.0027 seconds.
[FilterColumns] in 0.0025 seconds.
[FilterColumns] in 0.0026 seconds.
[FilterColumns] in 0.0026 seconds.
[FilterColumns] in 0.0026 seconds.
[FilterColumns] in 0.0026 seconds.
[FilterColumns] in 0.0027 seconds.
[FilterColumns] in 0.0027 seconds.
[FilterColumns] in 0.0026 seconds.
[FilterColumns] in 0.0024 seconds.
[FilterColumns] in 0.0027 seconds.
[FilterColumns] in 0.0024 seconds.
[FilterColumns] in 0.0024 seconds.
[FilterColumns] in 0.0029 seconds.
[FilterColumns] in 0.0025 seconds.
[FilterColumns] in 0.0022 seconds.
[FilterColumns] in 0.0031 seconds.
[FilterColumns] in 0.0021 seconds.
[FilterColumns] in 0.0023 seconds.
[FilterColumns] in 0.0026 seconds.
[FilterColumns] in 0.0025 seconds.
[FilterColumns] in 0.0027 seconds.
[FilterColumns] in 0.0024 seconds.
[FilterColumns] in 0.0026 seconds.
[FilterColumns] in 0.0023 seconds.
[FilterColumns] in 0.0037 seconds.
[FilterColumns] in 0.0026 seconds.
[FilterColumns] in 0.0026 seconds.
[FilterColumns] in 0.0027 seconds.
[FilterColumns] in 0.0024 seconds.
[FilterColumns] in 0.0024 seconds.
[FilterColumns] in 0.0029 seconds.
[FilterColumns] in 0.0023 seconds.
[FilterColumns] in 0.0024 seconds.
[FilterColumns] in 0.0026 seconds.
[FilterColumns] in 0.0022 seconds.
[FilterColumns] in 0.0024 seconds.
[FilterColumns] in 0.0027 seconds.
[FilterColumns] in 0.0023 seconds.
[FilterColumns] in 0.0023 seconds.
[FilterColumns] in 0.0027 seconds.
[FilterColumns] in 0.0024 seconds.
[FilterColumns] in 0.0024 seconds.
[FilterColumns] in 0.0024 seconds.
[FilterColumns] in 0.0024 seconds.
[FilterColumns] in 0.0025 seconds.
[FilterColumns] in 0.0026 seconds.
[FilterColumns] in 0.0024 seconds.
[FilterColumns] in 0.0020 seconds.
[FilterColumns] in 0.0029 seconds.
[FilterColumns] in 0.0023 seconds.
[FilterColumns] in 0.0025 seconds.
[FilterColumns] in 0.0026 seconds.
[FilterColumns] in 0.0023 seconds.
[FilterColumns] in 0.0024 seconds.
[FilterColumns] in 0.0026 seconds.
[FilterColumns] in 0.0026 seconds.
[FilterColumns] in 0.0024 seconds.
[FilterColumns] in 0.0027 seconds.
[FilterColumns] in 0.0026 seconds.
[FilterColumns] in 0.0032 seconds.
[FilterColumns] in 0.0026 seconds.
FilterColumns6 (rank 7): PE FilterColumns6 total idle time: 35.2171 seconds
PE FilterColumns6 total idle time: 35.2171 seconds
FilterColumns6 (rank 7): Processed 100 iterations.
[FilterColumns] in 0.8430 seconds.
[FilterColumns] in 0.0029 seconds.
[FilterColumns] in 0.0019 seconds.
[FilterColumns] in 0.0028 seconds.
[FilterColumns] in 0.0029 seconds.
[FilterColumns] in 0.0024 seconds.
[FilterColumns] in 0.0027 seconds.
[FilterColumns] in 0.0024 seconds.
[FilterColumns] in 0.0029 seconds.
[FilterColumns] in 0.0026 seconds.
[FilterColumns] in 0.0030 seconds.
[FilterColumns] in 0.0023 seconds.
[FilterColumns] in 0.0027 seconds.
[FilterColumns] in 0.0027 seconds.
[FilterColumns] in 0.0026 seconds.
[FilterColumns] in 0.0029 seconds.
[FilterColumns] in 0.0018 seconds.
[FilterColumns] in 0.0024 seconds.
[FilterColumns] in 0.0025 seconds.
[FilterColumns] in 0.0026 seconds.
[FilterColumns] in 0.0024 seconds.
[FilterColumns] in 0.0031 seconds.
[FilterColumns] in 0.0024 seconds.
[FilterColumns] in 0.0027 seconds.
[FilterColumns] in 0.0028 seconds.
[FilterColumns] in 0.0024 seconds.
[FilterColumns] in 0.0024 seconds.
[FilterColumns] in 0.0035 seconds.
[FilterColumns] in 0.0026 seconds.
[FilterColumns] in 0.0025 seconds.
[FilterColumns] in 0.0024 seconds.
[FilterColumns] in 0.0022 seconds.
[FilterColumns] in 0.0025 seconds.
[FilterColumns] in 0.0029 seconds.
[FilterColumns] in 0.0025 seconds.
[FilterColumns] in 0.0027 seconds.
[FilterColumns] in 0.0024 seconds.
[FilterColumns] in 0.0025 seconds.
[FilterColumns] in 0.0024 seconds.
[FilterColumns] in 0.0027 seconds.
[FilterColumns] in 0.0024 seconds.
[FilterColumns] in 0.0024 seconds.
[FilterColumns] in 0.0028 seconds.
[FilterColumns] in 0.0027 seconds.
[FilterColumns] in 0.0025 seconds.
[FilterColumns] in 0.0023 seconds.
[FilterColumns] in 0.0023 seconds.
[FilterColumns] in 0.0025 seconds.
[FilterColumns] in 0.0028 seconds.
[FilterColumns] in 0.0024 seconds.
[FilterColumns] in 0.0026 seconds.
[FilterColumns] in 0.0025 seconds.
[FilterColumns] in 0.0025 seconds.
[FilterColumns] in 0.0024 seconds.
[FilterColumns] in 0.0030 seconds.
[FilterColumns] in 0.0025 seconds.
[FilterColumns] in 0.0022 seconds.
[FilterColumns] in 0.0027 seconds.
[FilterColumns] in 0.0025 seconds.
[FilterColumns] in 0.0026 seconds.
[FilterColumns] in 0.0027 seconds.
[FilterColumns] in 0.0024 seconds.
[FilterColumns] in 0.0025 seconds.
[FilterColumns] in 0.0032 seconds.
[FilterColumns] in 0.0026 seconds.
[FilterColumns] in 0.0023 seconds.
[FilterColumns] in 0.0024 seconds.
[FilterColumns] in 0.0026 seconds.
[FilterColumns] in 0.0025 seconds.
[FilterColumns] in 0.0026 seconds.
[FilterColumns] in 0.0023 seconds.
[FilterColumns] in 0.0024 seconds.
[FilterColumns] in 0.0029 seconds.
[FilterColumns] in 0.0024 seconds.
[FilterColumns] in 0.0026 seconds.
[FilterColumns] in 0.0026 seconds.
[FilterColumns] in 0.0025 seconds.
[FilterColumns] in 0.0024 seconds.
[FilterColumns] in 0.0028 seconds.
[FilterColumns] in 0.0023 seconds.
[FilterColumns] in 0.0025 seconds.
[FilterColumns] in 0.0029 seconds.
[FilterColumns] in 0.0027 seconds.
[FilterColumns] in 0.0026 seconds.
[FilterColumns] in 0.0025 seconds.
[FilterColumns] in 0.0024 seconds.
[FilterColumns] in 0.0026 seconds.
[FilterColumns] in 0.0027 seconds.
[FilterColumns] in 0.0024 seconds.
[FilterColumns] in 0.0023 seconds.
[FilterColumns] in 0.0026 seconds.
[FilterColumns] in 0.0026 seconds.
[FilterColumns] in 0.0027 seconds.
[FilterColumns] in 0.0026 seconds.
[FilterColumns] in 0.0023 seconds.
[FilterColumns] in 0.0026 seconds.
[FilterColumns] in 0.0026 seconds.
[FilterColumns] in 0.0027 seconds.
[FilterColumns] in 0.0034 seconds.
[FilterColumns] in 0.0026 seconds.
FilterColumns6 (rank 9): PE FilterColumns6 total idle time: 35.1629 seconds
PE FilterColumns6 total idle time: 35.1629 seconds
FilterColumns6 (rank 9): Processed 100 iterations.
[FilterColumns] in 0.8178 seconds.
[FilterColumns] in 0.0029 seconds.
[FilterColumns] in 0.0028 seconds.
[FilterColumns] in 0.0023 seconds.
[FilterColumns] in 0.0028 seconds.
[FilterColumns] in 0.0024 seconds.
[FilterColumns] in 0.0028 seconds.
[FilterColumns] in 0.0028 seconds.
[FilterColumns] in 0.0027 seconds.
[FilterColumns] in 0.0023 seconds.
[FilterColumns] in 0.0027 seconds.
[FilterColumns] in 0.0024 seconds.
[FilterColumns] in 0.0024 seconds.
[FilterColumns] in 0.0027 seconds.
[FilterColumns] in 0.0021 seconds.
[FilterColumns] in 0.0025 seconds.
[FilterColumns] in 0.0031 seconds.
[FilterColumns] in 0.0023 seconds.
[FilterColumns] in 0.0023 seconds.
[FilterColumns] in 0.0025 seconds.
[FilterColumns] in 0.0028 seconds.
[FilterColumns] in 0.0026 seconds.
[FilterColumns] in 0.0028 seconds.
[FilterColumns] in 0.0029 seconds.
[FilterColumns] in 0.0024 seconds.
[FilterColumns] in 0.0031 seconds.
[FilterColumns] in 0.0024 seconds.
[FilterColumns] in 0.0027 seconds.
[FilterColumns] in 0.0037 seconds.
[FilterColumns] in 0.0021 seconds.
[FilterColumns] in 0.0025 seconds.
[FilterColumns] in 0.0030 seconds.
[FilterColumns] in 0.0025 seconds.
[FilterColumns] in 0.0025 seconds.
[FilterColumns] in 0.0026 seconds.
[FilterColumns] in 0.0025 seconds.
[FilterColumns] in 0.0027 seconds.
[FilterColumns] in 0.0027 seconds.
[FilterColumns] in 0.0028 seconds.
[FilterColumns] in 0.0023 seconds.
[FilterColumns] in 0.0025 seconds.
[FilterColumns] in 0.0030 seconds.
[FilterColumns] in 0.0030 seconds.
[FilterColumns] in 0.0030 seconds.
[FilterColumns] in 0.0026 seconds.
[FilterColumns] in 0.0023 seconds.
[FilterColumns] in 0.0028 seconds.
[FilterColumns] in 0.0028 seconds.
[FilterColumns] in 0.0025 seconds.
[FilterColumns] in 0.0028 seconds.
[FilterColumns] in 0.0026 seconds.
[FilterColumns] in 0.0025 seconds.
[FilterColumns] in 0.0026 seconds.
[FilterColumns] in 0.0024 seconds.
[FilterColumns] in 0.0025 seconds.
[FilterColumns] in 0.0032 seconds.
[FilterColumns] in 0.0028 seconds.
[FilterColumns] in 0.0032 seconds.
[FilterColumns] in 0.0023 seconds.
[FilterColumns] in 0.0022 seconds.
[FilterColumns] in 0.0030 seconds.
[FilterColumns] in 0.0025 seconds.
[FilterColumns] in 0.0026 seconds.
[FilterColumns] in 0.0034 seconds.
[FilterColumns] in 0.0024 seconds.
[FilterColumns] in 0.0028 seconds.
[FilterColumns] in 0.0027 seconds.
[FilterColumns] in 0.0026 seconds.
[FilterColumns] in 0.0024 seconds.
[FilterColumns] in 0.0033 seconds.
[FilterColumns] in 0.0024 seconds.
[FilterColumns] in 0.0027 seconds.
[FilterColumns] in 0.0028 seconds.
[FilterColumns] in 0.0028 seconds.
[FilterColumns] in 0.0023 seconds.
[FilterColumns] in 0.0025 seconds.
[FilterColumns] in 0.0026 seconds.
[FilterColumns] in 0.0028 seconds.
[FilterColumns] in 0.0026 seconds.
[FilterColumns] in 0.0029 seconds.
[FilterColumns] in 0.0022 seconds.
[FilterColumns] in 0.0026 seconds.
[FilterColumns] in 0.0025 seconds.
[FilterColumns] in 0.0031 seconds.
[FilterColumns] in 0.0027 seconds.
[FilterColumns] in 0.0025 seconds.
[FilterColumns] in 0.0026 seconds.
[FilterColumns] in 0.0029 seconds.
[FilterColumns] in 0.0027 seconds.
[FilterColumns] in 0.0025 seconds.
[FilterColumns] in 0.0030 seconds.
[FilterColumns] in 0.0024 seconds.
[FilterColumns] in 0.0026 seconds.
[FilterColumns] in 0.0027 seconds.
[FilterColumns] in 0.0027 seconds.
[FilterColumns] in 0.0030 seconds.
[FilterColumns] in 0.0024 seconds.
[FilterColumns] in 0.0028 seconds.
[FilterColumns] in 0.0025 seconds.
[FilterColumns] in 0.0041 seconds.
FilterColumns6 (rank 6): PE FilterColumns6 total idle time: 35.1825 seconds
PE FilterColumns6 total idle time: 35.1825 seconds
FilterColumns6 (rank 6): Processed 100 iterations.
[FilterColumns] in 0.4640 seconds.
[FilterColumns] in 0.0029 seconds.
[FilterColumns] in 0.0030 seconds.
[FilterColumns] in 0.0029 seconds.
[FilterColumns] in 0.0030 seconds.
[FilterColumns] in 0.0024 seconds.
[FilterColumns] in 0.0021 seconds.
[FilterColumns] in 0.0030 seconds.
[FilterColumns] in 0.0027 seconds.
[FilterColumns] in 0.0027 seconds.
[FilterColumns] in 0.0028 seconds.
[FilterColumns] in 0.0028 seconds.
[FilterColumns] in 0.0023 seconds.
[FilterColumns] in 0.0028 seconds.
[FilterColumns] in 0.0028 seconds.
[FilterColumns] in 0.0024 seconds.
[FilterColumns] in 0.0028 seconds.
[FilterColumns] in 0.0024 seconds.
[FilterColumns] in 0.0027 seconds.
[FilterColumns] in 0.0024 seconds.
[FilterColumns] in 0.0023 seconds.
[FilterColumns] in 0.0023 seconds.
[FilterColumns] in 0.0027 seconds.
[FilterColumns] in 0.0026 seconds.
[FilterColumns] in 0.0025 seconds.
[FilterColumns] in 0.0023 seconds.
[FilterColumns] in 0.0029 seconds.
[FilterColumns] in 0.0036 seconds.
[FilterColumns] in 0.0023 seconds.
[FilterColumns] in 0.0028 seconds.
[FilterColumns] in 0.0024 seconds.
[FilterColumns] in 0.0021 seconds.
[FilterColumns] in 0.0027 seconds.
[FilterColumns] in 0.0026 seconds.
[FilterColumns] in 0.0021 seconds.
[FilterColumns] in 0.0026 seconds.
[FilterColumns] in 0.0030 seconds.
[FilterColumns] in 0.0023 seconds.
[FilterColumns] in 0.0026 seconds.
[FilterColumns] in 0.0027 seconds.
[FilterColumns] in 0.0027 seconds.
[FilterColumns] in 0.0028 seconds.
[FilterColumns] in 0.0025 seconds.
[FilterColumns] in 0.0025 seconds.
[FilterColumns] in 0.0028 seconds.
[FilterColumns] in 0.0027 seconds.
[FilterColumns] in 0.0025 seconds.
[FilterColumns] in 0.0024 seconds.
[FilterColumns] in 0.0028 seconds.
[FilterColumns] in 0.0023 seconds.
[FilterColumns] in 0.0026 seconds.
[FilterColumns] in 0.0029 seconds.
[FilterColumns] in 0.0024 seconds.
[FilterColumns] in 0.0025 seconds.
[FilterColumns] in 0.0027 seconds.
[FilterColumns] in 0.0025 seconds.
[FilterColumns] in 0.0030 seconds.
[FilterColumns] in 0.0031 seconds.
[FilterColumns] in 0.0026 seconds.
[FilterColumns] in 0.0027 seconds.
[FilterColumns] in 0.0029 seconds.
[FilterColumns] in 0.0026 seconds.
[FilterColumns] in 0.0026 seconds.
[FilterColumns] in 0.0037 seconds.
[FilterColumns] in 0.0025 seconds.
[FilterColumns] in 0.0024 seconds.
[FilterColumns] in 0.0031 seconds.
[FilterColumns] in 0.0023 seconds.
[FilterColumns] in 0.0026 seconds.
[FilterColumns] in 0.0025 seconds.
[FilterColumns] in 0.0026 seconds.
[FilterColumns] in 0.0035 seconds.
[FilterColumns] in 0.0025 seconds.
[FilterColumns] in 0.0027 seconds.
[FilterColumns] in 0.0026 seconds.
[FilterColumns] in 0.0027 seconds.
[FilterColumns] in 0.0026 seconds.
[FilterColumns] in 0.0024 seconds.
[FilterColumns] in 0.0024 seconds.
[FilterColumns] in 0.0019 seconds.
[FilterColumns] in 0.0026 seconds.
[FilterColumns] in 0.0029 seconds.
[FilterColumns] in 0.0024 seconds.
[FilterColumns] in 0.0022 seconds.
[FilterColumns] in 0.0029 seconds.
[FilterColumns] in 0.0027 seconds.
[FilterColumns] in 0.0026 seconds.
[FilterColumns] in 0.0025 seconds.
[FilterColumns] in 0.0030 seconds.
[FilterColumns] in 0.0025 seconds.
[FilterColumns] in 0.0028 seconds.
[FilterColumns] in 0.0022 seconds.
[FilterColumns] in 0.0021 seconds.
[FilterColumns] in 0.0026 seconds.
[FilterColumns] in 0.0026 seconds.
[FilterColumns] in 0.0021 seconds.
[FilterColumns] in 0.0026 seconds.
[FilterColumns] in 0.0027 seconds.
[FilterColumns] in 0.0036 seconds.
[FilterColumns] in 0.0025 seconds.
FilterColumns6 (rank 10): PE FilterColumns6 total idle time: 35.5340 seconds
PE FilterColumns6 total idle time: 35.5340 seconds
FilterColumns6 (rank 10): Processed 100 iterations.
[InternalExtinction] in 0.0001 seconds.
[InternalExtinction] in 0.0000 seconds.
[InternalExtinction] in 0.0000 seconds.
[InternalExtinction] in 0.0000 seconds.
[InternalExtinction] in 0.0000 seconds.
[InternalExtinction] in 0.0000 seconds.
[InternalExtinction] in 0.0000 seconds.
[InternalExtinction] in 0.0000 seconds.
[InternalExtinction] in 0.0000 seconds.
[InternalExtinction] in 0.0000 seconds.
[InternalExtinction] in 0.0000 seconds.
[InternalExtinction] in 0.0000 seconds.
[InternalExtinction] in 0.0000 seconds.
[InternalExtinction] in 0.0000 seconds.
[InternalExtinction] in 0.0000 seconds.
[InternalExtinction] in 0.0000 seconds.
[InternalExtinction] in 0.0000 seconds.
[InternalExtinction] in 0.0000 seconds.
[InternalExtinction] in 0.0000 seconds.
[InternalExtinction] in 0.0000 seconds.
[InternalExtinction] in 0.0000 seconds.
[InternalExtinction] in 0.0000 seconds.
[InternalExtinction] in 0.0000 seconds.
[InternalExtinction] in 0.0000 seconds.
[InternalExtinction] in 0.0000 seconds.
[InternalExtinction] in 0.0000 seconds.
[InternalExtinction] in 0.0000 seconds.
[InternalExtinction] in 0.0000 seconds.
[InternalExtinction] in 0.0000 seconds.
[InternalExtinction] in 0.0000 seconds.
[InternalExtinction] in 0.0000 seconds.
[InternalExtinction] in 0.0000 seconds.
[InternalExtinction] in 0.0000 seconds.
[InternalExtinction] in 0.0000 seconds.
[InternalExtinction] in 0.0000 seconds.
[InternalExtinction] in 0.0000 seconds.
[InternalExtinction] in 0.0000 seconds.
[InternalExtinction] in 0.0000 seconds.
[InternalExtinction] in 0.0000 seconds.
[InternalExtinction] in 0.0000 seconds.
[InternalExtinction] in 0.0000 seconds.
[InternalExtinction] in 0.0000 seconds.
[InternalExtinction] in 0.0000 seconds.
[InternalExtinction] in 0.0000 seconds.
[InternalExtinction] in 0.0000 seconds.
[InternalExtinction] in 0.0000 seconds.
[InternalExtinction] in 0.0000 seconds.
[InternalExtinction] in 0.0000 seconds.
[InternalExtinction] in 0.0000 seconds.
[InternalExtinction] in 0.0000 seconds.
[InternalExtinction] in 0.0000 seconds.
[InternalExtinction] in 0.0000 seconds.
[InternalExtinction] in 0.0000 seconds.
[InternalExtinction] in 0.0000 seconds.
[InternalExtinction] in 0.0000 seconds.
[InternalExtinction] in 0.0000 seconds.
[InternalExtinction] in 0.0000 seconds.
[InternalExtinction] in 0.0000 seconds.
[InternalExtinction] in 0.0000 seconds.
[InternalExtinction] in 0.0000 seconds.
[InternalExtinction] in 0.0000 seconds.
[InternalExtinction] in 0.0000 seconds.
[InternalExtinction] in 0.0000 seconds.
[InternalExtinction] in 0.0000 seconds.
[InternalExtinction] in 0.0000 seconds.
[InternalExtinction] in 0.0000 seconds.
[InternalExtinction] in 0.0000 seconds.
[InternalExtinction] in 0.0000 seconds.
[InternalExtinction] in 0.0000 seconds.
[InternalExtinction] in 0.0000 seconds.
[InternalExtinction] in 0.0000 seconds.
[InternalExtinction] in 0.0000 seconds.
[InternalExtinction] in 0.0000 seconds.
[InternalExtinction] in 0.0000 seconds.
[InternalExtinction] in 0.0000 seconds.
[InternalExtinction] in 0.0000 seconds.
[InternalExtinction] in 0.0000 seconds.
[InternalExtinction] in 0.0000 seconds.
[InternalExtinction] in 0.0000 seconds.
[InternalExtinction] in 0.0000 seconds.
[InternalExtinction] in 0.0000 seconds.
[InternalExtinction] in 0.0000 seconds.
[InternalExtinction] in 0.0000 seconds.
[InternalExtinction] in 0.0000 seconds.
[InternalExtinction] in 0.0000 seconds.
[InternalExtinction] in 0.0000 seconds.
[InternalExtinction] in 0.0000 seconds.
[InternalExtinction] in 0.0000 seconds.
[InternalExtinction] in 0.0000 seconds.
[InternalExtinction] in 0.0000 seconds.
[InternalExtinction] in 0.0000 seconds.
[InternalExtinction] in 0.0000 seconds.
[InternalExtinction] in 0.0000 seconds.
[InternalExtinction] in 0.0000 seconds.
[InternalExtinction] in 0.0000 seconds.
[InternalExtinction] in 0.0000 seconds.
[InternalExtinction] in 0.0000 seconds.
[InternalExtinction] in 0.0000 seconds.
[InternalExtinction] in 0.0000 seconds.
[InternalExtinction] in 0.0000 seconds.
InternalExtinction7 (rank 11): PE InternalExtinction7 total idle time: 36.2614 seconds
PE InternalExtinction7 total idle time: 36.2614 seconds
InternalExtinction7 (rank 11): Processed 100 iterations.
[InternalExtinction] in 0.0001 seconds.
[InternalExtinction] in 0.0000 seconds.
[InternalExtinction] in 0.0000 seconds.
[InternalExtinction] in 0.0000 seconds.
[InternalExtinction] in 0.0000 seconds.
[InternalExtinction] in 0.0000 seconds.
[InternalExtinction] in 0.0000 seconds.
[InternalExtinction] in 0.0000 seconds.
[InternalExtinction] in 0.0000 seconds.
[InternalExtinction] in 0.0000 seconds.
[InternalExtinction] in 0.0000 seconds.
[InternalExtinction] in 0.0000 seconds.
[InternalExtinction] in 0.0000 seconds.
[InternalExtinction] in 0.0000 seconds.
[InternalExtinction] in 0.0000 seconds.
[InternalExtinction] in 0.0000 seconds.
[InternalExtinction] in 0.0000 seconds.
[InternalExtinction] in 0.0000 seconds.
[InternalExtinction] in 0.0000 seconds.
[InternalExtinction] in 0.0000 seconds.
[InternalExtinction] in 0.0000 seconds.
[InternalExtinction] in 0.0000 seconds.
[InternalExtinction] in 0.0000 seconds.
[InternalExtinction] in 0.0000 seconds.
[InternalExtinction] in 0.0000 seconds.
[InternalExtinction] in 0.0000 seconds.
[InternalExtinction] in 0.0000 seconds.
[InternalExtinction] in 0.0000 seconds.
[InternalExtinction] in 0.0000 seconds.
[InternalExtinction] in 0.0000 seconds.
[InternalExtinction] in 0.0000 seconds.
[InternalExtinction] in 0.0000 seconds.
[InternalExtinction] in 0.0000 seconds.
[InternalExtinction] in 0.0000 seconds.
[InternalExtinction] in 0.0000 seconds.
[InternalExtinction] in 0.0000 seconds.
[InternalExtinction] in 0.0000 seconds.
[InternalExtinction] in 0.0000 seconds.
[InternalExtinction] in 0.0000 seconds.
[InternalExtinction] in 0.0000 seconds.
[InternalExtinction] in 0.0000 seconds.
[InternalExtinction] in 0.0000 seconds.
[InternalExtinction] in 0.0000 seconds.
[InternalExtinction] in 0.0000 seconds.
[InternalExtinction] in 0.0000 seconds.
[InternalExtinction] in 0.0000 seconds.
[InternalExtinction] in 0.0000 seconds.
[InternalExtinction] in 0.0000 seconds.
[InternalExtinction] in 0.0000 seconds.
[InternalExtinction] in 0.0000 seconds.
[InternalExtinction] in 0.0000 seconds.
[InternalExtinction] in 0.0000 seconds.
[InternalExtinction] in 0.0000 seconds.
[InternalExtinction] in 0.0000 seconds.
[InternalExtinction] in 0.0000 seconds.
[InternalExtinction] in 0.0000 seconds.
[InternalExtinction] in 0.0000 seconds.
[InternalExtinction] in 0.0000 seconds.
[InternalExtinction] in 0.0000 seconds.
[InternalExtinction] in 0.0000 seconds.
[InternalExtinction] in 0.0000 seconds.
[InternalExtinction] in 0.0000 seconds.
[InternalExtinction] in 0.0000 seconds.
[InternalExtinction] in 0.0000 seconds.
[InternalExtinction] in 0.0000 seconds.
[InternalExtinction] in 0.0000 seconds.
[InternalExtinction] in 0.0000 seconds.
[InternalExtinction] in 0.0000 seconds.
[InternalExtinction] in 0.0000 seconds.
[InternalExtinction] in 0.0000 seconds.
[InternalExtinction] in 0.0000 seconds.
[InternalExtinction] in 0.0000 seconds.
[InternalExtinction] in 0.0000 seconds.
[InternalExtinction] in 0.0000 seconds.
[InternalExtinction] in 0.0000 seconds.
[InternalExtinction] in 0.0000 seconds.
[InternalExtinction] in 0.0000 seconds.
[InternalExtinction] in 0.0000 seconds.
[InternalExtinction] in 0.0000 seconds.
[InternalExtinction] in 0.0000 seconds.
[InternalExtinction] in 0.0000 seconds.
[InternalExtinction] in 0.0000 seconds.
[InternalExtinction] in 0.0000 seconds.
[InternalExtinction] in 0.0000 seconds.
[InternalExtinction] in 0.0000 seconds.
[InternalExtinction] in 0.0000 seconds.
[InternalExtinction] in 0.0000 seconds.
[InternalExtinction] in 0.0000 seconds.
[InternalExtinction] in 0.0000 seconds.
[InternalExtinction] in 0.0000 seconds.
[InternalExtinction] in 0.0000 seconds.
[InternalExtinction] in 0.0000 seconds.
[InternalExtinction] in 0.0000 seconds.
[InternalExtinction] in 0.0000 seconds.
[InternalExtinction] in 0.0000 seconds.
[InternalExtinction] in 0.0000 seconds.
[InternalExtinction] in 0.0000 seconds.
[InternalExtinction] in 0.0000 seconds.
[InternalExtinction] in 0.0000 seconds.
[InternalExtinction] in 0.0000 seconds.
InternalExtinction7 (rank 12): PE InternalExtinction7 total idle time: 36.2594 seconds
PE InternalExtinction7 total idle time: 36.2594 seconds
InternalExtinction7 (rank 12): Processed 100 iterations.
[InternalExtinction] in 0.0001 seconds.
[InternalExtinction] in 0.0000 seconds.
[InternalExtinction] in 0.0000 seconds.
[InternalExtinction] in 0.0000 seconds.
[InternalExtinction] in 0.0000 seconds.
[InternalExtinction] in 0.0000 seconds.
[InternalExtinction] in 0.0000 seconds.
[InternalExtinction] in 0.0000 seconds.
[InternalExtinction] in 0.0000 seconds.
[InternalExtinction] in 0.0000 seconds.
[InternalExtinction] in 0.0000 seconds.
[InternalExtinction] in 0.0000 seconds.
[InternalExtinction] in 0.0000 seconds.
[InternalExtinction] in 0.0000 seconds.
[InternalExtinction] in 0.0000 seconds.
[InternalExtinction] in 0.0000 seconds.
[InternalExtinction] in 0.0000 seconds.
[InternalExtinction] in 0.0000 seconds.
[InternalExtinction] in 0.0000 seconds.
[InternalExtinction] in 0.0000 seconds.
[InternalExtinction] in 0.0000 seconds.
[InternalExtinction] in 0.0000 seconds.
[InternalExtinction] in 0.0000 seconds.
[InternalExtinction] in 0.0000 seconds.
[InternalExtinction] in 0.0000 seconds.
[InternalExtinction] in 0.0000 seconds.
[InternalExtinction] in 0.0000 seconds.
[InternalExtinction] in 0.0000 seconds.
[InternalExtinction] in 0.0000 seconds.
[InternalExtinction] in 0.0000 seconds.
[InternalExtinction] in 0.0000 seconds.
[InternalExtinction] in 0.0000 seconds.
[InternalExtinction] in 0.0000 seconds.
[InternalExtinction] in 0.0000 seconds.
[InternalExtinction] in 0.0000 seconds.
[InternalExtinction] in 0.0000 seconds.
[InternalExtinction] in 0.0000 seconds.
[InternalExtinction] in 0.0000 seconds.
[InternalExtinction] in 0.0000 seconds.
[InternalExtinction] in 0.0000 seconds.
[InternalExtinction] in 0.0000 seconds.
[InternalExtinction] in 0.0000 seconds.
[InternalExtinction] in 0.0000 seconds.
[InternalExtinction] in 0.0000 seconds.
[InternalExtinction] in 0.0000 seconds.
[InternalExtinction] in 0.0000 seconds.
[InternalExtinction] in 0.0000 seconds.
[InternalExtinction] in 0.0000 seconds.
[InternalExtinction] in 0.0000 seconds.
[InternalExtinction] in 0.0000 seconds.
[InternalExtinction] in 0.0000 seconds.
[InternalExtinction] in 0.0000 seconds.
[InternalExtinction] in 0.0000 seconds.
[InternalExtinction] in 0.0000 seconds.
[InternalExtinction] in 0.0000 seconds.
[InternalExtinction] in 0.0000 seconds.
[InternalExtinction] in 0.0000 seconds.
[InternalExtinction] in 0.0000 seconds.
[InternalExtinction] in 0.0000 seconds.
[InternalExtinction] in 0.0000 seconds.
[InternalExtinction] in 0.0000 seconds.
[InternalExtinction] in 0.0000 seconds.
[InternalExtinction] in 0.0000 seconds.
[InternalExtinction] in 0.0000 seconds.
[InternalExtinction] in 0.0000 seconds.
[InternalExtinction] in 0.0000 seconds.
[InternalExtinction] in 0.0000 seconds.
[InternalExtinction] in 0.0000 seconds.
[InternalExtinction] in 0.0000 seconds.
[InternalExtinction] in 0.0000 seconds.
[InternalExtinction] in 0.0000 seconds.
[InternalExtinction] in 0.0000 seconds.
[InternalExtinction] in 0.0000 seconds.
[InternalExtinction] in 0.0000 seconds.
[InternalExtinction] in 0.0000 seconds.
[InternalExtinction] in 0.0000 seconds.
[InternalExtinction] in 0.0000 seconds.
[InternalExtinction] in 0.0000 seconds.
[InternalExtinction] in 0.0000 seconds.
[InternalExtinction] in 0.0000 seconds.
[InternalExtinction] in 0.0000 seconds.
[InternalExtinction] in 0.0000 seconds.
[InternalExtinction] in 0.0000 seconds.
[InternalExtinction] in 0.0000 seconds.
[InternalExtinction] in 0.0000 seconds.
[InternalExtinction] in 0.0000 seconds.
[InternalExtinction] in 0.0000 seconds.
[InternalExtinction] in 0.0000 seconds.
[InternalExtinction] in 0.0000 seconds.
[InternalExtinction] in 0.0000 seconds.
[InternalExtinction] in 0.0000 seconds.
[InternalExtinction] in 0.0000 seconds.
[InternalExtinction] in 0.0000 seconds.
[InternalExtinction] in 0.0000 seconds.
[InternalExtinction] in 0.0000 seconds.
[InternalExtinction] in 0.0000 seconds.
[InternalExtinction] in 0.0000 seconds.
[InternalExtinction] in 0.0000 seconds.
[InternalExtinction] in 0.0000 seconds.
[InternalExtinction] in 0.0000 seconds.
InternalExtinction7 (rank 13): PE InternalExtinction7 total idle time: 36.2579 seconds
PE InternalExtinction7 total idle time: 36.2579 seconds
InternalExtinction7 (rank 13): Processed 100 iterations.
[InternalExtinction] in 0.0001 seconds.
[InternalExtinction] in 0.0000 seconds.
[InternalExtinction] in 0.0000 seconds.
[InternalExtinction] in 0.0000 seconds.
[InternalExtinction] in 0.0000 seconds.
[InternalExtinction] in 0.0000 seconds.
[InternalExtinction] in 0.0000 seconds.
[InternalExtinction] in 0.0000 seconds.
[InternalExtinction] in 0.0000 seconds.
[InternalExtinction] in 0.0000 seconds.
[InternalExtinction] in 0.0000 seconds.
[InternalExtinction] in 0.0000 seconds.
[InternalExtinction] in 0.0000 seconds.
[InternalExtinction] in 0.0000 seconds.
[InternalExtinction] in 0.0000 seconds.
[InternalExtinction] in 0.0000 seconds.
[InternalExtinction] in 0.0000 seconds.
[InternalExtinction] in 0.0000 seconds.
[InternalExtinction] in 0.0000 seconds.
[InternalExtinction] in 0.0000 seconds.
[InternalExtinction] in 0.0000 seconds.
[InternalExtinction] in 0.0000 seconds.
[InternalExtinction] in 0.0000 seconds.
[InternalExtinction] in 0.0000 seconds.
[InternalExtinction] in 0.0000 seconds.
[InternalExtinction] in 0.0000 seconds.
[InternalExtinction] in 0.0000 seconds.
[InternalExtinction] in 0.0000 seconds.
[InternalExtinction] in 0.0000 seconds.
[InternalExtinction] in 0.0000 seconds.
[InternalExtinction] in 0.0000 seconds.
[InternalExtinction] in 0.0000 seconds.
[InternalExtinction] in 0.0000 seconds.
[InternalExtinction] in 0.0000 seconds.
[InternalExtinction] in 0.0000 seconds.
[InternalExtinction] in 0.0000 seconds.
[InternalExtinction] in 0.0000 seconds.
[InternalExtinction] in 0.0000 seconds.
[InternalExtinction] in 0.0000 seconds.
[InternalExtinction] in 0.0000 seconds.
[InternalExtinction] in 0.0000 seconds.
[InternalExtinction] in 0.0000 seconds.
[InternalExtinction] in 0.0000 seconds.
[InternalExtinction] in 0.0000 seconds.
[InternalExtinction] in 0.0000 seconds.
[InternalExtinction] in 0.0000 seconds.
[InternalExtinction] in 0.0000 seconds.
[InternalExtinction] in 0.0000 seconds.
[InternalExtinction] in 0.0000 seconds.
[InternalExtinction] in 0.0000 seconds.
[InternalExtinction] in 0.0000 seconds.
[InternalExtinction] in 0.0000 seconds.
[InternalExtinction] in 0.0000 seconds.
[InternalExtinction] in 0.0000 seconds.
[InternalExtinction] in 0.0000 seconds.
[InternalExtinction] in 0.0000 seconds.
[InternalExtinction] in 0.0000 seconds.
[InternalExtinction] in 0.0000 seconds.
[InternalExtinction] in 0.0000 seconds.
[InternalExtinction] in 0.0000 seconds.
[InternalExtinction] in 0.0000 seconds.
[InternalExtinction] in 0.0000 seconds.
[InternalExtinction] in 0.0000 seconds.
[InternalExtinction] in 0.0000 seconds.
[InternalExtinction] in 0.0000 seconds.
[InternalExtinction] in 0.0000 seconds.
[InternalExtinction] in 0.0000 seconds.
[InternalExtinction] in 0.0000 seconds.
[InternalExtinction] in 0.0000 seconds.
[InternalExtinction] in 0.0000 seconds.
[InternalExtinction] in 0.0000 seconds.
[InternalExtinction] in 0.0000 seconds.
[InternalExtinction] in 0.0000 seconds.
[InternalExtinction] in 0.0000 seconds.
[InternalExtinction] in 0.0000 seconds.
[InternalExtinction] in 0.0000 seconds.
[InternalExtinction] in 0.0000 seconds.
[InternalExtinction] in 0.0000 seconds.
[InternalExtinction] in 0.0000 seconds.
[InternalExtinction] in 0.0000 seconds.
[InternalExtinction] in 0.0000 seconds.
[InternalExtinction] in 0.0000 seconds.
[InternalExtinction] in 0.0000 seconds.
[InternalExtinction] in 0.0000 seconds.
[InternalExtinction] in 0.0000 seconds.
[InternalExtinction] in 0.0000 seconds.
[InternalExtinction] in 0.0000 seconds.
[InternalExtinction] in 0.0000 seconds.
[InternalExtinction] in 0.0000 seconds.
[InternalExtinction] in 0.0000 seconds.
[InternalExtinction] in 0.0000 seconds.
[InternalExtinction] in 0.0000 seconds.
[InternalExtinction] in 0.0000 seconds.
[InternalExtinction] in 0.0000 seconds.
[InternalExtinction] in 0.0000 seconds.
[InternalExtinction] in 0.0000 seconds.
[InternalExtinction] in 0.0000 seconds.
[InternalExtinction] in 0.0000 seconds.
[InternalExtinction] in 0.0000 seconds.
[InternalExtinction] in 0.0000 seconds.
InternalExtinction7 (rank 14): PE InternalExtinction7 total idle time: 36.2562 seconds
PE InternalExtinction7 total idle time: 36.2562 seconds
InternalExtinction7 (rank 14): Processed 100 iterations.
[InternalExtinction] in 0.0001 seconds.
[InternalExtinction] in 0.0000 seconds.
[InternalExtinction] in 0.0000 seconds.
[InternalExtinction] in 0.0000 seconds.
[InternalExtinction] in 0.0000 seconds.
[InternalExtinction] in 0.0000 seconds.
[InternalExtinction] in 0.0000 seconds.
[InternalExtinction] in 0.0000 seconds.
[InternalExtinction] in 0.0000 seconds.
[InternalExtinction] in 0.0000 seconds.
[InternalExtinction] in 0.0000 seconds.
[InternalExtinction] in 0.0000 seconds.
[InternalExtinction] in 0.0000 seconds.
[InternalExtinction] in 0.0000 seconds.
[InternalExtinction] in 0.0000 seconds.
[InternalExtinction] in 0.0000 seconds.
[InternalExtinction] in 0.0000 seconds.
[InternalExtinction] in 0.0000 seconds.
[InternalExtinction] in 0.0000 seconds.
[InternalExtinction] in 0.0000 seconds.
[InternalExtinction] in 0.0000 seconds.
[InternalExtinction] in 0.0000 seconds.
[InternalExtinction] in 0.0000 seconds.
[InternalExtinction] in 0.0000 seconds.
[InternalExtinction] in 0.0000 seconds.
[InternalExtinction] in 0.0000 seconds.
[InternalExtinction] in 0.0000 seconds.
[InternalExtinction] in 0.0000 seconds.
[InternalExtinction] in 0.0000 seconds.
[InternalExtinction] in 0.0000 seconds.
[InternalExtinction] in 0.0000 seconds.
[InternalExtinction] in 0.0000 seconds.
[InternalExtinction] in 0.0000 seconds.
[InternalExtinction] in 0.0000 seconds.
[InternalExtinction] in 0.0000 seconds.
[InternalExtinction] in 0.0000 seconds.
[InternalExtinction] in 0.0000 seconds.
[InternalExtinction] in 0.0000 seconds.
[InternalExtinction] in 0.0000 seconds.
[InternalExtinction] in 0.0000 seconds.
[InternalExtinction] in 0.0000 seconds.
[InternalExtinction] in 0.0000 seconds.
[InternalExtinction] in 0.0000 seconds.
[InternalExtinction] in 0.0000 seconds.
[InternalExtinction] in 0.0000 seconds.
[InternalExtinction] in 0.0000 seconds.
[InternalExtinction] in 0.0000 seconds.
[InternalExtinction] in 0.0000 seconds.
[InternalExtinction] in 0.0000 seconds.
[InternalExtinction] in 0.0000 seconds.
[InternalExtinction] in 0.0000 seconds.
[InternalExtinction] in 0.0000 seconds.
[InternalExtinction] in 0.0000 seconds.
[InternalExtinction] in 0.0000 seconds.
[InternalExtinction] in 0.0000 seconds.
[InternalExtinction] in 0.0000 seconds.
[InternalExtinction] in 0.0000 seconds.
[InternalExtinction] in 0.0000 seconds.
[InternalExtinction] in 0.0000 seconds.
[InternalExtinction] in 0.0000 seconds.
[InternalExtinction] in 0.0000 seconds.
[InternalExtinction] in 0.0000 seconds.
[InternalExtinction] in 0.0000 seconds.
[InternalExtinction] in 0.0000 seconds.
[InternalExtinction] in 0.0000 seconds.
[InternalExtinction] in 0.0000 seconds.
[InternalExtinction] in 0.0000 seconds.
[InternalExtinction] in 0.0000 seconds.
[InternalExtinction] in 0.0000 seconds.
[InternalExtinction] in 0.0000 seconds.
[InternalExtinction] in 0.0000 seconds.
[InternalExtinction] in 0.0000 seconds.
[InternalExtinction] in 0.0000 seconds.
[InternalExtinction] in 0.0000 seconds.
[InternalExtinction] in 0.0000 seconds.
[InternalExtinction] in 0.0000 seconds.
[InternalExtinction] in 0.0000 seconds.
[InternalExtinction] in 0.0000 seconds.
[InternalExtinction] in 0.0000 seconds.
[InternalExtinction] in 0.0000 seconds.
[InternalExtinction] in 0.0000 seconds.
[InternalExtinction] in 0.0000 seconds.
[InternalExtinction] in 0.0000 seconds.
[InternalExtinction] in 0.0000 seconds.
[InternalExtinction] in 0.0000 seconds.
[InternalExtinction] in 0.0000 seconds.
[InternalExtinction] in 0.0000 seconds.
[InternalExtinction] in 0.0000 seconds.
[InternalExtinction] in 0.0000 seconds.
[InternalExtinction] in 0.0000 seconds.
[InternalExtinction] in 0.0000 seconds.
[InternalExtinction] in 0.0000 seconds.
[InternalExtinction] in 0.0000 seconds.
[InternalExtinction] in 0.0000 seconds.
[InternalExtinction] in 0.0000 seconds.
[InternalExtinction] in 0.0000 seconds.
[InternalExtinction] in 0.0000 seconds.
[InternalExtinction] in 0.0000 seconds.
[InternalExtinction] in 0.0000 seconds.
[InternalExtinction] in 0.0000 seconds.
InternalExtinction7 (rank 15): PE InternalExtinction7 total idle time: 36.2548 seconds
PE InternalExtinction7 total idle time: 36.2548 seconds
InternalExtinction7 (rank 15): Processed 100 iterations.
[FilterColumns] in 0.7810 seconds.
[FilterColumns] in 0.0029 seconds.
[FilterColumns] in 0.0017 seconds.
[FilterColumns] in 0.0025 seconds.
[FilterColumns] in 0.0027 seconds.
[FilterColumns] in 0.0029 seconds.
[FilterColumns] in 0.0029 seconds.
[FilterColumns] in 0.0028 seconds.
[FilterColumns] in 0.0024 seconds.
[FilterColumns] in 0.0028 seconds.
[FilterColumns] in 0.0028 seconds.
[FilterColumns] in 0.0027 seconds.
[FilterColumns] in 0.0024 seconds.
[FilterColumns] in 0.0027 seconds.
[FilterColumns] in 0.0024 seconds.
[FilterColumns] in 0.0025 seconds.
[FilterColumns] in 0.0030 seconds.
[FilterColumns] in 0.0026 seconds.
[FilterColumns] in 0.0025 seconds.
[FilterColumns] in 0.0029 seconds.
[FilterColumns] in 0.0025 seconds.
[FilterColumns] in 0.0027 seconds.
[FilterColumns] in 0.0026 seconds.
[FilterColumns] in 0.0023 seconds.
[FilterColumns] in 0.0030 seconds.
[FilterColumns] in 0.0030 seconds.
[FilterColumns] in 0.0024 seconds.
[FilterColumns] in 0.0035 seconds.
[FilterColumns] in 0.0024 seconds.
[FilterColumns] in 0.0028 seconds.
[FilterColumns] in 0.0030 seconds.
[FilterColumns] in 0.0026 seconds.
[FilterColumns] in 0.0024 seconds.
[FilterColumns] in 0.0026 seconds.
[FilterColumns] in 0.0030 seconds.
[FilterColumns] in 0.0027 seconds.
[FilterColumns] in 0.0029 seconds.
[FilterColumns] in 0.0024 seconds.
[FilterColumns] in 0.0023 seconds.
[FilterColumns] in 0.0032 seconds.
[FilterColumns] in 0.0027 seconds.
[FilterColumns] in 0.0025 seconds.
[FilterColumns] in 0.0028 seconds.
[FilterColumns] in 0.0026 seconds.
[FilterColumns] in 0.0027 seconds.
[FilterColumns] in 0.0028 seconds.
[FilterColumns] in 0.0026 seconds.
[FilterColumns] in 0.0025 seconds.
[FilterColumns] in 0.0026 seconds.
[FilterColumns] in 0.0027 seconds.
[FilterColumns] in 0.0023 seconds.
[FilterColumns] in 0.0025 seconds.
[FilterColumns] in 0.0027 seconds.
[FilterColumns] in 0.0025 seconds.
[FilterColumns] in 0.0033 seconds.
[FilterColumns] in 0.0028 seconds.
[FilterColumns] in 0.0024 seconds.
[FilterColumns] in 0.0028 seconds.
[FilterColumns] in 0.0026 seconds.
[FilterColumns] in 0.0030 seconds.
[FilterColumns] in 0.0027 seconds.
[FilterColumns] in 0.0018 seconds.
[FilterColumns] in 0.0027 seconds.
[FilterColumns] in 0.0035 seconds.
[FilterColumns] in 0.0027 seconds.
[FilterColumns] in 0.0024 seconds.
[FilterColumns] in 0.0029 seconds.
[FilterColumns] in 0.0025 seconds.
[FilterColumns] in 0.0027 seconds.
[FilterColumns] in 0.0027 seconds.
[FilterColumns] in 0.0025 seconds.
[FilterColumns] in 0.0024 seconds.
[FilterColumns] in 0.0026 seconds.
[FilterColumns] in 0.0027 seconds.
[FilterColumns] in 0.0029 seconds.
[FilterColumns] in 0.0027 seconds.
[FilterColumns] in 0.0019 seconds.
[FilterColumns] in 0.0026 seconds.
[FilterColumns] in 0.0028 seconds.
[FilterColumns] in 0.0024 seconds.
[FilterColumns] in 0.0026 seconds.
[FilterColumns] in 0.0021 seconds.
[FilterColumns] in 0.0024 seconds.
[FilterColumns] in 0.0028 seconds.
[FilterColumns] in 0.0029 seconds.
[FilterColumns] in 0.0026 seconds.
[FilterColumns] in 0.0022 seconds.
[FilterColumns] in 0.0028 seconds.
[FilterColumns] in 0.0026 seconds.
[FilterColumns] in 0.0024 seconds.
[FilterColumns] in 0.0028 seconds.
[FilterColumns] in 0.0025 seconds.
[FilterColumns] in 0.0026 seconds.
[FilterColumns] in 0.0029 seconds.
[FilterColumns] in 0.0024 seconds.
[FilterColumns] in 0.0030 seconds.
[FilterColumns] in 0.0025 seconds.
[FilterColumns] in 0.0025 seconds.
[FilterColumns] in 0.0045 seconds.
[FilterColumns] in 0.0025 seconds.
FilterColumns6 (rank 8): PE FilterColumns6 total idle time: 35.2195 seconds
PE FilterColumns6 total idle time: 35.2195 seconds
FilterColumns6 (rank 8): Processed 100 iterations.
NEW ELAPSED TIME: 36.33243
NEW ELAPSED TOTAL CPU TIME: 538.51190
