RUN ARGS: 
Namespace(attr=None, data='{"read" : [ {"input" : "cp_coordinates_500.txt"} ]}', file=None, iter=1, module='int_ext_graph_skew.py', num=28, provenance=None, simple=False, target='multi')
==========
Processes: {'read4': range(0, 1), 'GetVOTable5': range(1, 10), 'FilterColumns6': range(10, 19), 'InternalExtinction7': range(19, 28)}
read4 (rank 0): PE read4 total idle time: 0.0000 seconds
PE read4 total idle time: 0.0000 seconds
read4 (rank 0): Processed 1 iteration.
GetVOTable5 (rank 9): PE GetVOTable5 total idle time: 0.0038 seconds
PE GetVOTable5 total idle time: 0.0038 seconds
GetVOTable5 (rank 9): Processed 55 iterations.
GetVOTable5 (rank 7): PE GetVOTable5 total idle time: 0.0030 seconds
PE GetVOTable5 total idle time: 0.0030 seconds
GetVOTable5 (rank 7): Processed 55 iterations.
GetVOTable5 (rank 8): PE GetVOTable5 total idle time: 0.0046 seconds
PE GetVOTable5 total idle time: 0.0046 seconds
GetVOTable5 (rank 8): Processed 55 iterations.
GetVOTable5 (rank 2): PE GetVOTable5 total idle time: 0.0041 seconds
PE GetVOTable5 total idle time: 0.0041 seconds
GetVOTable5 (rank 2): Processed 56 iterations.
GetVOTable5 (rank 6): PE GetVOTable5 total idle time: 0.0066 seconds
PE GetVOTable5 total idle time: 0.0066 seconds
GetVOTable5 (rank 6): Processed 55 iterations.
GetVOTable5 (rank 4): PE GetVOTable5 total idle time: 0.0042 seconds
PE GetVOTable5 total idle time: 0.0042 seconds
GetVOTable5 (rank 4): Processed 56 iterations.
GetVOTable5 (rank 3): PE GetVOTable5 total idle time: 0.0040 seconds
PE GetVOTable5 total idle time: 0.0040 seconds
GetVOTable5 (rank 3): Processed 56 iterations.
GetVOTable5 (rank 1): PE GetVOTable5 total idle time: 0.0048 seconds
PE GetVOTable5 total idle time: 0.0048 seconds
GetVOTable5 (rank 1): Processed 56 iterations.
GetVOTable5 (rank 5): PE GetVOTable5 total idle time: 0.0033 seconds
PE GetVOTable5 total idle time: 0.0033 seconds
GetVOTable5 (rank 5): Processed 56 iterations.
FilterColumns6 (rank 12): PE FilterColumns6 total idle time: 24.4462 seconds
PE FilterColumns6 total idle time: 24.4462 seconds
FilterColumns6 (rank 12): Processed 56 iterations.
FilterColumns6 (rank 11): PE FilterColumns6 total idle time: 24.3982 seconds
PE FilterColumns6 total idle time: 24.3982 seconds
FilterColumns6 (rank 11): Processed 56 iterations.
WARNING: W06: None:40:4: W06: Invalid UCD 'POS_EQ_RA_MAIN': Unknown word 'POS_EQ_RA_MAIN' [astropy.io.votable.tree]
WARNING: W06: None:43:4: W06: Invalid UCD 'POS_EQ_DEC_MAIN': Unknown word 'POS_EQ_DEC_MAIN' [astropy.io.votable.tree]
WARNING: W06: None:49:4: W06: Invalid UCD 'ID_MAIN': Unknown word 'ID_MAIN' [astropy.io.votable.tree]
WARNING: W50: None:64:4: W50: Invalid unit string 'log(0.1arcmin)' [astropy.io.votable.tree]
WARNING: W06: None:40:4: W06: Invalid UCD 'POS_EQ_RA_MAIN': Unknown word 'POS_EQ_RA_MAIN' [astropy.io.votable.tree]
WARNING: W06: None:40:4: W06: Invalid UCD 'POS_EQ_RA_MAIN': Unknown word 'POS_EQ_RA_MAIN' [astropy.io.votable.tree]
WARNING: W06: None:43:4: W06: Invalid UCD 'POS_EQ_DEC_MAIN': Unknown word 'POS_EQ_DEC_MAIN' [astropy.io.votable.tree]
WARNING: W06: None:49:4: W06: Invalid UCD 'ID_MAIN': Unknown word 'ID_MAIN' [astropy.io.votable.tree]
WARNING: W50: None:64:4: W50: Invalid unit string 'log(0.1arcmin)' [astropy.io.votable.tree]
WARNING: W06: None:40:4: W06: Invalid UCD 'POS_EQ_RA_MAIN': Unknown word 'POS_EQ_RA_MAIN' [astropy.io.votable.tree]
FilterColumns6 (rank 18): PE FilterColumns6 total idle time: 24.4547 seconds
PE FilterColumns6 total idle time: 24.4547 seconds
FilterColumns6 (rank 18): Processed 55 iterations.
FilterColumns6 (rank 17): PE FilterColumns6 total idle time: 24.5023 seconds
PE FilterColumns6 total idle time: 24.5023 seconds
FilterColumns6 (rank 17): Processed 55 iterations.
FilterColumns6 (rank 16): PE FilterColumns6 total idle time: 24.5454 seconds
PE FilterColumns6 total idle time: 24.5454 seconds
FilterColumns6 (rank 16): Processed 55 iterations.
WARNING: W06: None:40:4: W06: Invalid UCD 'POS_EQ_RA_MAIN': Unknown word 'POS_EQ_RA_MAIN' [astropy.io.votable.tree]
WARNING: W06: None:43:4: W06: Invalid UCD 'POS_EQ_DEC_MAIN': Unknown word 'POS_EQ_DEC_MAIN' [astropy.io.votable.tree]
WARNING: W06: None:49:4: W06: Invalid UCD 'ID_MAIN': Unknown word 'ID_MAIN' [astropy.io.votable.tree]
WARNING: W50: None:64:4: W50: Invalid unit string 'log(0.1arcmin)' [astropy.io.votable.tree]
WARNING: W06: None:40:4: W06: Invalid UCD 'POS_EQ_RA_MAIN': Unknown word 'POS_EQ_RA_MAIN' [astropy.io.votable.tree]
WARNING: W06: None:40:4: W06: Invalid UCD 'POS_EQ_RA_MAIN': Unknown word 'POS_EQ_RA_MAIN' [astropy.io.votable.tree]
WARNING: W06: None:43:4: W06: Invalid UCD 'POS_EQ_DEC_MAIN': Unknown word 'POS_EQ_DEC_MAIN' [astropy.io.votable.tree]
WARNING: W06: None:49:4: W06: Invalid UCD 'ID_MAIN': Unknown word 'ID_MAIN' [astropy.io.votable.tree]
WARNING: W50: None:64:4: W50: Invalid unit string 'log(0.1arcmin)' [astropy.io.votable.tree]
WARNING: W06: None:40:4: W06: Invalid UCD 'POS_EQ_RA_MAIN': Unknown word 'POS_EQ_RA_MAIN' [astropy.io.votable.tree]
FilterColumns6 (rank 14): PE FilterColumns6 total idle time: 24.4268 seconds
PE FilterColumns6 total idle time: 24.4268 seconds
FilterColumns6 (rank 14): Processed 56 iterations.
WARNING: W06: None:40:4: W06: Invalid UCD 'POS_EQ_RA_MAIN': Unknown word 'POS_EQ_RA_MAIN' [astropy.io.votable.tree]
WARNING: W06: None:43:4: W06: Invalid UCD 'POS_EQ_DEC_MAIN': Unknown word 'POS_EQ_DEC_MAIN' [astropy.io.votable.tree]
WARNING: W06: None:49:4: W06: Invalid UCD 'ID_MAIN': Unknown word 'ID_MAIN' [astropy.io.votable.tree]
WARNING: W50: None:64:4: W50: Invalid unit string 'log(0.1arcmin)' [astropy.io.votable.tree]
WARNING: W06: None:40:4: W06: Invalid UCD 'POS_EQ_RA_MAIN': Unknown word 'POS_EQ_RA_MAIN' [astropy.io.votable.tree]
WARNING: W06: None:40:4: W06: Invalid UCD 'POS_EQ_RA_MAIN': Unknown word 'POS_EQ_RA_MAIN' [astropy.io.votable.tree]
WARNING: W06: None:43:4: W06: Invalid UCD 'POS_EQ_DEC_MAIN': Unknown word 'POS_EQ_DEC_MAIN' [astropy.io.votable.tree]
WARNING: W06: None:49:4: W06: Invalid UCD 'ID_MAIN': Unknown word 'ID_MAIN' [astropy.io.votable.tree]
WARNING: W50: None:64:4: W50: Invalid unit string 'log(0.1arcmin)' [astropy.io.votable.tree]
WARNING: W06: None:40:4: W06: Invalid UCD 'POS_EQ_RA_MAIN': Unknown word 'POS_EQ_RA_MAIN' [astropy.io.votable.tree]
FilterColumns6 (rank 10): PE FilterColumns6 total idle time: 24.6015 seconds
PE FilterColumns6 total idle time: 24.6015 seconds
FilterColumns6 (rank 10): Processed 55 iterations.
FilterColumns6 (rank 13): PE FilterColumns6 total idle time: 24.4679 seconds
PE FilterColumns6 total idle time: 24.4679 seconds
FilterColumns6 (rank 13): Processed 56 iterations.
WARNING: W06: None:40:4: W06: Invalid UCD 'POS_EQ_RA_MAIN': Unknown word 'POS_EQ_RA_MAIN' [astropy.io.votable.tree]
WARNING: W06: None:43:4: W06: Invalid UCD 'POS_EQ_DEC_MAIN': Unknown word 'POS_EQ_DEC_MAIN' [astropy.io.votable.tree]
WARNING: W06: None:49:4: W06: Invalid UCD 'ID_MAIN': Unknown word 'ID_MAIN' [astropy.io.votable.tree]
WARNING: W50: None:64:4: W50: Invalid unit string 'log(0.1arcmin)' [astropy.io.votable.tree]
WARNING: W06: None:40:4: W06: Invalid UCD 'POS_EQ_RA_MAIN': Unknown word 'POS_EQ_RA_MAIN' [astropy.io.votable.tree]
WARNING: W06: None:40:4: W06: Invalid UCD 'POS_EQ_RA_MAIN': Unknown word 'POS_EQ_RA_MAIN' [astropy.io.votable.tree]
WARNING: W06: None:43:4: W06: Invalid UCD 'POS_EQ_DEC_MAIN': Unknown word 'POS_EQ_DEC_MAIN' [astropy.io.votable.tree]
WARNING: W06: None:49:4: W06: Invalid UCD 'ID_MAIN': Unknown word 'ID_MAIN' [astropy.io.votable.tree]
WARNING: W50: None:64:4: W50: Invalid unit string 'log(0.1arcmin)' [astropy.io.votable.tree]
WARNING: W06: None:40:4: W06: Invalid UCD 'POS_EQ_RA_MAIN': Unknown word 'POS_EQ_RA_MAIN' [astropy.io.votable.tree]
InternalExtinction7 (rank 25): PE InternalExtinction7 total idle time: 40.0291 seconds
PE InternalExtinction7 total idle time: 40.0291 seconds
InternalExtinction7 (rank 25): Processed 56 iterations.
InternalExtinction7 (rank 19): PE InternalExtinction7 total idle time: 40.0375 seconds
PE InternalExtinction7 total idle time: 40.0375 seconds
InternalExtinction7 (rank 19): Processed 55 iterations.
InternalExtinction7 (rank 22): PE InternalExtinction7 total idle time: 40.0337 seconds
PE InternalExtinction7 total idle time: 40.0337 seconds
InternalExtinction7 (rank 22): Processed 56 iterations.
InternalExtinction7 (rank 26): PE InternalExtinction7 total idle time: 40.0289 seconds
PE InternalExtinction7 total idle time: 40.0289 seconds
InternalExtinction7 (rank 26): Processed 55 iterations.
InternalExtinction7 (rank 20): PE InternalExtinction7 total idle time: 40.0358 seconds
PE InternalExtinction7 total idle time: 40.0358 seconds
InternalExtinction7 (rank 20): Processed 55 iterations.
InternalExtinction7 (rank 24): PE InternalExtinction7 total idle time: 40.0319 seconds
PE InternalExtinction7 total idle time: 40.0319 seconds
InternalExtinction7 (rank 24): Processed 56 iterations.
InternalExtinction7 (rank 27): PE InternalExtinction7 total idle time: 40.0276 seconds
PE InternalExtinction7 total idle time: 40.0276 seconds
InternalExtinction7 (rank 27): Processed 55 iterations.
InternalExtinction7 (rank 21): PE InternalExtinction7 total idle time: 40.0350 seconds
PE InternalExtinction7 total idle time: 40.0350 seconds
InternalExtinction7 (rank 21): Processed 56 iterations.
FilterColumns6 (rank 15): PE FilterColumns6 total idle time: 24.5143 seconds
PE FilterColumns6 total idle time: 24.5143 seconds
FilterColumns6 (rank 15): Processed 56 iterations.
WARNING: W06: None:40:4: W06: Invalid UCD 'POS_EQ_RA_MAIN': Unknown word 'POS_EQ_RA_MAIN' [astropy.io.votable.tree]
WARNING: W06: None:43:4: W06: Invalid UCD 'POS_EQ_DEC_MAIN': Unknown word 'POS_EQ_DEC_MAIN' [astropy.io.votable.tree]
WARNING: W06: None:49:4: W06: Invalid UCD 'ID_MAIN': Unknown word 'ID_MAIN' [astropy.io.votable.tree]
WARNING: W50: None:64:4: W50: Invalid unit string 'log(0.1arcmin)' [astropy.io.votable.tree]
WARNING: W06: None:40:4: W06: Invalid UCD 'POS_EQ_RA_MAIN': Unknown word 'POS_EQ_RA_MAIN' [astropy.io.votable.tree]
InternalExtinction7 (rank 23): PE InternalExtinction7 total idle time: 40.0336 seconds
PE InternalExtinction7 total idle time: 40.0336 seconds
InternalExtinction7 (rank 23): Processed 56 iterations.
NEW ELAPSED TIME: 40.09702
NEW ELAPSED TOTAL CPU TIME: 1070.99852
