RUN ARGS: 
Namespace(attr=None, data='{"read" : [ {"input" : "cp_coordinates_500.txt"} ]}', file=None, iter=1, module='int_ext_graph_uniform.py', num=20, provenance=None, simple=False, target='multi')
==========
Processes: {'read4': range(0, 1), 'GetVOTable5': range(1, 7), 'FilterColumns6': range(7, 13), 'InternalExtinction7': range(13, 19)}
read4 (rank 0): PE read4 total idle time: 0.0000 seconds
PE read4 total idle time: 0.0000 seconds
read4 (rank 0): Processed 1 iteration.
GetVOTable5 (rank 5): PE GetVOTable5 total idle time: 0.0061 seconds
PE GetVOTable5 total idle time: 0.0061 seconds
GetVOTable5 (rank 5): Processed 83 iterations.
GetVOTable5 (rank 1): PE GetVOTable5 total idle time: 0.0040 seconds
PE GetVOTable5 total idle time: 0.0040 seconds
GetVOTable5 (rank 1): Processed 84 iterations.
GetVOTable5 (rank 6): PE GetVOTable5 total idle time: 0.0058 seconds
PE GetVOTable5 total idle time: 0.0058 seconds
GetVOTable5 (rank 6): Processed 83 iterations.
GetVOTable5 (rank 3): PE GetVOTable5 total idle time: 0.0049 seconds
PE GetVOTable5 total idle time: 0.0049 seconds
GetVOTable5 (rank 3): Processed 83 iterations.
GetVOTable5 (rank 4): PE GetVOTable5 total idle time: 0.0051 seconds
PE GetVOTable5 total idle time: 0.0051 seconds
GetVOTable5 (rank 4): Processed 83 iterations.
GetVOTable5 (rank 2): PE GetVOTable5 total idle time: 0.0049 seconds
PE GetVOTable5 total idle time: 0.0049 seconds
GetVOTable5 (rank 2): Processed 84 iterations.
FilterColumns6 (rank 9): PE FilterColumns6 total idle time: 40.0022 seconds
PE FilterColumns6 total idle time: 40.0022 seconds
FilterColumns6 (rank 9): Processed 83 iterations.
WARNING: W06: None:40:4: W06: Invalid UCD 'POS_EQ_RA_MAIN': Unknown word 'POS_EQ_RA_MAIN' [astropy.io.votable.tree]
WARNING: W06: None:43:4: W06: Invalid UCD 'POS_EQ_DEC_MAIN': Unknown word 'POS_EQ_DEC_MAIN' [astropy.io.votable.tree]
WARNING: W06: None:49:4: W06: Invalid UCD 'ID_MAIN': Unknown word 'ID_MAIN' [astropy.io.votable.tree]
WARNING: W50: None:64:4: W50: Invalid unit string 'log(0.1arcmin)' [astropy.io.votable.tree]
WARNING: W06: None:40:4: W06: Invalid UCD 'POS_EQ_RA_MAIN': Unknown word 'POS_EQ_RA_MAIN' [astropy.io.votable.tree]
FilterColumns6 (rank 8): PE FilterColumns6 total idle time: 39.9669 seconds
PE FilterColumns6 total idle time: 39.9669 seconds
FilterColumns6 (rank 8): Processed 83 iterations.
WARNING: W06: None:40:4: W06: Invalid UCD 'POS_EQ_RA_MAIN': Unknown word 'POS_EQ_RA_MAIN' [astropy.io.votable.tree]
WARNING: W06: None:43:4: W06: Invalid UCD 'POS_EQ_DEC_MAIN': Unknown word 'POS_EQ_DEC_MAIN' [astropy.io.votable.tree]
WARNING: W06: None:49:4: W06: Invalid UCD 'ID_MAIN': Unknown word 'ID_MAIN' [astropy.io.votable.tree]
WARNING: W50: None:64:4: W50: Invalid unit string 'log(0.1arcmin)' [astropy.io.votable.tree]
WARNING: W06: None:40:4: W06: Invalid UCD 'POS_EQ_RA_MAIN': Unknown word 'POS_EQ_RA_MAIN' [astropy.io.votable.tree]
FilterColumns6 (rank 12): PE FilterColumns6 total idle time: 39.9616 seconds
PE FilterColumns6 total idle time: 39.9616 seconds
FilterColumns6 (rank 12): Processed 84 iterations.
WARNING: W06: None:40:4: W06: Invalid UCD 'POS_EQ_RA_MAIN': Unknown word 'POS_EQ_RA_MAIN' [astropy.io.votable.tree]
WARNING: W06: None:43:4: W06: Invalid UCD 'POS_EQ_DEC_MAIN': Unknown word 'POS_EQ_DEC_MAIN' [astropy.io.votable.tree]
WARNING: W06: None:49:4: W06: Invalid UCD 'ID_MAIN': Unknown word 'ID_MAIN' [astropy.io.votable.tree]
WARNING: W50: None:64:4: W50: Invalid unit string 'log(0.1arcmin)' [astropy.io.votable.tree]
WARNING: W06: None:40:4: W06: Invalid UCD 'POS_EQ_RA_MAIN': Unknown word 'POS_EQ_RA_MAIN' [astropy.io.votable.tree]
FilterColumns6 (rank 10): PE FilterColumns6 total idle time: 39.9683 seconds
PE FilterColumns6 total idle time: 39.9683 seconds
FilterColumns6 (rank 10): Processed 83 iterations.
WARNING: W06: None:40:4: W06: Invalid UCD 'POS_EQ_RA_MAIN': Unknown word 'POS_EQ_RA_MAIN' [astropy.io.votable.tree]
WARNING: W06: None:43:4: W06: Invalid UCD 'POS_EQ_DEC_MAIN': Unknown word 'POS_EQ_DEC_MAIN' [astropy.io.votable.tree]
WARNING: W06: None:49:4: W06: Invalid UCD 'ID_MAIN': Unknown word 'ID_MAIN' [astropy.io.votable.tree]
WARNING: W50: None:64:4: W50: Invalid unit string 'log(0.1arcmin)' [astropy.io.votable.tree]
WARNING: W06: None:40:4: W06: Invalid UCD 'POS_EQ_RA_MAIN': Unknown word 'POS_EQ_RA_MAIN' [astropy.io.votable.tree]
FilterColumns6 (rank 11): PE FilterColumns6 total idle time: 40.0076 seconds
PE FilterColumns6 total idle time: 40.0076 seconds
FilterColumns6 (rank 11): Processed 83 iterations.
WARNING: W06: None:40:4: W06: Invalid UCD 'POS_EQ_RA_MAIN': Unknown word 'POS_EQ_RA_MAIN' [astropy.io.votable.tree]
WARNING: W06: None:43:4: W06: Invalid UCD 'POS_EQ_DEC_MAIN': Unknown word 'POS_EQ_DEC_MAIN' [astropy.io.votable.tree]
WARNING: W06: None:49:4: W06: Invalid UCD 'ID_MAIN': Unknown word 'ID_MAIN' [astropy.io.votable.tree]
WARNING: W50: None:64:4: W50: Invalid unit string 'log(0.1arcmin)' [astropy.io.votable.tree]
WARNING: W06: None:40:4: W06: Invalid UCD 'POS_EQ_RA_MAIN': Unknown word 'POS_EQ_RA_MAIN' [astropy.io.votable.tree]
InternalExtinction7 (rank 18): PE InternalExtinction7 total idle time: 40.4998 seconds
PE InternalExtinction7 total idle time: 40.4998 seconds
InternalExtinction7 (rank 18): Processed 84 iterations.
InternalExtinction7 (rank 14): PE InternalExtinction7 total idle time: 40.5054 seconds
PE InternalExtinction7 total idle time: 40.5054 seconds
InternalExtinction7 (rank 14): Processed 83 iterations.
InternalExtinction7 (rank 15): PE InternalExtinction7 total idle time: 40.5042 seconds
PE InternalExtinction7 total idle time: 40.5042 seconds
InternalExtinction7 (rank 15): Processed 83 iterations.
InternalExtinction7 (rank 16): PE InternalExtinction7 total idle time: 40.5030 seconds
PE InternalExtinction7 total idle time: 40.5030 seconds
InternalExtinction7 (rank 16): Processed 83 iterations.
InternalExtinction7 (rank 13): PE InternalExtinction7 total idle time: 40.5067 seconds
PE InternalExtinction7 total idle time: 40.5067 seconds
InternalExtinction7 (rank 13): Processed 83 iterations.
InternalExtinction7 (rank 17): PE InternalExtinction7 total idle time: 40.5017 seconds
PE InternalExtinction7 total idle time: 40.5017 seconds
InternalExtinction7 (rank 17): Processed 84 iterations.
FilterColumns6 (rank 7): PE FilterColumns6 total idle time: 39.9567 seconds
PE FilterColumns6 total idle time: 39.9567 seconds
FilterColumns6 (rank 7): Processed 84 iterations.
WARNING: W06: None:40:4: W06: Invalid UCD 'POS_EQ_RA_MAIN': Unknown word 'POS_EQ_RA_MAIN' [astropy.io.votable.tree]
WARNING: W06: None:43:4: W06: Invalid UCD 'POS_EQ_DEC_MAIN': Unknown word 'POS_EQ_DEC_MAIN' [astropy.io.votable.tree]
WARNING: W06: None:49:4: W06: Invalid UCD 'ID_MAIN': Unknown word 'ID_MAIN' [astropy.io.votable.tree]
WARNING: W50: None:64:4: W50: Invalid unit string 'log(0.1arcmin)' [astropy.io.votable.tree]
WARNING: W06: None:40:4: W06: Invalid UCD 'POS_EQ_RA_MAIN': Unknown word 'POS_EQ_RA_MAIN' [astropy.io.votable.tree]
NEW ELAPSED TIME: 40.54242
NEW ELAPSED TOTAL CPU TIME: 713.92621
