RUN ARGS: 
Namespace(attr=None, data='{"read" : [ {"input" : "cp_coordinates_500.txt"} ]}', file=None, iter=1, module='int_ext_graph_uniform.py', num=28, provenance=None, simple=False, target='multi')
==========
Processes: {'read4': range(0, 1), 'GetVOTable5': range(1, 10), 'FilterColumns6': range(10, 19), 'InternalExtinction7': range(19, 28)}
read4 (rank 0): PE read4 total idle time: 0.0000 seconds
PE read4 total idle time: 0.0000 seconds
read4 (rank 0): Processed 1 iteration.
GetVOTable5 (rank 5): PE GetVOTable5 total idle time: 0.0156 seconds
PE GetVOTable5 total idle time: 0.0156 seconds
GetVOTable5 (rank 5): Processed 56 iterations.
GetVOTable5 (rank 7): PE GetVOTable5 total idle time: 0.0128 seconds
PE GetVOTable5 total idle time: 0.0128 seconds
GetVOTable5 (rank 7): Processed 55 iterations.
GetVOTable5 (rank 8): PE GetVOTable5 total idle time: 0.0099 seconds
PE GetVOTable5 total idle time: 0.0099 seconds
GetVOTable5 (rank 8): Processed 55 iterations.
GetVOTable5 (rank 9): PE GetVOTable5 total idle time: 0.0085 seconds
PE GetVOTable5 total idle time: 0.0085 seconds
GetVOTable5 (rank 9): Processed 55 iterations.
GetVOTable5 (rank 6): PE GetVOTable5 total idle time: 0.0128 seconds
PE GetVOTable5 total idle time: 0.0128 seconds
GetVOTable5 (rank 6): Processed 55 iterations.
GetVOTable5 (rank 4): PE GetVOTable5 total idle time: 0.0151 seconds
PE GetVOTable5 total idle time: 0.0151 seconds
GetVOTable5 (rank 4): Processed 56 iterations.
GetVOTable5 (rank 3): PE GetVOTable5 total idle time: 0.0175 seconds
PE GetVOTable5 total idle time: 0.0175 seconds
GetVOTable5 (rank 3): Processed 56 iterations.
GetVOTable5 (rank 2): PE GetVOTable5 total idle time: 0.0170 seconds
PE GetVOTable5 total idle time: 0.0170 seconds
GetVOTable5 (rank 2): Processed 56 iterations.
GetVOTable5 (rank 1): PE GetVOTable5 total idle time: 0.0189 seconds
PE GetVOTable5 total idle time: 0.0189 seconds
GetVOTable5 (rank 1): Processed 56 iterations.
FilterColumns6 (rank 13): PE FilterColumns6 total idle time: 28.3707 seconds
PE FilterColumns6 total idle time: 28.3707 seconds
FilterColumns6 (rank 13): Processed 56 iterations.
WARNING: W06: None:40:4: W06: Invalid UCD 'POS_EQ_RA_MAIN': Unknown word 'POS_EQ_RA_MAIN' [astropy.io.votable.tree]
WARNING: W06: None:43:4: W06: Invalid UCD 'POS_EQ_DEC_MAIN': Unknown word 'POS_EQ_DEC_MAIN' [astropy.io.votable.tree]
WARNING: W06: None:49:4: W06: Invalid UCD 'ID_MAIN': Unknown word 'ID_MAIN' [astropy.io.votable.tree]
WARNING: W50: None:64:4: W50: Invalid unit string 'log(0.1arcmin)' [astropy.io.votable.tree]
WARNING: W06: None:40:4: W06: Invalid UCD 'POS_EQ_RA_MAIN': Unknown word 'POS_EQ_RA_MAIN' [astropy.io.votable.tree]
FilterColumns6 (rank 10): PE FilterColumns6 total idle time: 28.3992 seconds
PE FilterColumns6 total idle time: 28.3992 seconds
FilterColumns6 (rank 10): Processed 55 iterations.
FilterColumns6 (rank 17): PE FilterColumns6 total idle time: 28.3855 seconds
PE FilterColumns6 total idle time: 28.3855 seconds
FilterColumns6 (rank 17): Processed 55 iterations.
WARNING: W06: None:40:4: W06: Invalid UCD 'POS_EQ_RA_MAIN': Unknown word 'POS_EQ_RA_MAIN' [astropy.io.votable.tree]
WARNING: W06: None:43:4: W06: Invalid UCD 'POS_EQ_DEC_MAIN': Unknown word 'POS_EQ_DEC_MAIN' [astropy.io.votable.tree]
WARNING: W06: None:49:4: W06: Invalid UCD 'ID_MAIN': Unknown word 'ID_MAIN' [astropy.io.votable.tree]
WARNING: W50: None:64:4: W50: Invalid unit string 'log(0.1arcmin)' [astropy.io.votable.tree]
WARNING: W06: None:40:4: W06: Invalid UCD 'POS_EQ_RA_MAIN': Unknown word 'POS_EQ_RA_MAIN' [astropy.io.votable.tree]
FilterColumns6 (rank 18): PE FilterColumns6 total idle time: 28.4107 seconds
PE FilterColumns6 total idle time: 28.4107 seconds
FilterColumns6 (rank 18): Processed 55 iterations.
WARNING: W06: None:40:4: W06: Invalid UCD 'POS_EQ_RA_MAIN': Unknown word 'POS_EQ_RA_MAIN' [astropy.io.votable.tree]
WARNING: W06: None:43:4: W06: Invalid UCD 'POS_EQ_DEC_MAIN': Unknown word 'POS_EQ_DEC_MAIN' [astropy.io.votable.tree]
WARNING: W06: None:49:4: W06: Invalid UCD 'ID_MAIN': Unknown word 'ID_MAIN' [astropy.io.votable.tree]
WARNING: W50: None:64:4: W50: Invalid unit string 'log(0.1arcmin)' [astropy.io.votable.tree]
WARNING: W06: None:40:4: W06: Invalid UCD 'POS_EQ_RA_MAIN': Unknown word 'POS_EQ_RA_MAIN' [astropy.io.votable.tree]
WARNING: W06: None:40:4: W06: Invalid UCD 'POS_EQ_RA_MAIN': Unknown word 'POS_EQ_RA_MAIN' [astropy.io.votable.tree]
WARNING: W06: None:43:4: W06: Invalid UCD 'POS_EQ_DEC_MAIN': Unknown word 'POS_EQ_DEC_MAIN' [astropy.io.votable.tree]
WARNING: W06: None:49:4: W06: Invalid UCD 'ID_MAIN': Unknown word 'ID_MAIN' [astropy.io.votable.tree]
WARNING: W50: None:64:4: W50: Invalid unit string 'log(0.1arcmin)' [astropy.io.votable.tree]
WARNING: W06: None:40:4: W06: Invalid UCD 'POS_EQ_RA_MAIN': Unknown word 'POS_EQ_RA_MAIN' [astropy.io.votable.tree]
FilterColumns6 (rank 15): PE FilterColumns6 total idle time: 28.0374 seconds
PE FilterColumns6 total idle time: 28.0374 seconds
FilterColumns6 (rank 15): Processed 56 iterations.
WARNING: W06: None:40:4: W06: Invalid UCD 'POS_EQ_RA_MAIN': Unknown word 'POS_EQ_RA_MAIN' [astropy.io.votable.tree]
WARNING: W06: None:43:4: W06: Invalid UCD 'POS_EQ_DEC_MAIN': Unknown word 'POS_EQ_DEC_MAIN' [astropy.io.votable.tree]
WARNING: W06: None:49:4: W06: Invalid UCD 'ID_MAIN': Unknown word 'ID_MAIN' [astropy.io.votable.tree]
WARNING: W50: None:64:4: W50: Invalid unit string 'log(0.1arcmin)' [astropy.io.votable.tree]
WARNING: W06: None:40:4: W06: Invalid UCD 'POS_EQ_RA_MAIN': Unknown word 'POS_EQ_RA_MAIN' [astropy.io.votable.tree]
FilterColumns6 (rank 14): PE FilterColumns6 total idle time: 27.7494 seconds
PE FilterColumns6 total idle time: 27.7494 seconds
FilterColumns6 (rank 14): Processed 56 iterations.
FilterColumns6 (rank 16): PE FilterColumns6 total idle time: 28.3926 seconds
PE FilterColumns6 total idle time: 28.3926 seconds
FilterColumns6 (rank 16): Processed 55 iterations.
FilterColumns6 (rank 12): PE FilterColumns6 total idle time: 28.3981 seconds
PE FilterColumns6 total idle time: 28.3981 seconds
FilterColumns6 (rank 12): Processed 56 iterations.
WARNING: W06: None:40:4: W06: Invalid UCD 'POS_EQ_RA_MAIN': Unknown word 'POS_EQ_RA_MAIN' [astropy.io.votable.tree]
WARNING: W06: None:43:4: W06: Invalid UCD 'POS_EQ_DEC_MAIN': Unknown word 'POS_EQ_DEC_MAIN' [astropy.io.votable.tree]
WARNING: W06: None:49:4: W06: Invalid UCD 'ID_MAIN': Unknown word 'ID_MAIN' [astropy.io.votable.tree]
WARNING: W50: None:64:4: W50: Invalid unit string 'log(0.1arcmin)' [astropy.io.votable.tree]
WARNING: W06: None:40:4: W06: Invalid UCD 'POS_EQ_RA_MAIN': Unknown word 'POS_EQ_RA_MAIN' [astropy.io.votable.tree]
WARNING: W06: None:40:4: W06: Invalid UCD 'POS_EQ_RA_MAIN': Unknown word 'POS_EQ_RA_MAIN' [astropy.io.votable.tree]
WARNING: W06: None:43:4: W06: Invalid UCD 'POS_EQ_DEC_MAIN': Unknown word 'POS_EQ_DEC_MAIN' [astropy.io.votable.tree]
WARNING: W06: None:49:4: W06: Invalid UCD 'ID_MAIN': Unknown word 'ID_MAIN' [astropy.io.votable.tree]
WARNING: W50: None:64:4: W50: Invalid unit string 'log(0.1arcmin)' [astropy.io.votable.tree]
WARNING: W06: None:40:4: W06: Invalid UCD 'POS_EQ_RA_MAIN': Unknown word 'POS_EQ_RA_MAIN' [astropy.io.votable.tree]
WARNING: W06: None:40:4: W06: Invalid UCD 'POS_EQ_RA_MAIN': Unknown word 'POS_EQ_RA_MAIN' [astropy.io.votable.tree]
WARNING: W06: None:43:4: W06: Invalid UCD 'POS_EQ_DEC_MAIN': Unknown word 'POS_EQ_DEC_MAIN' [astropy.io.votable.tree]
WARNING: W06: None:49:4: W06: Invalid UCD 'ID_MAIN': Unknown word 'ID_MAIN' [astropy.io.votable.tree]
WARNING: W50: None:64:4: W50: Invalid unit string 'log(0.1arcmin)' [astropy.io.votable.tree]
WARNING: W06: None:40:4: W06: Invalid UCD 'POS_EQ_RA_MAIN': Unknown word 'POS_EQ_RA_MAIN' [astropy.io.votable.tree]
InternalExtinction7 (rank 20): PE InternalExtinction7 total idle time: 28.8303 seconds
PE InternalExtinction7 total idle time: 28.8303 seconds
InternalExtinction7 (rank 20): Processed 55 iterations.
InternalExtinction7 (rank 23): PE InternalExtinction7 total idle time: 28.8261 seconds
PE InternalExtinction7 total idle time: 28.8261 seconds
InternalExtinction7 (rank 23): Processed 56 iterations.
InternalExtinction7 (rank 24): PE InternalExtinction7 total idle time: 28.8249 seconds
PE InternalExtinction7 total idle time: 28.8249 seconds
InternalExtinction7 (rank 24): Processed 56 iterations.
InternalExtinction7 (rank 26): PE InternalExtinction7 total idle time: 28.8221 seconds
PE InternalExtinction7 total idle time: 28.8221 seconds
InternalExtinction7 (rank 26): Processed 55 iterations.
InternalExtinction7 (rank 19): PE InternalExtinction7 total idle time: 28.8330 seconds
PE InternalExtinction7 total idle time: 28.8330 seconds
InternalExtinction7 (rank 19): Processed 55 iterations.
InternalExtinction7 (rank 22): PE InternalExtinction7 total idle time: 28.8284 seconds
PE InternalExtinction7 total idle time: 28.8284 seconds
InternalExtinction7 (rank 22): Processed 56 iterations.
InternalExtinction7 (rank 27): PE InternalExtinction7 total idle time: 28.8217 seconds
PE InternalExtinction7 total idle time: 28.8217 seconds
InternalExtinction7 (rank 27): Processed 55 iterations.
InternalExtinction7 (rank 25): PE InternalExtinction7 total idle time: 28.8246 seconds
PE InternalExtinction7 total idle time: 28.8246 seconds
InternalExtinction7 (rank 25): Processed 56 iterations.
FilterColumns6 (rank 11): PE FilterColumns6 total idle time: 28.3767 seconds
PE FilterColumns6 total idle time: 28.3767 seconds
FilterColumns6 (rank 11): Processed 56 iterations.
WARNING: W06: None:40:4: W06: Invalid UCD 'POS_EQ_RA_MAIN': Unknown word 'POS_EQ_RA_MAIN' [astropy.io.votable.tree]
WARNING: W06: None:43:4: W06: Invalid UCD 'POS_EQ_DEC_MAIN': Unknown word 'POS_EQ_DEC_MAIN' [astropy.io.votable.tree]
WARNING: W06: None:49:4: W06: Invalid UCD 'ID_MAIN': Unknown word 'ID_MAIN' [astropy.io.votable.tree]
WARNING: W50: None:64:4: W50: Invalid unit string 'log(0.1arcmin)' [astropy.io.votable.tree]
WARNING: W06: None:40:4: W06: Invalid UCD 'POS_EQ_RA_MAIN': Unknown word 'POS_EQ_RA_MAIN' [astropy.io.votable.tree]
InternalExtinction7 (rank 21): PE InternalExtinction7 total idle time: 28.8294 seconds
PE InternalExtinction7 total idle time: 28.8294 seconds
InternalExtinction7 (rank 21): Processed 56 iterations.
NEW ELAPSED TIME: 28.93879
NEW ELAPSED TOTAL CPU TIME: 768.21015
