RUN ARGS: 
Namespace(attr=None, data='{"read" : [ {"input" : "cp_coordinates_500.txt"} ]}', file=None, iter=1, module='int_ext_graph_skew.py', num=16, provenance=None, simple=False, target='multi')
==========
Processes: {'read4': range(0, 1), 'GetVOTable5': range(1, 6), 'FilterColumns6': range(6, 11), 'InternalExtinction7': range(11, 16)}
read4 (rank 0): PE read4 total idle time: 0.0000 seconds
PE read4 total idle time: 0.0000 seconds
read4 (rank 0): Processed 1 iteration.
GetVOTable5 (rank 2): PE GetVOTable5 total idle time: 0.0321 seconds
PE GetVOTable5 total idle time: 0.0321 seconds
GetVOTable5 (rank 2): Processed 100 iterations.
GetVOTable5 (rank 3): PE GetVOTable5 total idle time: 0.0347 seconds
PE GetVOTable5 total idle time: 0.0347 seconds
GetVOTable5 (rank 3): Processed 100 iterations.
GetVOTable5 (rank 5): PE GetVOTable5 total idle time: 0.0316 seconds
PE GetVOTable5 total idle time: 0.0316 seconds
GetVOTable5 (rank 5): Processed 100 iterations.
GetVOTable5 (rank 4): PE GetVOTable5 total idle time: 0.0301 seconds
PE GetVOTable5 total idle time: 0.0301 seconds
GetVOTable5 (rank 4): Processed 100 iterations.
GetVOTable5 (rank 1): PE GetVOTable5 total idle time: 0.0365 seconds
PE GetVOTable5 total idle time: 0.0365 seconds
GetVOTable5 (rank 1): Processed 100 iterations.
FilterColumns6 (rank 9): PE FilterColumns6 total idle time: 43.5085 seconds
PE FilterColumns6 total idle time: 43.5085 seconds
FilterColumns6 (rank 9): Processed 100 iterations.
FilterColumns6 (rank 6): PE FilterColumns6 total idle time: 43.5723 seconds
PE FilterColumns6 total idle time: 43.5723 seconds
FilterColumns6 (rank 6): Processed 100 iterations.
WARNING: W06: None:40:4: W06: Invalid UCD 'POS_EQ_RA_MAIN': Unknown word 'POS_EQ_RA_MAIN' [astropy.io.votable.tree]
WARNING: W06: None:43:4: W06: Invalid UCD 'POS_EQ_DEC_MAIN': Unknown word 'POS_EQ_DEC_MAIN' [astropy.io.votable.tree]
WARNING: W06: None:49:4: W06: Invalid UCD 'ID_MAIN': Unknown word 'ID_MAIN' [astropy.io.votable.tree]
WARNING: W50: None:64:4: W50: Invalid unit string 'log(0.1arcmin)' [astropy.io.votable.tree]
WARNING: W06: None:40:4: W06: Invalid UCD 'POS_EQ_RA_MAIN': Unknown word 'POS_EQ_RA_MAIN' [astropy.io.votable.tree]
WARNING: W06: None:40:4: W06: Invalid UCD 'POS_EQ_RA_MAIN': Unknown word 'POS_EQ_RA_MAIN' [astropy.io.votable.tree]
WARNING: W06: None:43:4: W06: Invalid UCD 'POS_EQ_DEC_MAIN': Unknown word 'POS_EQ_DEC_MAIN' [astropy.io.votable.tree]
WARNING: W06: None:49:4: W06: Invalid UCD 'ID_MAIN': Unknown word 'ID_MAIN' [astropy.io.votable.tree]
WARNING: W50: None:64:4: W50: Invalid unit string 'log(0.1arcmin)' [astropy.io.votable.tree]
WARNING: W06: None:40:4: W06: Invalid UCD 'POS_EQ_RA_MAIN': Unknown word 'POS_EQ_RA_MAIN' [astropy.io.votable.tree]
FilterColumns6 (rank 8): PE FilterColumns6 total idle time: 43.5840 seconds
PE FilterColumns6 total idle time: 43.5840 seconds
FilterColumns6 (rank 8): Processed 100 iterations.
FilterColumns6 (rank 7): PE FilterColumns6 total idle time: 43.5659 seconds
PE FilterColumns6 total idle time: 43.5659 seconds
FilterColumns6 (rank 7): Processed 100 iterations.
WARNING: W06: None:40:4: W06: Invalid UCD 'POS_EQ_RA_MAIN': Unknown word 'POS_EQ_RA_MAIN' [astropy.io.votable.tree]
WARNING: W06: None:43:4: W06: Invalid UCD 'POS_EQ_DEC_MAIN': Unknown word 'POS_EQ_DEC_MAIN' [astropy.io.votable.tree]
WARNING: W06: None:49:4: W06: Invalid UCD 'ID_MAIN': Unknown word 'ID_MAIN' [astropy.io.votable.tree]
WARNING: W50: None:64:4: W50: Invalid unit string 'log(0.1arcmin)' [astropy.io.votable.tree]
WARNING: W06: None:40:4: W06: Invalid UCD 'POS_EQ_RA_MAIN': Unknown word 'POS_EQ_RA_MAIN' [astropy.io.votable.tree]
WARNING: W06: None:40:4: W06: Invalid UCD 'POS_EQ_RA_MAIN': Unknown word 'POS_EQ_RA_MAIN' [astropy.io.votable.tree]
WARNING: W06: None:43:4: W06: Invalid UCD 'POS_EQ_DEC_MAIN': Unknown word 'POS_EQ_DEC_MAIN' [astropy.io.votable.tree]
WARNING: W06: None:49:4: W06: Invalid UCD 'ID_MAIN': Unknown word 'ID_MAIN' [astropy.io.votable.tree]
WARNING: W50: None:64:4: W50: Invalid unit string 'log(0.1arcmin)' [astropy.io.votable.tree]
WARNING: W06: None:40:4: W06: Invalid UCD 'POS_EQ_RA_MAIN': Unknown word 'POS_EQ_RA_MAIN' [astropy.io.votable.tree]
InternalExtinction7 (rank 11): PE InternalExtinction7 total idle time: 70.6685 seconds
PE InternalExtinction7 total idle time: 70.6685 seconds
InternalExtinction7 (rank 11): Processed 100 iterations.
InternalExtinction7 (rank 12): PE InternalExtinction7 total idle time: 70.6675 seconds
PE InternalExtinction7 total idle time: 70.6675 seconds
InternalExtinction7 (rank 12): Processed 100 iterations.
FilterColumns6 (rank 10): PE FilterColumns6 total idle time: 43.7038 seconds
PE FilterColumns6 total idle time: 43.7038 seconds
FilterColumns6 (rank 10): Processed 100 iterations.
WARNING: W06: None:40:4: W06: Invalid UCD 'POS_EQ_RA_MAIN': Unknown word 'POS_EQ_RA_MAIN' [astropy.io.votable.tree]
WARNING: W06: None:43:4: W06: Invalid UCD 'POS_EQ_DEC_MAIN': Unknown word 'POS_EQ_DEC_MAIN' [astropy.io.votable.tree]
WARNING: W06: None:49:4: W06: Invalid UCD 'ID_MAIN': Unknown word 'ID_MAIN' [astropy.io.votable.tree]
WARNING: W50: None:64:4: W50: Invalid unit string 'log(0.1arcmin)' [astropy.io.votable.tree]
WARNING: W06: None:40:4: W06: Invalid UCD 'POS_EQ_RA_MAIN': Unknown word 'POS_EQ_RA_MAIN' [astropy.io.votable.tree]
InternalExtinction7 (rank 13): PE InternalExtinction7 total idle time: 70.6660 seconds
PE InternalExtinction7 total idle time: 70.6660 seconds
InternalExtinction7 (rank 13): Processed 100 iterations.
InternalExtinction7 (rank 15): PE InternalExtinction7 total idle time: 70.6634 seconds
PE InternalExtinction7 total idle time: 70.6634 seconds
InternalExtinction7 (rank 15): Processed 100 iterations.
InternalExtinction7 (rank 14): PE InternalExtinction7 total idle time: 70.6654 seconds
PE InternalExtinction7 total idle time: 70.6654 seconds
InternalExtinction7 (rank 14): Processed 100 iterations.
NEW ELAPSED TIME: 70.74992
NEW ELAPSED TOTAL CPU TIME: 1051.70470
