RUN ARGS: 
Namespace(attr=None, data='{"read" : [ {"input" : "cp_coordinates_500.txt"} ]}', file=None, iter=1, module='int_ext_graph_skew.py', num=8, provenance=None, simple=False, target='multi')
==========
Processes: {'read4': range(0, 1), 'GetVOTable5': range(1, 3), 'FilterColumns6': range(3, 5), 'InternalExtinction7': range(5, 7)}
read4 (rank 0): PE read4 total idle time: 0.0000 seconds
PE read4 total idle time: 0.0000 seconds
read4 (rank 0): Processed 1 iteration.
GetVOTable5 (rank 2): PE GetVOTable5 total idle time: 0.0151 seconds
PE GetVOTable5 total idle time: 0.0151 seconds
GetVOTable5 (rank 2): Processed 250 iterations.
GetVOTable5 (rank 1): PE GetVOTable5 total idle time: 0.0208 seconds
PE GetVOTable5 total idle time: 0.0208 seconds
GetVOTable5 (rank 1): Processed 250 iterations.
FilterColumns6 (rank 3): PE FilterColumns6 total idle time: 113.2372 seconds
PE FilterColumns6 total idle time: 113.2372 seconds
FilterColumns6 (rank 3): Processed 250 iterations.
WARNING: W06: None:40:4: W06: Invalid UCD 'POS_EQ_RA_MAIN': Unknown word 'POS_EQ_RA_MAIN' [astropy.io.votable.tree]
WARNING: W06: None:43:4: W06: Invalid UCD 'POS_EQ_DEC_MAIN': Unknown word 'POS_EQ_DEC_MAIN' [astropy.io.votable.tree]
WARNING: W06: None:49:4: W06: Invalid UCD 'ID_MAIN': Unknown word 'ID_MAIN' [astropy.io.votable.tree]
WARNING: W50: None:64:4: W50: Invalid unit string 'log(0.1arcmin)' [astropy.io.votable.tree]
WARNING: W06: None:40:4: W06: Invalid UCD 'POS_EQ_RA_MAIN': Unknown word 'POS_EQ_RA_MAIN' [astropy.io.votable.tree]
FilterColumns6 (rank 4): PE FilterColumns6 total idle time: 113.5152 seconds
PE FilterColumns6 total idle time: 113.5152 seconds
FilterColumns6 (rank 4): Processed 250 iterations.
WARNING: W06: None:40:4: W06: Invalid UCD 'POS_EQ_RA_MAIN': Unknown word 'POS_EQ_RA_MAIN' [astropy.io.votable.tree]
WARNING: W06: None:43:4: W06: Invalid UCD 'POS_EQ_DEC_MAIN': Unknown word 'POS_EQ_DEC_MAIN' [astropy.io.votable.tree]
WARNING: W06: None:49:4: W06: Invalid UCD 'ID_MAIN': Unknown word 'ID_MAIN' [astropy.io.votable.tree]
WARNING: W50: None:64:4: W50: Invalid unit string 'log(0.1arcmin)' [astropy.io.votable.tree]
WARNING: W06: None:40:4: W06: Invalid UCD 'POS_EQ_RA_MAIN': Unknown word 'POS_EQ_RA_MAIN' [astropy.io.votable.tree]
InternalExtinction7 (rank 5): PE InternalExtinction7 total idle time: 183.3544 seconds
PE InternalExtinction7 total idle time: 183.3544 seconds
InternalExtinction7 (rank 5): Processed 250 iterations.
InternalExtinction7 (rank 6): PE InternalExtinction7 total idle time: 183.3522 seconds
PE InternalExtinction7 total idle time: 183.3522 seconds
InternalExtinction7 (rank 6): Processed 250 iterations.
NEW ELAPSED TIME: 183.38167
NEW ELAPSED TOTAL CPU TIME: 1097.26354
