RUN ARGS: 
Namespace(attr=None, data='{"read" : [ {"input" : "cp_coordinates_500.txt"} ]}', file=None, iter=1, module='int_ext_graph_skew.py', num=16, provenance=None, simple=False, target='multi')
==========
Processes: {'read4': range(0, 1), 'GetVOTable5': range(1, 6), 'FilterColumns6': range(6, 11), 'InternalExtinction7': range(11, 16)}
[ReadRaDec] in 0.2186 seconds.
read4 (rank 0): Processed 1 iteration.
[GetVOTable] in 0.6317 seconds.
[GetVOTable] in 0.5327 seconds.
[GetVOTable] in 0.6754 seconds.
[GetVOTable] in 0.4260 seconds.
[GetVOTable] in 0.8055 seconds.
[GetVOTable] in 0.3880 seconds.
[GetVOTable] in 0.7876 seconds.
[GetVOTable] in 0.4488 seconds.
[GetVOTable] in 0.4581 seconds.
[GetVOTable] in 0.6460 seconds.
[GetVOTable] in 0.8079 seconds.
[GetVOTable] in 0.3753 seconds.
[GetVOTable] in 0.6217 seconds.
[GetVOTable] in 0.5670 seconds.
[GetVOTable] in 0.4132 seconds.
[GetVOTable] in 0.6674 seconds.
[GetVOTable] in 0.4342 seconds.
[GetVOTable] in 0.6099 seconds.
[GetVOTable] in 0.4336 seconds.
[GetVOTable] in 0.4725 seconds.
[GetVOTable] in 0.5405 seconds.
[GetVOTable] in 0.6962 seconds.
[GetVOTable] in 0.4782 seconds.
[GetVOTable] in 0.5748 seconds.
[GetVOTable] in 0.4978 seconds.
[GetVOTable] in 0.4746 seconds.
[GetVOTable] in 0.6371 seconds.
[GetVOTable] in 0.6357 seconds.
[GetVOTable] in 0.6009 seconds.
[GetVOTable] in 0.6554 seconds.
[GetVOTable] in 0.3976 seconds.
[GetVOTable] in 0.5216 seconds.
[GetVOTable] in 0.5919 seconds.
[GetVOTable] in 0.3474 seconds.
[GetVOTable] in 0.3770 seconds.
[GetVOTable] in 0.5294 seconds.
[GetVOTable] in 0.7364 seconds.
[GetVOTable] in 0.9005 seconds.
[GetVOTable] in 0.4593 seconds.
[GetVOTable] in 0.3431 seconds.
[GetVOTable] in 0.3523 seconds.
[GetVOTable] in 0.4971 seconds.
[GetVOTable] in 0.8238 seconds.
[GetVOTable] in 0.3398 seconds.
[GetVOTable] in 0.5135 seconds.
[GetVOTable] in 0.6813 seconds.
[GetVOTable] in 0.4111 seconds.
[GetVOTable] in 0.6643 seconds.
[GetVOTable] in 0.7365 seconds.
[GetVOTable] in 0.3728 seconds.
[GetVOTable] in 0.6393 seconds.
[GetVOTable] in 0.5639 seconds.
[GetVOTable] in 0.4869 seconds.
[GetVOTable] in 0.4933 seconds.
[GetVOTable] in 0.7715 seconds.
[GetVOTable] in 0.3489 seconds.
[GetVOTable] in 0.4600 seconds.
[GetVOTable] in 0.6266 seconds.
[GetVOTable] in 0.6287 seconds.
[GetVOTable] in 0.7584 seconds.
[GetVOTable] in 0.4331 seconds.
[GetVOTable] in 0.7735 seconds.
[GetVOTable] in 0.6699 seconds.
[GetVOTable] in 0.6377 seconds.
[GetVOTable] in 0.4911 seconds.
[GetVOTable] in 0.6852 seconds.
[GetVOTable] in 0.5044 seconds.
[GetVOTable] in 1.1329 seconds.
[GetVOTable] in 0.4755 seconds.
[GetVOTable] in 0.4666 seconds.
[GetVOTable] in 0.6771 seconds.
[GetVOTable] in 0.4020 seconds.
[GetVOTable] in 0.5168 seconds.
[GetVOTable] in 0.6330 seconds.
[GetVOTable] in 0.5581 seconds.
[GetVOTable] in 0.3535 seconds.
[GetVOTable] in 0.7619 seconds.
[GetVOTable] in 0.8044 seconds.
[GetVOTable] in 0.5578 seconds.
[GetVOTable] in 0.3341 seconds.
[GetVOTable] in 0.3307 seconds.
[GetVOTable] in 0.3834 seconds.
[GetVOTable] in 0.6336 seconds.
[GetVOTable] in 0.3948 seconds.
[GetVOTable] in 0.4370 seconds.
[GetVOTable] in 0.7381 seconds.
[GetVOTable] in 0.5764 seconds.
[GetVOTable] in 0.5630 seconds.
[GetVOTable] in 0.7507 seconds.
[GetVOTable] in 0.4386 seconds.
[GetVOTable] in 0.5116 seconds.
[GetVOTable] in 0.4569 seconds.
[GetVOTable] in 0.5289 seconds.
[GetVOTable] in 0.5438 seconds.
[GetVOTable] in 0.7441 seconds.
[GetVOTable] in 0.7125 seconds.
[GetVOTable] in 0.7562 seconds.
[GetVOTable] in 0.4549 seconds.
[GetVOTable] in 0.5976 seconds.
[GetVOTable] in 0.4891 seconds.
GetVOTable5 (rank 1): Processed 100 iterations.
[GetVOTable] in 0.6549 seconds.
[GetVOTable] in 0.5408 seconds.
[GetVOTable] in 0.6715 seconds.
[GetVOTable] in 0.4008 seconds.
[GetVOTable] in 0.8031 seconds.
[GetVOTable] in 0.3791 seconds.
[GetVOTable] in 0.8117 seconds.
[GetVOTable] in 0.4300 seconds.
[GetVOTable] in 0.4756 seconds.
[GetVOTable] in 0.6311 seconds.
[GetVOTable] in 0.8140 seconds.
[GetVOTable] in 0.3397 seconds.
[GetVOTable] in 0.6810 seconds.
[GetVOTable] in 0.5492 seconds.
[GetVOTable] in 0.4304 seconds.
[GetVOTable] in 0.6162 seconds.
[GetVOTable] in 0.4225 seconds.
[GetVOTable] in 0.6152 seconds.
[GetVOTable] in 0.4358 seconds.
[GetVOTable] in 0.4826 seconds.
[GetVOTable] in 0.5042 seconds.
[GetVOTable] in 0.6669 seconds.
[GetVOTable] in 0.5129 seconds.
[GetVOTable] in 0.6094 seconds.
[GetVOTable] in 0.4917 seconds.
[GetVOTable] in 0.4680 seconds.
[GetVOTable] in 0.6385 seconds.
[GetVOTable] in 0.6451 seconds.
[GetVOTable] in 0.5979 seconds.
[GetVOTable] in 0.6599 seconds.
[GetVOTable] in 0.3953 seconds.
[GetVOTable] in 0.4778 seconds.
[GetVOTable] in 0.6046 seconds.
[GetVOTable] in 0.3449 seconds.
[GetVOTable] in 0.3901 seconds.
[GetVOTable] in 0.5782 seconds.
[GetVOTable] in 0.7312 seconds.
[GetVOTable] in 0.9500 seconds.
[GetVOTable] in 0.4357 seconds.
[GetVOTable] in 0.3497 seconds.
[GetVOTable] in 0.3845 seconds.
[GetVOTable] in 0.5267 seconds.
[GetVOTable] in 0.7992 seconds.
[GetVOTable] in 0.3458 seconds.
[GetVOTable] in 0.5146 seconds.
[GetVOTable] in 0.6421 seconds.
[GetVOTable] in 0.4139 seconds.
[GetVOTable] in 0.6963 seconds.
[GetVOTable] in 0.7308 seconds.
[GetVOTable] in 0.4031 seconds.
[GetVOTable] in 0.6277 seconds.
[GetVOTable] in 0.5689 seconds.
[GetVOTable] in 0.5115 seconds.
[GetVOTable] in 0.5455 seconds.
[GetVOTable] in 0.7230 seconds.
[GetVOTable] in 0.4244 seconds.
[GetVOTable] in 0.4697 seconds.
[GetVOTable] in 0.6678 seconds.
[GetVOTable] in 0.5874 seconds.
[GetVOTable] in 0.7756 seconds.
[GetVOTable] in 0.4804 seconds.
[GetVOTable] in 0.7675 seconds.
[GetVOTable] in 0.6702 seconds.
[GetVOTable] in 0.6380 seconds.
[GetVOTable] in 0.4831 seconds.
[GetVOTable] in 0.6753 seconds.
[GetVOTable] in 0.4963 seconds.
[GetVOTable] in 1.1608 seconds.
[GetVOTable] in 0.4841 seconds.
[GetVOTable] in 0.4465 seconds.
[GetVOTable] in 0.6857 seconds.
[GetVOTable] in 0.3425 seconds.
[GetVOTable] in 0.4796 seconds.
[GetVOTable] in 0.5598 seconds.
[GetVOTable] in 0.5513 seconds.
[GetVOTable] in 0.3760 seconds.
[GetVOTable] in 0.7577 seconds.
[GetVOTable] in 0.8406 seconds.
[GetVOTable] in 0.6016 seconds.
[GetVOTable] in 0.3808 seconds.
[GetVOTable] in 0.2944 seconds.
[GetVOTable] in 0.4052 seconds.
[GetVOTable] in 0.6687 seconds.
[GetVOTable] in 0.4060 seconds.
[GetVOTable] in 0.4145 seconds.
[GetVOTable] in 0.6560 seconds.
[GetVOTable] in 0.5265 seconds.
[GetVOTable] in 0.6446 seconds.
[GetVOTable] in 0.6924 seconds.
[GetVOTable] in 0.4522 seconds.
[GetVOTable] in 0.5520 seconds.
[GetVOTable] in 0.4740 seconds.
[GetVOTable] in 0.5110 seconds.
[GetVOTable] in 0.5199 seconds.
[GetVOTable] in 0.6546 seconds.
[GetVOTable] in 0.8667 seconds.
[GetVOTable] in 0.7053 seconds.
[GetVOTable] in 0.4381 seconds.
[GetVOTable] in 0.5869 seconds.
[GetVOTable] in 0.4448 seconds.
GetVOTable5 (rank 5): Processed 100 iterations.
[GetVOTable] in 0.6302 seconds.
[GetVOTable] in 0.5417 seconds.
[GetVOTable] in 0.6787 seconds.
[GetVOTable] in 0.4257 seconds.
[GetVOTable] in 0.8158 seconds.
[GetVOTable] in 0.3755 seconds.
[GetVOTable] in 0.7753 seconds.
[GetVOTable] in 0.4593 seconds.
[GetVOTable] in 0.4826 seconds.
[GetVOTable] in 0.6304 seconds.
[GetVOTable] in 0.8759 seconds.
[GetVOTable] in 0.3880 seconds.
[GetVOTable] in 0.6206 seconds.
[GetVOTable] in 0.5484 seconds.
[GetVOTable] in 0.3922 seconds.
[GetVOTable] in 0.7204 seconds.
[GetVOTable] in 0.4353 seconds.
[GetVOTable] in 0.5879 seconds.
[GetVOTable] in 0.5029 seconds.
[GetVOTable] in 0.5484 seconds.
[GetVOTable] in 0.5436 seconds.
[GetVOTable] in 0.6643 seconds.
[GetVOTable] in 0.4960 seconds.
[GetVOTable] in 0.5973 seconds.
[GetVOTable] in 0.4634 seconds.
[GetVOTable] in 0.4661 seconds.
[GetVOTable] in 0.6788 seconds.
[GetVOTable] in 0.6555 seconds.
[GetVOTable] in 0.5581 seconds.
[GetVOTable] in 0.5635 seconds.
[GetVOTable] in 0.3687 seconds.
[GetVOTable] in 0.4907 seconds.
[GetVOTable] in 0.5668 seconds.
[GetVOTable] in 0.3234 seconds.
[GetVOTable] in 0.3907 seconds.
[GetVOTable] in 0.5406 seconds.
[GetVOTable] in 0.6866 seconds.
[GetVOTable] in 0.9540 seconds.
[GetVOTable] in 0.4380 seconds.
[GetVOTable] in 0.3412 seconds.
[GetVOTable] in 0.3763 seconds.
[GetVOTable] in 0.5271 seconds.
[GetVOTable] in 0.8509 seconds.
[GetVOTable] in 0.3577 seconds.
[GetVOTable] in 0.5483 seconds.
[GetVOTable] in 0.6213 seconds.
[GetVOTable] in 0.5859 seconds.
[GetVOTable] in 0.6264 seconds.
[GetVOTable] in 0.7436 seconds.
[GetVOTable] in 0.3783 seconds.
[GetVOTable] in 0.6341 seconds.
[GetVOTable] in 0.5790 seconds.
[GetVOTable] in 0.5191 seconds.
[GetVOTable] in 0.4743 seconds.
[GetVOTable] in 0.7202 seconds.
[GetVOTable] in 0.3580 seconds.
[GetVOTable] in 0.4557 seconds.
[GetVOTable] in 0.6564 seconds.
[GetVOTable] in 0.5952 seconds.
[GetVOTable] in 0.7933 seconds.
[GetVOTable] in 0.4537 seconds.
[GetVOTable] in 0.7340 seconds.
[GetVOTable] in 0.6812 seconds.
[GetVOTable] in 0.6387 seconds.
[GetVOTable] in 0.4487 seconds.
[GetVOTable] in 0.7294 seconds.
[GetVOTable] in 0.4845 seconds.
[GetVOTable] in 1.1418 seconds.
[GetVOTable] in 0.4893 seconds.
[GetVOTable] in 0.4282 seconds.
[GetVOTable] in 0.7075 seconds.
[GetVOTable] in 0.3898 seconds.
[GetVOTable] in 0.4937 seconds.
[GetVOTable] in 0.5422 seconds.
[GetVOTable] in 0.5516 seconds.
[GetVOTable] in 0.3697 seconds.
[GetVOTable] in 0.7372 seconds.
[GetVOTable] in 0.8211 seconds.
[GetVOTable] in 0.5578 seconds.
[GetVOTable] in 0.3535 seconds.
[GetVOTable] in 0.3595 seconds.
[GetVOTable] in 0.4215 seconds.
[GetVOTable] in 0.6464 seconds.
[GetVOTable] in 0.4375 seconds.
[GetVOTable] in 0.4393 seconds.
[GetVOTable] in 0.6002 seconds.
[GetVOTable] in 0.6227 seconds.
[GetVOTable] in 0.6191 seconds.
[GetVOTable] in 0.6644 seconds.
[GetVOTable] in 0.4497 seconds.
[GetVOTable] in 0.5780 seconds.
[GetVOTable] in 0.4538 seconds.
[GetVOTable] in 0.5769 seconds.
[GetVOTable] in 0.5197 seconds.
[GetVOTable] in 0.6575 seconds.
[GetVOTable] in 0.9097 seconds.
[GetVOTable] in 0.7027 seconds.
[GetVOTable] in 0.3777 seconds.
[GetVOTable] in 0.5839 seconds.
[GetVOTable] in 0.4910 seconds.
GetVOTable5 (rank 2): Processed 100 iterations.
[GetVOTable] in 0.6445 seconds.
[GetVOTable] in 0.5255 seconds.
[GetVOTable] in 0.7101 seconds.
[GetVOTable] in 0.4247 seconds.
[GetVOTable] in 0.8853 seconds.
[GetVOTable] in 0.3763 seconds.
[GetVOTable] in 0.7765 seconds.
[GetVOTable] in 0.4475 seconds.
[GetVOTable] in 0.4867 seconds.
[GetVOTable] in 0.6150 seconds.
[GetVOTable] in 0.8548 seconds.
[GetVOTable] in 0.4192 seconds.
[GetVOTable] in 0.6541 seconds.
[GetVOTable] in 0.5101 seconds.
[GetVOTable] in 0.4631 seconds.
[GetVOTable] in 0.7286 seconds.
[GetVOTable] in 0.3854 seconds.
[GetVOTable] in 0.5959 seconds.
[GetVOTable] in 0.4719 seconds.
[GetVOTable] in 0.4627 seconds.
[GetVOTable] in 0.5438 seconds.
[GetVOTable] in 0.6873 seconds.
[GetVOTable] in 0.4285 seconds.
[GetVOTable] in 0.6496 seconds.
[GetVOTable] in 0.5240 seconds.
[GetVOTable] in 0.4946 seconds.
[GetVOTable] in 0.6958 seconds.
[GetVOTable] in 0.5734 seconds.
[GetVOTable] in 0.5227 seconds.
[GetVOTable] in 0.6343 seconds.
[GetVOTable] in 0.4166 seconds.
[GetVOTable] in 0.4891 seconds.
[GetVOTable] in 0.6060 seconds.
[GetVOTable] in 0.3297 seconds.
[GetVOTable] in 0.3873 seconds.
[GetVOTable] in 0.4988 seconds.
[GetVOTable] in 0.7088 seconds.
[GetVOTable] in 0.9744 seconds.
[GetVOTable] in 0.4218 seconds.
[GetVOTable] in 0.3855 seconds.
[GetVOTable] in 0.3029 seconds.
[GetVOTable] in 0.4655 seconds.
[GetVOTable] in 0.8639 seconds.
[GetVOTable] in 0.3512 seconds.
[GetVOTable] in 0.5138 seconds.
[GetVOTable] in 0.6180 seconds.
[GetVOTable] in 0.4558 seconds.
[GetVOTable] in 0.7080 seconds.
[GetVOTable] in 0.7551 seconds.
[GetVOTable] in 0.4254 seconds.
[GetVOTable] in 0.6453 seconds.
[GetVOTable] in 0.5905 seconds.
[GetVOTable] in 0.5057 seconds.
[GetVOTable] in 0.4863 seconds.
[GetVOTable] in 0.7534 seconds.
[GetVOTable] in 0.3771 seconds.
[GetVOTable] in 0.4758 seconds.
[GetVOTable] in 0.6928 seconds.
[GetVOTable] in 0.5961 seconds.
[GetVOTable] in 0.7565 seconds.
[GetVOTable] in 0.4910 seconds.
[GetVOTable] in 0.7452 seconds.
[GetVOTable] in 0.6574 seconds.
[GetVOTable] in 0.6429 seconds.
[GetVOTable] in 0.4889 seconds.
[GetVOTable] in 0.6916 seconds.
[GetVOTable] in 0.4940 seconds.
[GetVOTable] in 1.1405 seconds.
[GetVOTable] in 0.4682 seconds.
[GetVOTable] in 0.4409 seconds.
[GetVOTable] in 0.6724 seconds.
[GetVOTable] in 0.4040 seconds.
[GetVOTable] in 0.4806 seconds.
[GetVOTable] in 0.5674 seconds.
[GetVOTable] in 0.5633 seconds.
[GetVOTable] in 0.4280 seconds.
[GetVOTable] in 0.7300 seconds.
[GetVOTable] in 0.8409 seconds.
[GetVOTable] in 0.5631 seconds.
[GetVOTable] in 0.3737 seconds.
[GetVOTable] in 0.3173 seconds.
[GetVOTable] in 0.4316 seconds.
[GetVOTable] in 0.6673 seconds.
[GetVOTable] in 0.4518 seconds.
[GetVOTable] in 0.4347 seconds.
[GetVOTable] in 0.6400 seconds.
[GetVOTable] in 0.5294 seconds.
[GetVOTable] in 0.6739 seconds.
[GetVOTable] in 0.6984 seconds.
[GetVOTable] in 0.4693 seconds.
[GetVOTable] in 0.5103 seconds.
[GetVOTable] in 0.4333 seconds.
[GetVOTable] in 0.5313 seconds.
[GetVOTable] in 0.5349 seconds.
[GetVOTable] in 0.6169 seconds.
[GetVOTable] in 0.8984 seconds.
[GetVOTable] in 0.7359 seconds.
[GetVOTable] in 0.5043 seconds.
[GetVOTable] in 0.5266 seconds.
[GetVOTable] in 0.4744 seconds.
GetVOTable5 (rank 3): Processed 100 iterations.
[GetVOTable] in 0.6234 seconds.
[GetVOTable] in 0.5313 seconds.
[GetVOTable] in 0.7144 seconds.
[GetVOTable] in 0.4535 seconds.
[GetVOTable] in 0.8278 seconds.
[GetVOTable] in 0.3638 seconds.
[GetVOTable] in 0.7906 seconds.
[GetVOTable] in 0.4277 seconds.
[GetVOTable] in 0.4771 seconds.
[GetVOTable] in 0.6549 seconds.
[GetVOTable] in 0.8196 seconds.
[GetVOTable] in 0.3805 seconds.
[GetVOTable] in 0.6212 seconds.
[GetVOTable] in 0.5353 seconds.
[GetVOTable] in 0.4191 seconds.
[GetVOTable] in 0.6292 seconds.
[GetVOTable] in 0.4201 seconds.
[GetVOTable] in 0.5680 seconds.
[GetVOTable] in 0.4571 seconds.
[GetVOTable] in 0.5031 seconds.
[GetVOTable] in 0.5118 seconds.
[GetVOTable] in 0.6917 seconds.
[GetVOTable] in 0.4693 seconds.
[GetVOTable] in 0.5965 seconds.
[GetVOTable] in 0.5449 seconds.
[GetVOTable] in 0.4815 seconds.
[GetVOTable] in 0.6675 seconds.
[GetVOTable] in 0.5764 seconds.
[GetVOTable] in 0.6809 seconds.
[GetVOTable] in 0.6361 seconds.
[GetVOTable] in 0.4149 seconds.
[GetVOTable] in 0.5202 seconds.
[GetVOTable] in 0.6412 seconds.
[GetVOTable] in 0.3629 seconds.
[GetVOTable] in 0.5260 seconds.
[GetVOTable] in 0.5803 seconds.
[GetVOTable] in 0.6733 seconds.
[GetVOTable] in 0.9589 seconds.
[GetVOTable] in 0.4293 seconds.
[GetVOTable] in 0.3781 seconds.
[GetVOTable] in 0.4166 seconds.
[GetVOTable] in 0.5230 seconds.
[GetVOTable] in 0.8285 seconds.
[GetVOTable] in 0.3327 seconds.
[GetVOTable] in 0.4937 seconds.
[GetVOTable] in 0.6269 seconds.
[GetVOTable] in 0.4323 seconds.
[GetVOTable] in 0.6406 seconds.
[GetVOTable] in 0.7600 seconds.
[GetVOTable] in 0.3545 seconds.
[GetVOTable] in 0.6423 seconds.
[GetVOTable] in 0.5746 seconds.
[GetVOTable] in 0.5128 seconds.
[GetVOTable] in 0.4633 seconds.
[GetVOTable] in 0.7298 seconds.
[GetVOTable] in 0.4162 seconds.
[GetVOTable] in 0.4388 seconds.
[GetVOTable] in 0.6348 seconds.
[GetVOTable] in 0.5672 seconds.
[GetVOTable] in 0.7721 seconds.
[GetVOTable] in 0.5013 seconds.
[GetVOTable] in 0.7963 seconds.
[GetVOTable] in 0.6953 seconds.
[GetVOTable] in 0.6846 seconds.
[GetVOTable] in 0.4604 seconds.
[GetVOTable] in 0.7124 seconds.
[GetVOTable] in 0.4940 seconds.
[GetVOTable] in 1.1416 seconds.
[GetVOTable] in 0.4588 seconds.
[GetVOTable] in 0.4293 seconds.
[GetVOTable] in 0.6904 seconds.
[GetVOTable] in 0.4184 seconds.
[GetVOTable] in 0.5495 seconds.
[GetVOTable] in 0.5955 seconds.
[GetVOTable] in 0.5548 seconds.
[GetVOTable] in 0.4431 seconds.
[GetVOTable] in 0.7269 seconds.
[GetVOTable] in 0.8531 seconds.
[GetVOTable] in 0.6078 seconds.
[GetVOTable] in 0.3400 seconds.
[GetVOTable] in 0.3212 seconds.
[GetVOTable] in 0.4105 seconds.
[GetVOTable] in 0.6366 seconds.
[GetVOTable] in 0.4517 seconds.
[GetVOTable] in 0.5332 seconds.
[GetVOTable] in 0.6140 seconds.
[GetVOTable] in 0.5346 seconds.
[GetVOTable] in 0.6295 seconds.
[GetVOTable] in 0.6650 seconds.
[GetVOTable] in 0.5163 seconds.
[GetVOTable] in 0.4927 seconds.
[GetVOTable] in 0.4541 seconds.
[GetVOTable] in 0.5286 seconds.
[GetVOTable] in 0.5532 seconds.
[GetVOTable] in 0.6716 seconds.
[GetVOTable] in 0.7273 seconds.
[GetVOTable] in 0.6783 seconds.
[GetVOTable] in 0.4527 seconds.
[GetVOTable] in 0.5559 seconds.
[GetVOTable] in 0.4805 seconds.
GetVOTable5 (rank 4): Processed 100 iterations.
[FilterColumns] in 0.6081 seconds.
[FilterColumns] in 0.8320 seconds.
[FilterColumns] in 0.6020 seconds.
[FilterColumns] in 0.5120 seconds.
[FilterColumns] in 0.2526 seconds.
[FilterColumns] in 0.2524 seconds.
[FilterColumns] in 0.1554 seconds.
[FilterColumns] in 0.7206 seconds.
[FilterColumns] in 0.5138 seconds.
[FilterColumns] in 0.5842 seconds.
[FilterColumns] in 0.0939 seconds.
[FilterColumns] in 0.8690 seconds.
[FilterColumns] in 0.6860 seconds.
[FilterColumns] in 0.2944 seconds.
[FilterColumns] in 0.2725 seconds.
[FilterColumns] in 0.2736 seconds.
[FilterColumns] in 0.3519 seconds.
[FilterColumns] in 0.4690 seconds.
[FilterColumns] in 0.4190 seconds.
[FilterColumns] in 0.3450 seconds.
[FilterColumns] in 0.5208 seconds.
[FilterColumns] in 0.2391 seconds.
[FilterColumns] in 0.3449 seconds.
[FilterColumns] in 0.3855 seconds.
[FilterColumns] in 0.4318 seconds.
[FilterColumns] in 0.6443 seconds.
[FilterColumns] in 0.2853 seconds.
[FilterColumns] in 0.4629 seconds.
[FilterColumns] in 0.5092 seconds.
[FilterColumns] in 0.1393 seconds.
[FilterColumns] in 0.5179 seconds.
[FilterColumns] in 0.2643 seconds.
[FilterColumns] in 0.1645 seconds.
[FilterColumns] in 0.8283 seconds.
[FilterColumns] in 0.8599 seconds.
[FilterColumns] in 0.6641 seconds.
[FilterColumns] in 0.3516 seconds.
[FilterColumns] in 0.2004 seconds.
[FilterColumns] in 0.5678 seconds.
[FilterColumns] in 0.4233 seconds.
[FilterColumns] in 0.2237 seconds.
[FilterColumns] in 0.4527 seconds.
[FilterColumns] in 0.1199 seconds.
[FilterColumns] in 0.7703 seconds.
[FilterColumns] in 0.3248 seconds.
[FilterColumns] in 0.5531 seconds.
[FilterColumns] in 0.3559 seconds.
[FilterColumns] in 0.4659 seconds.
[FilterColumns] in 0.4813 seconds.
[FilterColumns] in 0.2749 seconds.
[FilterColumns] in 0.8684 seconds.
[FilterColumns] in 0.6360 seconds.
[FilterColumns] in 0.8130 seconds.
[FilterColumns] in 0.7519 seconds.
[FilterColumns] in 0.5119 seconds.
[FilterColumns] in 0.7866 seconds.
[FilterColumns] in 0.1907 seconds.
[FilterColumns] in 0.2829 seconds.
[FilterColumns] in 0.1367 seconds.
[FilterColumns] in 0.3639 seconds.
[FilterColumns] in 0.3971 seconds.
[FilterColumns] in 0.3327 seconds.
[FilterColumns] in 0.6831 seconds.
[FilterColumns] in 0.3816 seconds.
[FilterColumns] in 0.3381 seconds.
[FilterColumns] in 0.4790 seconds.
[FilterColumns] in 0.2407 seconds.
[FilterColumns] in 0.6586 seconds.
[FilterColumns] in 0.1754 seconds.
[FilterColumns] in 0.9143 seconds.
[FilterColumns] in 0.6334 seconds.
[FilterColumns] in 0.2845 seconds.
[FilterColumns] in 0.0496 seconds.
[FilterColumns] in 0.6703 seconds.
[FilterColumns] in 0.5834 seconds.
[FilterColumns] in 0.5999 seconds.
[FilterColumns] in 0.6325 seconds.
[FilterColumns] in 0.1746 seconds.
[FilterColumns] in 0.3819 seconds.
[FilterColumns] in 0.2176 seconds.
[FilterColumns] in 0.7166 seconds.
[FilterColumns] in 0.5276 seconds.
[FilterColumns] in 0.3666 seconds.
[FilterColumns] in 0.1623 seconds.
[FilterColumns] in 0.3553 seconds.
[FilterColumns] in 0.3639 seconds.
[FilterColumns] in 0.6007 seconds.
[FilterColumns] in 0.5374 seconds.
[FilterColumns] in 0.7433 seconds.
[FilterColumns] in 0.4401 seconds.
[FilterColumns] in 0.2215 seconds.
[FilterColumns] in 0.5882 seconds.
[FilterColumns] in 0.6242 seconds.
[FilterColumns] in 0.4901 seconds.
[FilterColumns] in 0.6326 seconds.
[FilterColumns] in 0.4518 seconds.
[FilterColumns] in 0.4686 seconds.
[FilterColumns] in 0.4170 seconds.
[FilterColumns] in 0.1032 seconds.
[FilterColumns] in 0.2124 seconds.
FilterColumns6 (rank 6): Processed 100 iterations.
[FilterColumns] in 0.5392 seconds.
[FilterColumns] in 0.8329 seconds.
[FilterColumns] in 0.6017 seconds.
[FilterColumns] in 0.5122 seconds.
[FilterColumns] in 0.2524 seconds.
[FilterColumns] in 0.2526 seconds.
[FilterColumns] in 0.1548 seconds.
[FilterColumns] in 0.7205 seconds.
[FilterColumns] in 0.5138 seconds.
[FilterColumns] in 0.5845 seconds.
[FilterColumns] in 0.0935 seconds.
[FilterColumns] in 0.8690 seconds.
[FilterColumns] in 0.6864 seconds.
[FilterColumns] in 0.2942 seconds.
[FilterColumns] in 0.2725 seconds.
[FilterColumns] in 0.2734 seconds.
[FilterColumns] in 0.3514 seconds.
[FilterColumns] in 0.4691 seconds.
[FilterColumns] in 0.4194 seconds.
[FilterColumns] in 0.3443 seconds.
[FilterColumns] in 0.5205 seconds.
[FilterColumns] in 0.2390 seconds.
[FilterColumns] in 0.3452 seconds.
[FilterColumns] in 0.3858 seconds.
[FilterColumns] in 0.4319 seconds.
[FilterColumns] in 0.6443 seconds.
[FilterColumns] in 0.2857 seconds.
[FilterColumns] in 0.4646 seconds.
[FilterColumns] in 0.5084 seconds.
[FilterColumns] in 0.1391 seconds.
[FilterColumns] in 0.5181 seconds.
[FilterColumns] in 0.2641 seconds.
[FilterColumns] in 0.1639 seconds.
[FilterColumns] in 0.8287 seconds.
[FilterColumns] in 0.8596 seconds.
[FilterColumns] in 0.6643 seconds.
[FilterColumns] in 0.3520 seconds.
[FilterColumns] in 0.2006 seconds.
[FilterColumns] in 0.5673 seconds.
[FilterColumns] in 0.4235 seconds.
[FilterColumns] in 0.2237 seconds.
[FilterColumns] in 0.4525 seconds.
[FilterColumns] in 0.1203 seconds.
[FilterColumns] in 0.7702 seconds.
[FilterColumns] in 0.3245 seconds.
[FilterColumns] in 0.5533 seconds.
[FilterColumns] in 0.3558 seconds.
[FilterColumns] in 0.4662 seconds.
[FilterColumns] in 0.4815 seconds.
[FilterColumns] in 0.2743 seconds.
[FilterColumns] in 0.8684 seconds.
[FilterColumns] in 0.6357 seconds.
[FilterColumns] in 0.8127 seconds.
[FilterColumns] in 0.7518 seconds.
[FilterColumns] in 0.5121 seconds.
[FilterColumns] in 0.7864 seconds.
[FilterColumns] in 0.1904 seconds.
[FilterColumns] in 0.2827 seconds.
[FilterColumns] in 0.1372 seconds.
[FilterColumns] in 0.3641 seconds.
[FilterColumns] in 0.3973 seconds.
[FilterColumns] in 0.3326 seconds.
[FilterColumns] in 0.6831 seconds.
[FilterColumns] in 0.3815 seconds.
[FilterColumns] in 0.3383 seconds.
[FilterColumns] in 0.4795 seconds.
[FilterColumns] in 0.2404 seconds.
[FilterColumns] in 0.6587 seconds.
[FilterColumns] in 0.1753 seconds.
[FilterColumns] in 0.9150 seconds.
[FilterColumns] in 0.6334 seconds.
[FilterColumns] in 0.2844 seconds.
[FilterColumns] in 0.0494 seconds.
[FilterColumns] in 0.6710 seconds.
[FilterColumns] in 0.5835 seconds.
[FilterColumns] in 0.6001 seconds.
[FilterColumns] in 0.6326 seconds.
[FilterColumns] in 0.1747 seconds.
[FilterColumns] in 0.3820 seconds.
[FilterColumns] in 0.2181 seconds.
[FilterColumns] in 0.7166 seconds.
[FilterColumns] in 0.5276 seconds.
[FilterColumns] in 0.3667 seconds.
[FilterColumns] in 0.1619 seconds.
[FilterColumns] in 0.3553 seconds.
[FilterColumns] in 0.3633 seconds.
[FilterColumns] in 0.6002 seconds.
[FilterColumns] in 0.5368 seconds.
[FilterColumns] in 0.7432 seconds.
[FilterColumns] in 0.4400 seconds.
[FilterColumns] in 0.2219 seconds.
[FilterColumns] in 0.5883 seconds.
[FilterColumns] in 0.6246 seconds.
[FilterColumns] in 0.4902 seconds.
[FilterColumns] in 0.6321 seconds.
[FilterColumns] in 0.4522 seconds.
[FilterColumns] in 0.4682 seconds.
[FilterColumns] in 0.4170 seconds.
[FilterColumns] in 0.1046 seconds.
[FilterColumns] in 0.2106 seconds.
FilterColumns6 (rank 9): Processed 100 iterations.
[FilterColumns] in 0.5483 seconds.
[FilterColumns] in 0.8318 seconds.
[FilterColumns] in 0.6020 seconds.
[FilterColumns] in 0.5122 seconds.
[FilterColumns] in 0.2525 seconds.
[FilterColumns] in 0.2528 seconds.
[FilterColumns] in 0.1556 seconds.
[FilterColumns] in 0.7200 seconds.
[FilterColumns] in 0.5138 seconds.
[FilterColumns] in 0.5842 seconds.
[FilterColumns] in 0.0937 seconds.
[FilterColumns] in 0.8692 seconds.
[FilterColumns] in 0.6853 seconds.
[FilterColumns] in 0.2939 seconds.
[FilterColumns] in 0.2723 seconds.
[FilterColumns] in 0.2738 seconds.
[FilterColumns] in 0.3521 seconds.
[FilterColumns] in 0.4691 seconds.
[FilterColumns] in 0.4189 seconds.
[FilterColumns] in 0.3440 seconds.
[FilterColumns] in 0.5199 seconds.
[FilterColumns] in 0.2392 seconds.
[FilterColumns] in 0.3452 seconds.
[FilterColumns] in 0.3860 seconds.
[FilterColumns] in 0.4316 seconds.
[FilterColumns] in 0.6442 seconds.
[FilterColumns] in 0.2853 seconds.
[FilterColumns] in 0.4632 seconds.
[FilterColumns] in 0.5095 seconds.
[FilterColumns] in 0.1389 seconds.
[FilterColumns] in 0.5175 seconds.
[FilterColumns] in 0.2639 seconds.
[FilterColumns] in 0.1641 seconds.
[FilterColumns] in 0.8279 seconds.
[FilterColumns] in 0.8595 seconds.
[FilterColumns] in 0.6640 seconds.
[FilterColumns] in 0.3521 seconds.
[FilterColumns] in 0.2007 seconds.
[FilterColumns] in 0.5680 seconds.
[FilterColumns] in 0.4234 seconds.
[FilterColumns] in 0.2237 seconds.
[FilterColumns] in 0.4527 seconds.
[FilterColumns] in 0.1200 seconds.
[FilterColumns] in 0.7703 seconds.
[FilterColumns] in 0.3245 seconds.
[FilterColumns] in 0.5535 seconds.
[FilterColumns] in 0.3562 seconds.
[FilterColumns] in 0.4665 seconds.
[FilterColumns] in 0.4820 seconds.
[FilterColumns] in 0.2746 seconds.
[FilterColumns] in 0.8685 seconds.
[FilterColumns] in 0.6358 seconds.
[FilterColumns] in 0.8128 seconds.
[FilterColumns] in 0.7519 seconds.
[FilterColumns] in 0.5118 seconds.
[FilterColumns] in 0.7866 seconds.
[FilterColumns] in 0.1904 seconds.
[FilterColumns] in 0.2830 seconds.
[FilterColumns] in 0.1372 seconds.
[FilterColumns] in 0.3642 seconds.
[FilterColumns] in 0.3974 seconds.
[FilterColumns] in 0.3327 seconds.
[FilterColumns] in 0.6827 seconds.
[FilterColumns] in 0.3817 seconds.
[FilterColumns] in 0.3381 seconds.
[FilterColumns] in 0.4791 seconds.
[FilterColumns] in 0.2406 seconds.
[FilterColumns] in 0.6586 seconds.
[FilterColumns] in 0.1753 seconds.
[FilterColumns] in 0.9144 seconds.
[FilterColumns] in 0.6335 seconds.
[FilterColumns] in 0.2848 seconds.
[FilterColumns] in 0.0496 seconds.
[FilterColumns] in 0.6707 seconds.
[FilterColumns] in 0.5837 seconds.
[FilterColumns] in 0.5996 seconds.
[FilterColumns] in 0.6328 seconds.
[FilterColumns] in 0.1746 seconds.
[FilterColumns] in 0.3820 seconds.
[FilterColumns] in 0.2179 seconds.
[FilterColumns] in 0.7165 seconds.
[FilterColumns] in 0.5279 seconds.
[FilterColumns] in 0.3667 seconds.
[FilterColumns] in 0.1623 seconds.
[FilterColumns] in 0.3555 seconds.
[FilterColumns] in 0.3637 seconds.
[FilterColumns] in 0.6002 seconds.
[FilterColumns] in 0.5369 seconds.
[FilterColumns] in 0.7430 seconds.
[FilterColumns] in 0.4401 seconds.
[FilterColumns] in 0.2218 seconds.
[FilterColumns] in 0.5884 seconds.
[FilterColumns] in 0.6240 seconds.
[FilterColumns] in 0.4900 seconds.
[FilterColumns] in 0.6322 seconds.
[FilterColumns] in 0.4520 seconds.
[FilterColumns] in 0.4681 seconds.
[FilterColumns] in 0.4170 seconds.
[FilterColumns] in 0.1030 seconds.
[FilterColumns] in 0.2108 seconds.
FilterColumns6 (rank 10): Processed 100 iterations.
[FilterColumns] in 0.6079 seconds.
[FilterColumns] in 0.8321 seconds.
[FilterColumns] in 0.6017 seconds.
[FilterColumns] in 0.5118 seconds.
[FilterColumns] in 0.2528 seconds.
[FilterColumns] in 0.2526 seconds.
[FilterColumns] in 0.1552 seconds.
[FilterColumns] in 0.7204 seconds.
[FilterColumns] in 0.5136 seconds.
[FilterColumns] in 0.5846 seconds.
[FilterColumns] in 0.0937 seconds.
[FilterColumns] in 0.8691 seconds.
[FilterColumns] in 0.6861 seconds.
[FilterColumns] in 0.2943 seconds.
[FilterColumns] in 0.2726 seconds.
[FilterColumns] in 0.2738 seconds.
[FilterColumns] in 0.3521 seconds.
[FilterColumns] in 0.4693 seconds.
[FilterColumns] in 0.4190 seconds.
[FilterColumns] in 0.3447 seconds.
[FilterColumns] in 0.5208 seconds.
[FilterColumns] in 0.2390 seconds.
[FilterColumns] in 0.3449 seconds.
[FilterColumns] in 0.3861 seconds.
[FilterColumns] in 0.4318 seconds.
[FilterColumns] in 0.6441 seconds.
[FilterColumns] in 0.2851 seconds.
[FilterColumns] in 0.4632 seconds.
[FilterColumns] in 0.5095 seconds.
[FilterColumns] in 0.1389 seconds.
[FilterColumns] in 0.5180 seconds.
[FilterColumns] in 0.2643 seconds.
[FilterColumns] in 0.1642 seconds.
[FilterColumns] in 0.8281 seconds.
[FilterColumns] in 0.8603 seconds.
[FilterColumns] in 0.6640 seconds.
[FilterColumns] in 0.3521 seconds.
[FilterColumns] in 0.2002 seconds.
[FilterColumns] in 0.5675 seconds.
[FilterColumns] in 0.4232 seconds.
[FilterColumns] in 0.2236 seconds.
[FilterColumns] in 0.4526 seconds.
[FilterColumns] in 0.1200 seconds.
[FilterColumns] in 0.7704 seconds.
[FilterColumns] in 0.3244 seconds.
[FilterColumns] in 0.5528 seconds.
[FilterColumns] in 0.3558 seconds.
[FilterColumns] in 0.4662 seconds.
[FilterColumns] in 0.4814 seconds.
[FilterColumns] in 0.2749 seconds.
[FilterColumns] in 0.8684 seconds.
[FilterColumns] in 0.6361 seconds.
[FilterColumns] in 0.8127 seconds.
[FilterColumns] in 0.7521 seconds.
[FilterColumns] in 0.5121 seconds.
[FilterColumns] in 0.7863 seconds.
[FilterColumns] in 0.1904 seconds.
[FilterColumns] in 0.2828 seconds.
[FilterColumns] in 0.1368 seconds.
[FilterColumns] in 0.3636 seconds.
[FilterColumns] in 0.3973 seconds.
[FilterColumns] in 0.3325 seconds.
[FilterColumns] in 0.6829 seconds.
[FilterColumns] in 0.3824 seconds.
[FilterColumns] in 0.3379 seconds.
[FilterColumns] in 0.4794 seconds.
[FilterColumns] in 0.2402 seconds.
[FilterColumns] in 0.6589 seconds.
[FilterColumns] in 0.1755 seconds.
[FilterColumns] in 0.9154 seconds.
[FilterColumns] in 0.6337 seconds.
[FilterColumns] in 0.2849 seconds.
[FilterColumns] in 0.0496 seconds.
[FilterColumns] in 0.6705 seconds.
[FilterColumns] in 0.5838 seconds.
[FilterColumns] in 0.5996 seconds.
[FilterColumns] in 0.6324 seconds.
[FilterColumns] in 0.1748 seconds.
[FilterColumns] in 0.3816 seconds.
[FilterColumns] in 0.2181 seconds.
[FilterColumns] in 0.7169 seconds.
[FilterColumns] in 0.5277 seconds.
[FilterColumns] in 0.3664 seconds.
[FilterColumns] in 0.1620 seconds.
[FilterColumns] in 0.3559 seconds.
[FilterColumns] in 0.3633 seconds.
[FilterColumns] in 0.6005 seconds.
[FilterColumns] in 0.5370 seconds.
[FilterColumns] in 0.7433 seconds.
[FilterColumns] in 0.4397 seconds.
[FilterColumns] in 0.2213 seconds.
[FilterColumns] in 0.5883 seconds.
[FilterColumns] in 0.6243 seconds.
[FilterColumns] in 0.4899 seconds.
[FilterColumns] in 0.6323 seconds.
[FilterColumns] in 0.4520 seconds.
[FilterColumns] in 0.4680 seconds.
[FilterColumns] in 0.4174 seconds.
[FilterColumns] in 0.1045 seconds.
[FilterColumns] in 0.2108 seconds.
FilterColumns6 (rank 7): Processed 100 iterations.
[FilterColumns] in 0.5476 seconds.
[FilterColumns] in 0.8319 seconds.
[FilterColumns] in 0.6016 seconds.
[FilterColumns] in 0.5125 seconds.
[FilterColumns] in 0.2529 seconds.
[FilterColumns] in 0.2527 seconds.
[FilterColumns] in 0.1553 seconds.
[FilterColumns] in 0.7205 seconds.
[FilterColumns] in 0.5134 seconds.
[FilterColumns] in 0.5844 seconds.
[FilterColumns] in 0.0941 seconds.
[FilterColumns] in 0.8689 seconds.
[FilterColumns] in 0.6858 seconds.
[FilterColumns] in 0.2945 seconds.
[FilterColumns] in 0.2724 seconds.
[FilterColumns] in 0.2735 seconds.
[FilterColumns] in 0.3516 seconds.
[FilterColumns] in 0.4692 seconds.
[FilterColumns] in 0.4193 seconds.
[FilterColumns] in 0.3446 seconds.
[FilterColumns] in 0.5205 seconds.
[FilterColumns] in 0.2392 seconds.
[FilterColumns] in 0.3451 seconds.
[FilterColumns] in 0.3862 seconds.
[FilterColumns] in 0.4320 seconds.
[FilterColumns] in 0.6445 seconds.
[FilterColumns] in 0.2851 seconds.
[FilterColumns] in 0.4643 seconds.
[FilterColumns] in 0.5086 seconds.
[FilterColumns] in 0.1389 seconds.
[FilterColumns] in 0.5182 seconds.
[FilterColumns] in 0.2639 seconds.
[FilterColumns] in 0.1640 seconds.
[FilterColumns] in 0.8287 seconds.
[FilterColumns] in 0.8596 seconds.
[FilterColumns] in 0.6639 seconds.
[FilterColumns] in 0.3518 seconds.
[FilterColumns] in 0.2005 seconds.
[FilterColumns] in 0.5677 seconds.
[FilterColumns] in 0.4239 seconds.
[FilterColumns] in 0.2235 seconds.
[FilterColumns] in 0.4525 seconds.
[FilterColumns] in 0.1202 seconds.
[FilterColumns] in 0.7701 seconds.
[FilterColumns] in 0.3245 seconds.
[FilterColumns] in 0.5535 seconds.
[FilterColumns] in 0.3562 seconds.
[FilterColumns] in 0.4667 seconds.
[FilterColumns] in 0.4818 seconds.
[FilterColumns] in 0.2749 seconds.
[FilterColumns] in 0.8686 seconds.
[FilterColumns] in 0.6359 seconds.
[FilterColumns] in 0.8129 seconds.
[FilterColumns] in 0.7523 seconds.
[FilterColumns] in 0.5119 seconds.
[FilterColumns] in 0.7866 seconds.
[FilterColumns] in 0.1911 seconds.
[FilterColumns] in 0.2828 seconds.
[FilterColumns] in 0.1374 seconds.
[FilterColumns] in 0.3638 seconds.
[FilterColumns] in 0.3976 seconds.
[FilterColumns] in 0.3324 seconds.
[FilterColumns] in 0.6827 seconds.
[FilterColumns] in 0.3817 seconds.
[FilterColumns] in 0.3380 seconds.
[FilterColumns] in 0.4794 seconds.
[FilterColumns] in 0.2399 seconds.
[FilterColumns] in 0.6588 seconds.
[FilterColumns] in 0.1757 seconds.
[FilterColumns] in 0.9150 seconds.
[FilterColumns] in 0.6333 seconds.
[FilterColumns] in 0.2846 seconds.
[FilterColumns] in 0.0497 seconds.
[FilterColumns] in 0.6704 seconds.
[FilterColumns] in 0.5836 seconds.
[FilterColumns] in 0.5998 seconds.
[FilterColumns] in 0.6322 seconds.
[FilterColumns] in 0.1748 seconds.
[FilterColumns] in 0.3819 seconds.
[FilterColumns] in 0.2181 seconds.
[FilterColumns] in 0.7164 seconds.
[FilterColumns] in 0.5275 seconds.
[FilterColumns] in 0.3666 seconds.
[FilterColumns] in 0.1620 seconds.
[FilterColumns] in 0.3554 seconds.
[FilterColumns] in 0.3634 seconds.
[FilterColumns] in 0.6000 seconds.
[FilterColumns] in 0.5365 seconds.
[FilterColumns] in 0.7433 seconds.
[FilterColumns] in 0.4402 seconds.
[FilterColumns] in 0.2215 seconds.
[FilterColumns] in 0.5884 seconds.
[FilterColumns] in 0.6238 seconds.
[FilterColumns] in 0.4900 seconds.
[FilterColumns] in 0.6322 seconds.
[FilterColumns] in 0.4518 seconds.
[FilterColumns] in 0.4676 seconds.
[FilterColumns] in 0.4171 seconds.
[FilterColumns] in 0.1050 seconds.
[FilterColumns] in 0.2105 seconds.
FilterColumns6 (rank 8): Processed 100 iterations.
[InternalExtinction] in 0.2330 seconds.
[InternalExtinction] in 0.3892 seconds.
[InternalExtinction] in 0.2187 seconds.
[InternalExtinction] in 0.1604 seconds.
[InternalExtinction] in 0.2204 seconds.
[InternalExtinction] in 0.2806 seconds.
[InternalExtinction] in 0.1946 seconds.
[InternalExtinction] in 0.2845 seconds.
[InternalExtinction] in 0.4549 seconds.
[InternalExtinction] in 0.2142 seconds.
[InternalExtinction] in 0.3418 seconds.
[InternalExtinction] in 0.3064 seconds.
[InternalExtinction] in 0.2832 seconds.
[InternalExtinction] in 0.2183 seconds.
[InternalExtinction] in 0.2337 seconds.
[InternalExtinction] in 0.3232 seconds.
[InternalExtinction] in 0.3497 seconds.
[InternalExtinction] in 0.3094 seconds.
[InternalExtinction] in 0.3745 seconds.
[InternalExtinction] in 0.2106 seconds.
[InternalExtinction] in 0.2782 seconds.
[InternalExtinction] in 0.2784 seconds.
[InternalExtinction] in 0.3215 seconds.
[InternalExtinction] in 0.1933 seconds.
[InternalExtinction] in 0.2369 seconds.
[InternalExtinction] in 0.2229 seconds.
[InternalExtinction] in 0.3386 seconds.
[InternalExtinction] in 0.2198 seconds.
[InternalExtinction] in 0.2676 seconds.
[InternalExtinction] in 0.3561 seconds.
[InternalExtinction] in 0.2827 seconds.
[InternalExtinction] in 0.2256 seconds.
[InternalExtinction] in 0.2073 seconds.
[InternalExtinction] in 0.2611 seconds.
[InternalExtinction] in 0.3230 seconds.
[InternalExtinction] in 0.3195 seconds.
[InternalExtinction] in 0.2172 seconds.
[InternalExtinction] in 0.2927 seconds.
[InternalExtinction] in 0.3548 seconds.
[InternalExtinction] in 0.3432 seconds.
[InternalExtinction] in 0.2264 seconds.
[InternalExtinction] in 0.3024 seconds.
[InternalExtinction] in 0.2017 seconds.
[InternalExtinction] in 0.3913 seconds.
[InternalExtinction] in 0.2411 seconds.
[InternalExtinction] in 0.2182 seconds.
[InternalExtinction] in 0.3180 seconds.
[InternalExtinction] in 0.2978 seconds.
[InternalExtinction] in 0.2480 seconds.
[InternalExtinction] in 0.4104 seconds.
[InternalExtinction] in 0.2782 seconds.
[InternalExtinction] in 0.2047 seconds.
[InternalExtinction] in 0.2215 seconds.
[InternalExtinction] in 0.2343 seconds.
[InternalExtinction] in 0.3179 seconds.
[InternalExtinction] in 0.4322 seconds.
[InternalExtinction] in 0.2138 seconds.
[InternalExtinction] in 0.1956 seconds.
[InternalExtinction] in 0.4311 seconds.
[InternalExtinction] in 0.2167 seconds.
[InternalExtinction] in 0.2423 seconds.
[InternalExtinction] in 0.2368 seconds.
[InternalExtinction] in 0.3130 seconds.
[InternalExtinction] in 0.3531 seconds.
[InternalExtinction] in 0.1472 seconds.
[InternalExtinction] in 0.3131 seconds.
[InternalExtinction] in 0.1961 seconds.
[InternalExtinction] in 0.2849 seconds.
[InternalExtinction] in 0.1978 seconds.
[InternalExtinction] in 0.3113 seconds.
[InternalExtinction] in 0.2902 seconds.
[InternalExtinction] in 0.2748 seconds.
[InternalExtinction] in 0.3042 seconds.
[InternalExtinction] in 0.3414 seconds.
[InternalExtinction] in 0.2476 seconds.
[InternalExtinction] in 0.3221 seconds.
[InternalExtinction] in 0.2458 seconds.
[InternalExtinction] in 0.2996 seconds.
[InternalExtinction] in 0.4254 seconds.
[InternalExtinction] in 0.2477 seconds.
[InternalExtinction] in 0.1994 seconds.
[InternalExtinction] in 0.2784 seconds.
[InternalExtinction] in 0.2271 seconds.
[InternalExtinction] in 0.3808 seconds.
[InternalExtinction] in 0.4036 seconds.
[InternalExtinction] in 0.3489 seconds.
[InternalExtinction] in 0.4082 seconds.
[InternalExtinction] in 0.2036 seconds.
[InternalExtinction] in 0.3560 seconds.
[InternalExtinction] in 0.1709 seconds.
[InternalExtinction] in 0.1429 seconds.
[InternalExtinction] in 0.2166 seconds.
[InternalExtinction] in 0.2783 seconds.
[InternalExtinction] in 0.4567 seconds.
[InternalExtinction] in 0.2279 seconds.
[InternalExtinction] in 0.3450 seconds.
[InternalExtinction] in 0.3344 seconds.
[InternalExtinction] in 0.3317 seconds.
[InternalExtinction] in 0.2466 seconds.
[InternalExtinction] in 0.4506 seconds.
InternalExtinction7 (rank 14): Processed 100 iterations.
[InternalExtinction] in 0.2330 seconds.
[InternalExtinction] in 0.3892 seconds.
[InternalExtinction] in 0.2186 seconds.
[InternalExtinction] in 0.1603 seconds.
[InternalExtinction] in 0.2204 seconds.
[InternalExtinction] in 0.2806 seconds.
[InternalExtinction] in 0.1946 seconds.
[InternalExtinction] in 0.2845 seconds.
[InternalExtinction] in 0.4549 seconds.
[InternalExtinction] in 0.2142 seconds.
[InternalExtinction] in 0.3418 seconds.
[InternalExtinction] in 0.3064 seconds.
[InternalExtinction] in 0.2833 seconds.
[InternalExtinction] in 0.2183 seconds.
[InternalExtinction] in 0.2337 seconds.
[InternalExtinction] in 0.3232 seconds.
[InternalExtinction] in 0.3499 seconds.
[InternalExtinction] in 0.3092 seconds.
[InternalExtinction] in 0.3747 seconds.
[InternalExtinction] in 0.2107 seconds.
[InternalExtinction] in 0.2782 seconds.
[InternalExtinction] in 0.2784 seconds.
[InternalExtinction] in 0.3214 seconds.
[InternalExtinction] in 0.1934 seconds.
[InternalExtinction] in 0.2368 seconds.
[InternalExtinction] in 0.2231 seconds.
[InternalExtinction] in 0.3386 seconds.
[InternalExtinction] in 0.2198 seconds.
[InternalExtinction] in 0.2676 seconds.
[InternalExtinction] in 0.3562 seconds.
[InternalExtinction] in 0.2828 seconds.
[InternalExtinction] in 0.2256 seconds.
[InternalExtinction] in 0.2073 seconds.
[InternalExtinction] in 0.2611 seconds.
[InternalExtinction] in 0.3230 seconds.
[InternalExtinction] in 0.3195 seconds.
[InternalExtinction] in 0.2170 seconds.
[InternalExtinction] in 0.2928 seconds.
[InternalExtinction] in 0.3548 seconds.
[InternalExtinction] in 0.3431 seconds.
[InternalExtinction] in 0.2264 seconds.
[InternalExtinction] in 0.3024 seconds.
[InternalExtinction] in 0.2015 seconds.
[InternalExtinction] in 0.3913 seconds.
[InternalExtinction] in 0.2412 seconds.
[InternalExtinction] in 0.2182 seconds.
[InternalExtinction] in 0.3181 seconds.
[InternalExtinction] in 0.2977 seconds.
[InternalExtinction] in 0.2479 seconds.
[InternalExtinction] in 0.4105 seconds.
[InternalExtinction] in 0.2782 seconds.
[InternalExtinction] in 0.2047 seconds.
[InternalExtinction] in 0.2214 seconds.
[InternalExtinction] in 0.2343 seconds.
[InternalExtinction] in 0.3179 seconds.
[InternalExtinction] in 0.4323 seconds.
[InternalExtinction] in 0.2138 seconds.
[InternalExtinction] in 0.1956 seconds.
[InternalExtinction] in 0.4312 seconds.
[InternalExtinction] in 0.2167 seconds.
[InternalExtinction] in 0.2421 seconds.
[InternalExtinction] in 0.2368 seconds.
[InternalExtinction] in 0.3130 seconds.
[InternalExtinction] in 0.3532 seconds.
[InternalExtinction] in 0.1472 seconds.
[InternalExtinction] in 0.3131 seconds.
[InternalExtinction] in 0.1961 seconds.
[InternalExtinction] in 0.2849 seconds.
[InternalExtinction] in 0.1978 seconds.
[InternalExtinction] in 0.3113 seconds.
[InternalExtinction] in 0.2902 seconds.
[InternalExtinction] in 0.2748 seconds.
[InternalExtinction] in 0.3040 seconds.
[InternalExtinction] in 0.3412 seconds.
[InternalExtinction] in 0.2478 seconds.
[InternalExtinction] in 0.3221 seconds.
[InternalExtinction] in 0.2458 seconds.
[InternalExtinction] in 0.2995 seconds.
[InternalExtinction] in 0.4255 seconds.
[InternalExtinction] in 0.2477 seconds.
[InternalExtinction] in 0.1994 seconds.
[InternalExtinction] in 0.2784 seconds.
[InternalExtinction] in 0.2271 seconds.
[InternalExtinction] in 0.3807 seconds.
[InternalExtinction] in 0.4035 seconds.
[InternalExtinction] in 0.3489 seconds.
[InternalExtinction] in 0.4082 seconds.
[InternalExtinction] in 0.2035 seconds.
[InternalExtinction] in 0.3560 seconds.
[InternalExtinction] in 0.1709 seconds.
[InternalExtinction] in 0.1427 seconds.
[InternalExtinction] in 0.2166 seconds.
[InternalExtinction] in 0.2783 seconds.
[InternalExtinction] in 0.4567 seconds.
[InternalExtinction] in 0.2279 seconds.
[InternalExtinction] in 0.3448 seconds.
[InternalExtinction] in 0.3344 seconds.
[InternalExtinction] in 0.3317 seconds.
[InternalExtinction] in 0.2467 seconds.
[InternalExtinction] in 0.4506 seconds.
InternalExtinction7 (rank 15): Processed 100 iterations.
[InternalExtinction] in 0.2330 seconds.
[InternalExtinction] in 0.3890 seconds.
[InternalExtinction] in 0.2186 seconds.
[InternalExtinction] in 0.1604 seconds.
[InternalExtinction] in 0.2204 seconds.
[InternalExtinction] in 0.2806 seconds.
[InternalExtinction] in 0.1946 seconds.
[InternalExtinction] in 0.2845 seconds.
[InternalExtinction] in 0.4549 seconds.
[InternalExtinction] in 0.2142 seconds.
[InternalExtinction] in 0.3418 seconds.
[InternalExtinction] in 0.3064 seconds.
[InternalExtinction] in 0.2833 seconds.
[InternalExtinction] in 0.2183 seconds.
[InternalExtinction] in 0.2337 seconds.
[InternalExtinction] in 0.3231 seconds.
[InternalExtinction] in 0.3497 seconds.
[InternalExtinction] in 0.3094 seconds.
[InternalExtinction] in 0.3745 seconds.
[InternalExtinction] in 0.2105 seconds.
[InternalExtinction] in 0.2781 seconds.
[InternalExtinction] in 0.2784 seconds.
[InternalExtinction] in 0.3215 seconds.
[InternalExtinction] in 0.1934 seconds.
[InternalExtinction] in 0.2368 seconds.
[InternalExtinction] in 0.2229 seconds.
[InternalExtinction] in 0.3386 seconds.
[InternalExtinction] in 0.2198 seconds.
[InternalExtinction] in 0.2676 seconds.
[InternalExtinction] in 0.3561 seconds.
[InternalExtinction] in 0.2827 seconds.
[InternalExtinction] in 0.2257 seconds.
[InternalExtinction] in 0.2073 seconds.
[InternalExtinction] in 0.2613 seconds.
[InternalExtinction] in 0.3230 seconds.
[InternalExtinction] in 0.3195 seconds.
[InternalExtinction] in 0.2170 seconds.
[InternalExtinction] in 0.2929 seconds.
[InternalExtinction] in 0.3548 seconds.
[InternalExtinction] in 0.3432 seconds.
[InternalExtinction] in 0.2264 seconds.
[InternalExtinction] in 0.3024 seconds.
[InternalExtinction] in 0.2015 seconds.
[InternalExtinction] in 0.3913 seconds.
[InternalExtinction] in 0.2412 seconds.
[InternalExtinction] in 0.2182 seconds.
[InternalExtinction] in 0.3180 seconds.
[InternalExtinction] in 0.2977 seconds.
[InternalExtinction] in 0.2479 seconds.
[InternalExtinction] in 0.4104 seconds.
[InternalExtinction] in 0.2784 seconds.
[InternalExtinction] in 0.2046 seconds.
[InternalExtinction] in 0.2215 seconds.
[InternalExtinction] in 0.2341 seconds.
[InternalExtinction] in 0.3179 seconds.
[InternalExtinction] in 0.4324 seconds.
[InternalExtinction] in 0.2139 seconds.
[InternalExtinction] in 0.1956 seconds.
[InternalExtinction] in 0.4311 seconds.
[InternalExtinction] in 0.2167 seconds.
[InternalExtinction] in 0.2423 seconds.
[InternalExtinction] in 0.2368 seconds.
[InternalExtinction] in 0.3130 seconds.
[InternalExtinction] in 0.3531 seconds.
[InternalExtinction] in 0.1472 seconds.
[InternalExtinction] in 0.3131 seconds.
[InternalExtinction] in 0.1961 seconds.
[InternalExtinction] in 0.2849 seconds.
[InternalExtinction] in 0.1978 seconds.
[InternalExtinction] in 0.3113 seconds.
[InternalExtinction] in 0.2903 seconds.
[InternalExtinction] in 0.2747 seconds.
[InternalExtinction] in 0.3040 seconds.
[InternalExtinction] in 0.3412 seconds.
[InternalExtinction] in 0.2476 seconds.
[InternalExtinction] in 0.3221 seconds.
[InternalExtinction] in 0.2458 seconds.
[InternalExtinction] in 0.2996 seconds.
[InternalExtinction] in 0.4255 seconds.
[InternalExtinction] in 0.2477 seconds.
[InternalExtinction] in 0.1994 seconds.
[InternalExtinction] in 0.2785 seconds.
[InternalExtinction] in 0.2271 seconds.
[InternalExtinction] in 0.3809 seconds.
[InternalExtinction] in 0.4034 seconds.
[InternalExtinction] in 0.3489 seconds.
[InternalExtinction] in 0.4082 seconds.
[InternalExtinction] in 0.2035 seconds.
[InternalExtinction] in 0.3560 seconds.
[InternalExtinction] in 0.1709 seconds.
[InternalExtinction] in 0.1428 seconds.
[InternalExtinction] in 0.2166 seconds.
[InternalExtinction] in 0.2784 seconds.
[InternalExtinction] in 0.4567 seconds.
[InternalExtinction] in 0.2279 seconds.
[InternalExtinction] in 0.3448 seconds.
[InternalExtinction] in 0.3344 seconds.
[InternalExtinction] in 0.3317 seconds.
[InternalExtinction] in 0.2465 seconds.
[InternalExtinction] in 0.4507 seconds.
InternalExtinction7 (rank 13): Processed 100 iterations.
[InternalExtinction] in 0.2330 seconds.
[InternalExtinction] in 0.3890 seconds.
[InternalExtinction] in 0.2186 seconds.
[InternalExtinction] in 0.1604 seconds.
[InternalExtinction] in 0.2204 seconds.
[InternalExtinction] in 0.2806 seconds.
[InternalExtinction] in 0.1946 seconds.
[InternalExtinction] in 0.2845 seconds.
[InternalExtinction] in 0.4549 seconds.
[InternalExtinction] in 0.2142 seconds.
[InternalExtinction] in 0.3418 seconds.
[InternalExtinction] in 0.3064 seconds.
[InternalExtinction] in 0.2832 seconds.
[InternalExtinction] in 0.2184 seconds.
[InternalExtinction] in 0.2339 seconds.
[InternalExtinction] in 0.3232 seconds.
[InternalExtinction] in 0.3498 seconds.
[InternalExtinction] in 0.3093 seconds.
[InternalExtinction] in 0.3747 seconds.
[InternalExtinction] in 0.2106 seconds.
[InternalExtinction] in 0.2781 seconds.
[InternalExtinction] in 0.2784 seconds.
[InternalExtinction] in 0.3214 seconds.
[InternalExtinction] in 0.1933 seconds.
[InternalExtinction] in 0.2368 seconds.
[InternalExtinction] in 0.2230 seconds.
[InternalExtinction] in 0.3386 seconds.
[InternalExtinction] in 0.2198 seconds.
[InternalExtinction] in 0.2676 seconds.
[InternalExtinction] in 0.3561 seconds.
[InternalExtinction] in 0.2827 seconds.
[InternalExtinction] in 0.2256 seconds.
[InternalExtinction] in 0.2073 seconds.
[InternalExtinction] in 0.2611 seconds.
[InternalExtinction] in 0.3230 seconds.
[InternalExtinction] in 0.3197 seconds.
[InternalExtinction] in 0.2171 seconds.
[InternalExtinction] in 0.2928 seconds.
[InternalExtinction] in 0.3548 seconds.
[InternalExtinction] in 0.3432 seconds.
[InternalExtinction] in 0.2264 seconds.
[InternalExtinction] in 0.3025 seconds.
[InternalExtinction] in 0.2015 seconds.
[InternalExtinction] in 0.3913 seconds.
[InternalExtinction] in 0.2410 seconds.
[InternalExtinction] in 0.2182 seconds.
[InternalExtinction] in 0.3180 seconds.
[InternalExtinction] in 0.2979 seconds.
[InternalExtinction] in 0.2479 seconds.
[InternalExtinction] in 0.4104 seconds.
[InternalExtinction] in 0.2784 seconds.
[InternalExtinction] in 0.2047 seconds.
[InternalExtinction] in 0.2214 seconds.
[InternalExtinction] in 0.2342 seconds.
[InternalExtinction] in 0.3180 seconds.
[InternalExtinction] in 0.4322 seconds.
[InternalExtinction] in 0.2139 seconds.
[InternalExtinction] in 0.1956 seconds.
[InternalExtinction] in 0.4312 seconds.
[InternalExtinction] in 0.2167 seconds.
[InternalExtinction] in 0.2422 seconds.
[InternalExtinction] in 0.2369 seconds.
[InternalExtinction] in 0.3130 seconds.
[InternalExtinction] in 0.3531 seconds.
[InternalExtinction] in 0.1472 seconds.
[InternalExtinction] in 0.3131 seconds.
[InternalExtinction] in 0.1961 seconds.
[InternalExtinction] in 0.2849 seconds.
[InternalExtinction] in 0.1978 seconds.
[InternalExtinction] in 0.3113 seconds.
[InternalExtinction] in 0.2902 seconds.
[InternalExtinction] in 0.2749 seconds.
[InternalExtinction] in 0.3042 seconds.
[InternalExtinction] in 0.3412 seconds.
[InternalExtinction] in 0.2476 seconds.
[InternalExtinction] in 0.3221 seconds.
[InternalExtinction] in 0.2458 seconds.
[InternalExtinction] in 0.2995 seconds.
[InternalExtinction] in 0.4254 seconds.
[InternalExtinction] in 0.2477 seconds.
[InternalExtinction] in 0.1994 seconds.
[InternalExtinction] in 0.2784 seconds.
[InternalExtinction] in 0.2271 seconds.
[InternalExtinction] in 0.3809 seconds.
[InternalExtinction] in 0.4035 seconds.
[InternalExtinction] in 0.3489 seconds.
[InternalExtinction] in 0.4082 seconds.
[InternalExtinction] in 0.2035 seconds.
[InternalExtinction] in 0.3561 seconds.
[InternalExtinction] in 0.1710 seconds.
[InternalExtinction] in 0.1427 seconds.
[InternalExtinction] in 0.2166 seconds.
[InternalExtinction] in 0.2783 seconds.
[InternalExtinction] in 0.4567 seconds.
[InternalExtinction] in 0.2279 seconds.
[InternalExtinction] in 0.3448 seconds.
[InternalExtinction] in 0.3344 seconds.
[InternalExtinction] in 0.3317 seconds.
[InternalExtinction] in 0.2466 seconds.
[InternalExtinction] in 0.4507 seconds.
InternalExtinction7 (rank 11): Processed 100 iterations.
[InternalExtinction] in 0.2330 seconds.
[InternalExtinction] in 0.3890 seconds.
[InternalExtinction] in 0.2186 seconds.
[InternalExtinction] in 0.1604 seconds.
[InternalExtinction] in 0.2204 seconds.
[InternalExtinction] in 0.2806 seconds.
[InternalExtinction] in 0.1946 seconds.
[InternalExtinction] in 0.2846 seconds.
[InternalExtinction] in 0.4549 seconds.
[InternalExtinction] in 0.2142 seconds.
[InternalExtinction] in 0.3418 seconds.
[InternalExtinction] in 0.3064 seconds.
[InternalExtinction] in 0.2833 seconds.
[InternalExtinction] in 0.2183 seconds.
[InternalExtinction] in 0.2337 seconds.
[InternalExtinction] in 0.3231 seconds.
[InternalExtinction] in 0.3497 seconds.
[InternalExtinction] in 0.3092 seconds.
[InternalExtinction] in 0.3746 seconds.
[InternalExtinction] in 0.2106 seconds.
[InternalExtinction] in 0.2781 seconds.
[InternalExtinction] in 0.2784 seconds.
[InternalExtinction] in 0.3214 seconds.
[InternalExtinction] in 0.1933 seconds.
[InternalExtinction] in 0.2368 seconds.
[InternalExtinction] in 0.2229 seconds.
[InternalExtinction] in 0.3386 seconds.
[InternalExtinction] in 0.2198 seconds.
[InternalExtinction] in 0.2676 seconds.
[InternalExtinction] in 0.3561 seconds.
[InternalExtinction] in 0.2828 seconds.
[InternalExtinction] in 0.2256 seconds.
[InternalExtinction] in 0.2073 seconds.
[InternalExtinction] in 0.2611 seconds.
[InternalExtinction] in 0.3230 seconds.
[InternalExtinction] in 0.3196 seconds.
[InternalExtinction] in 0.2171 seconds.
[InternalExtinction] in 0.2928 seconds.
[InternalExtinction] in 0.3548 seconds.
[InternalExtinction] in 0.3433 seconds.
[InternalExtinction] in 0.2264 seconds.
[InternalExtinction] in 0.3024 seconds.
[InternalExtinction] in 0.2015 seconds.
[InternalExtinction] in 0.3914 seconds.
[InternalExtinction] in 0.2412 seconds.
[InternalExtinction] in 0.2182 seconds.
[InternalExtinction] in 0.3181 seconds.
[InternalExtinction] in 0.2977 seconds.
[InternalExtinction] in 0.2480 seconds.
[InternalExtinction] in 0.4105 seconds.
[InternalExtinction] in 0.2783 seconds.
[InternalExtinction] in 0.2047 seconds.
[InternalExtinction] in 0.2215 seconds.
[InternalExtinction] in 0.2343 seconds.
[InternalExtinction] in 0.3180 seconds.
[InternalExtinction] in 0.4323 seconds.
[InternalExtinction] in 0.2138 seconds.
[InternalExtinction] in 0.1954 seconds.
[InternalExtinction] in 0.4312 seconds.
[InternalExtinction] in 0.2167 seconds.
[InternalExtinction] in 0.2422 seconds.
[InternalExtinction] in 0.2368 seconds.
[InternalExtinction] in 0.3130 seconds.
[InternalExtinction] in 0.3532 seconds.
[InternalExtinction] in 0.1472 seconds.
[InternalExtinction] in 0.3131 seconds.
[InternalExtinction] in 0.1961 seconds.
[InternalExtinction] in 0.2849 seconds.
[InternalExtinction] in 0.1978 seconds.
[InternalExtinction] in 0.3113 seconds.
[InternalExtinction] in 0.2902 seconds.
[InternalExtinction] in 0.2748 seconds.
[InternalExtinction] in 0.3041 seconds.
[InternalExtinction] in 0.3413 seconds.
[InternalExtinction] in 0.2476 seconds.
[InternalExtinction] in 0.3222 seconds.
[InternalExtinction] in 0.2458 seconds.
[InternalExtinction] in 0.2995 seconds.
[InternalExtinction] in 0.4254 seconds.
[InternalExtinction] in 0.2479 seconds.
[InternalExtinction] in 0.1995 seconds.
[InternalExtinction] in 0.2784 seconds.
[InternalExtinction] in 0.2271 seconds.
[InternalExtinction] in 0.3809 seconds.
[InternalExtinction] in 0.4035 seconds.
[InternalExtinction] in 0.3489 seconds.
[InternalExtinction] in 0.4084 seconds.
[InternalExtinction] in 0.2035 seconds.
[InternalExtinction] in 0.3560 seconds.
[InternalExtinction] in 0.1709 seconds.
[InternalExtinction] in 0.1427 seconds.
[InternalExtinction] in 0.2167 seconds.
[InternalExtinction] in 0.2784 seconds.
[InternalExtinction] in 0.4567 seconds.
[InternalExtinction] in 0.2279 seconds.
[InternalExtinction] in 0.3448 seconds.
[InternalExtinction] in 0.3344 seconds.
[InternalExtinction] in 0.3317 seconds.
[InternalExtinction] in 0.2465 seconds.
[InternalExtinction] in 0.4507 seconds.
InternalExtinction7 (rank 12): Processed 100 iterations.
NEW ELAPSED TIME: 57.67623
NEW ELAPSED TOTAL CPU TIME: 856.49305
