RUN ARGS: 
Namespace(attr=None, data='{"read" : [ {"input" : "cp_coordinates_500.txt"} ]}', file=None, iter=1, module='int_ext_graph_uniform.py', num=16, provenance=None, simple=False, target='multi')
==========
Processes: {'read4': range(0, 1), 'GetVOTable5': range(1, 6), 'FilterColumns6': range(6, 11), 'InternalExtinction7': range(11, 16)}
[ReadRaDec] in 0.2185 seconds.
read4 (rank 0): Processed 1 iteration.
[GetVOTable] in 0.4950 seconds.
[GetVOTable] in 0.4650 seconds.
[GetVOTable] in 0.4601 seconds.
[GetVOTable] in 0.4655 seconds.
[GetVOTable] in 0.4769 seconds.
[GetVOTable] in 0.5090 seconds.
[GetVOTable] in 0.4680 seconds.
[GetVOTable] in 0.4730 seconds.
[GetVOTable] in 0.4539 seconds.
[GetVOTable] in 0.5582 seconds.
[GetVOTable] in 0.5111 seconds.
[GetVOTable] in 0.5047 seconds.
[GetVOTable] in 0.6024 seconds.
[GetVOTable] in 0.4992 seconds.
[GetVOTable] in 0.5134 seconds.
[GetVOTable] in 0.5454 seconds.
[GetVOTable] in 0.4919 seconds.
[GetVOTable] in 0.4493 seconds.
[GetVOTable] in 0.5150 seconds.
[GetVOTable] in 0.4828 seconds.
[GetVOTable] in 0.5213 seconds.
[GetVOTable] in 0.4860 seconds.
[GetVOTable] in 0.4651 seconds.
[GetVOTable] in 0.5076 seconds.
[GetVOTable] in 0.4906 seconds.
[GetVOTable] in 0.4842 seconds.
[GetVOTable] in 0.4712 seconds.
[GetVOTable] in 0.4671 seconds.
[GetVOTable] in 0.4875 seconds.
[GetVOTable] in 0.4878 seconds.
[GetVOTable] in 0.4849 seconds.
[GetVOTable] in 0.4645 seconds.
[GetVOTable] in 0.4508 seconds.
[GetVOTable] in 0.4708 seconds.
[GetVOTable] in 0.4841 seconds.
[GetVOTable] in 0.5347 seconds.
[GetVOTable] in 0.5200 seconds.
[GetVOTable] in 0.4879 seconds.
[GetVOTable] in 0.4973 seconds.
[GetVOTable] in 0.4751 seconds.
[GetVOTable] in 0.5334 seconds.
[GetVOTable] in 0.5104 seconds.
[GetVOTable] in 0.4536 seconds.
[GetVOTable] in 0.5200 seconds.
[GetVOTable] in 0.4816 seconds.
[GetVOTable] in 0.5008 seconds.
[GetVOTable] in 0.4855 seconds.
[GetVOTable] in 0.5135 seconds.
[GetVOTable] in 0.5874 seconds.
[GetVOTable] in 0.5213 seconds.
[GetVOTable] in 0.5094 seconds.
[GetVOTable] in 0.5322 seconds.
[GetVOTable] in 0.5542 seconds.
[GetVOTable] in 0.4632 seconds.
[GetVOTable] in 0.4668 seconds.
[GetVOTable] in 0.5545 seconds.
[GetVOTable] in 0.5879 seconds.
[GetVOTable] in 0.5538 seconds.
[GetVOTable] in 0.5178 seconds.
[GetVOTable] in 0.4835 seconds.
[GetVOTable] in 0.5131 seconds.
[GetVOTable] in 0.4705 seconds.
[GetVOTable] in 0.4498 seconds.
[GetVOTable] in 0.4989 seconds.
[GetVOTable] in 0.4969 seconds.
[GetVOTable] in 0.4842 seconds.
[GetVOTable] in 0.4722 seconds.
[GetVOTable] in 0.4765 seconds.
[GetVOTable] in 0.4998 seconds.
[GetVOTable] in 0.4735 seconds.
[GetVOTable] in 0.5371 seconds.
[GetVOTable] in 0.4852 seconds.
[GetVOTable] in 0.5092 seconds.
[GetVOTable] in 0.5028 seconds.
[GetVOTable] in 0.5346 seconds.
[GetVOTable] in 0.4966 seconds.
[GetVOTable] in 0.4714 seconds.
[GetVOTable] in 0.4416 seconds.
[GetVOTable] in 0.4873 seconds.
[GetVOTable] in 0.4677 seconds.
[GetVOTable] in 0.4820 seconds.
[GetVOTable] in 0.4565 seconds.
[GetVOTable] in 0.4700 seconds.
[GetVOTable] in 0.4712 seconds.
[GetVOTable] in 0.4959 seconds.
[GetVOTable] in 0.4767 seconds.
[GetVOTable] in 0.4700 seconds.
[GetVOTable] in 0.4942 seconds.
[GetVOTable] in 0.5380 seconds.
[GetVOTable] in 0.5466 seconds.
[GetVOTable] in 0.5814 seconds.
[GetVOTable] in 0.6232 seconds.
[GetVOTable] in 0.7714 seconds.
[GetVOTable] in 0.5562 seconds.
[GetVOTable] in 0.4951 seconds.
[GetVOTable] in 0.5467 seconds.
[GetVOTable] in 0.4863 seconds.
[GetVOTable] in 0.4890 seconds.
[GetVOTable] in 0.4898 seconds.
[GetVOTable] in 0.4649 seconds.
GetVOTable5 (rank 4): Processed 100 iterations.
[GetVOTable] in 0.5234 seconds.
[GetVOTable] in 0.4698 seconds.
[GetVOTable] in 0.4363 seconds.
[GetVOTable] in 0.4724 seconds.
[GetVOTable] in 0.5024 seconds.
[GetVOTable] in 0.5168 seconds.
[GetVOTable] in 0.4594 seconds.
[GetVOTable] in 0.4794 seconds.
[GetVOTable] in 0.4898 seconds.
[GetVOTable] in 0.5568 seconds.
[GetVOTable] in 0.4752 seconds.
[GetVOTable] in 0.5130 seconds.
[GetVOTable] in 0.5739 seconds.
[GetVOTable] in 0.4938 seconds.
[GetVOTable] in 0.5002 seconds.
[GetVOTable] in 0.4765 seconds.
[GetVOTable] in 0.4697 seconds.
[GetVOTable] in 0.5132 seconds.
[GetVOTable] in 0.4978 seconds.
[GetVOTable] in 0.4922 seconds.
[GetVOTable] in 0.5526 seconds.
[GetVOTable] in 0.4929 seconds.
[GetVOTable] in 0.4826 seconds.
[GetVOTable] in 0.5035 seconds.
[GetVOTable] in 0.4709 seconds.
[GetVOTable] in 0.4840 seconds.
[GetVOTable] in 0.4779 seconds.
[GetVOTable] in 0.4837 seconds.
[GetVOTable] in 0.4919 seconds.
[GetVOTable] in 0.4810 seconds.
[GetVOTable] in 0.4916 seconds.
[GetVOTable] in 0.4943 seconds.
[GetVOTable] in 0.4545 seconds.
[GetVOTable] in 0.4881 seconds.
[GetVOTable] in 0.5199 seconds.
[GetVOTable] in 0.5128 seconds.
[GetVOTable] in 0.4684 seconds.
[GetVOTable] in 0.4998 seconds.
[GetVOTable] in 0.4995 seconds.
[GetVOTable] in 0.5209 seconds.
[GetVOTable] in 0.4686 seconds.
[GetVOTable] in 0.4554 seconds.
[GetVOTable] in 0.4733 seconds.
[GetVOTable] in 0.5012 seconds.
[GetVOTable] in 0.5033 seconds.
[GetVOTable] in 0.4874 seconds.
[GetVOTable] in 0.4865 seconds.
[GetVOTable] in 0.4983 seconds.
[GetVOTable] in 0.5599 seconds.
[GetVOTable] in 0.5431 seconds.
[GetVOTable] in 0.5428 seconds.
[GetVOTable] in 0.5264 seconds.
[GetVOTable] in 0.5429 seconds.
[GetVOTable] in 0.5190 seconds.
[GetVOTable] in 0.4958 seconds.
[GetVOTable] in 0.5956 seconds.
[GetVOTable] in 0.5897 seconds.
[GetVOTable] in 0.4774 seconds.
[GetVOTable] in 0.4863 seconds.
[GetVOTable] in 0.5264 seconds.
[GetVOTable] in 0.5110 seconds.
[GetVOTable] in 0.4489 seconds.
[GetVOTable] in 0.5296 seconds.
[GetVOTable] in 0.4618 seconds.
[GetVOTable] in 0.5097 seconds.
[GetVOTable] in 0.5148 seconds.
[GetVOTable] in 0.4889 seconds.
[GetVOTable] in 0.4751 seconds.
[GetVOTable] in 0.4883 seconds.
[GetVOTable] in 0.5443 seconds.
[GetVOTable] in 0.4895 seconds.
[GetVOTable] in 0.4882 seconds.
[GetVOTable] in 0.4671 seconds.
[GetVOTable] in 0.4859 seconds.
[GetVOTable] in 0.4827 seconds.
[GetVOTable] in 0.4629 seconds.
[GetVOTable] in 0.5164 seconds.
[GetVOTable] in 0.4418 seconds.
[GetVOTable] in 0.4526 seconds.
[GetVOTable] in 0.4750 seconds.
[GetVOTable] in 0.4678 seconds.
[GetVOTable] in 0.4733 seconds.
[GetVOTable] in 0.4671 seconds.
[GetVOTable] in 0.4908 seconds.
[GetVOTable] in 0.5017 seconds.
[GetVOTable] in 0.4680 seconds.
[GetVOTable] in 0.4849 seconds.
[GetVOTable] in 0.5078 seconds.
[GetVOTable] in 0.4812 seconds.
[GetVOTable] in 0.6118 seconds.
[GetVOTable] in 0.5626 seconds.
[GetVOTable] in 0.6230 seconds.
[GetVOTable] in 0.7001 seconds.
[GetVOTable] in 0.5647 seconds.
[GetVOTable] in 0.5271 seconds.
[GetVOTable] in 0.5125 seconds.
[GetVOTable] in 0.5168 seconds.
[GetVOTable] in 0.5020 seconds.
[GetVOTable] in 0.4489 seconds.
[GetVOTable] in 0.5306 seconds.
GetVOTable5 (rank 3): Processed 100 iterations.
[GetVOTable] in 0.5110 seconds.
[GetVOTable] in 0.4734 seconds.
[GetVOTable] in 0.4470 seconds.
[GetVOTable] in 0.4468 seconds.
[GetVOTable] in 0.4872 seconds.
[GetVOTable] in 0.4937 seconds.
[GetVOTable] in 0.4649 seconds.
[GetVOTable] in 0.5094 seconds.
[GetVOTable] in 0.5564 seconds.
[GetVOTable] in 0.5315 seconds.
[GetVOTable] in 0.5195 seconds.
[GetVOTable] in 0.4987 seconds.
[GetVOTable] in 0.5167 seconds.
[GetVOTable] in 0.4594 seconds.
[GetVOTable] in 0.5204 seconds.
[GetVOTable] in 0.4982 seconds.
[GetVOTable] in 0.5293 seconds.
[GetVOTable] in 0.4857 seconds.
[GetVOTable] in 0.4901 seconds.
[GetVOTable] in 0.4523 seconds.
[GetVOTable] in 0.5002 seconds.
[GetVOTable] in 0.5135 seconds.
[GetVOTable] in 0.4886 seconds.
[GetVOTable] in 0.4872 seconds.
[GetVOTable] in 0.5022 seconds.
[GetVOTable] in 0.5257 seconds.
[GetVOTable] in 0.5044 seconds.
[GetVOTable] in 0.4701 seconds.
[GetVOTable] in 0.4770 seconds.
[GetVOTable] in 0.4800 seconds.
[GetVOTable] in 0.4625 seconds.
[GetVOTable] in 0.4647 seconds.
[GetVOTable] in 0.5026 seconds.
[GetVOTable] in 0.4920 seconds.
[GetVOTable] in 0.4639 seconds.
[GetVOTable] in 0.5434 seconds.
[GetVOTable] in 0.5331 seconds.
[GetVOTable] in 0.4885 seconds.
[GetVOTable] in 0.4753 seconds.
[GetVOTable] in 0.4700 seconds.
[GetVOTable] in 0.5144 seconds.
[GetVOTable] in 0.5182 seconds.
[GetVOTable] in 0.4744 seconds.
[GetVOTable] in 0.5295 seconds.
[GetVOTable] in 0.4654 seconds.
[GetVOTable] in 0.5736 seconds.
[GetVOTable] in 0.5014 seconds.
[GetVOTable] in 0.4739 seconds.
[GetVOTable] in 0.5354 seconds.
[GetVOTable] in 0.4951 seconds.
[GetVOTable] in 0.4849 seconds.
[GetVOTable] in 0.5262 seconds.
[GetVOTable] in 0.5025 seconds.
[GetVOTable] in 0.5018 seconds.
[GetVOTable] in 0.4651 seconds.
[GetVOTable] in 0.5393 seconds.
[GetVOTable] in 0.5786 seconds.
[GetVOTable] in 0.5314 seconds.
[GetVOTable] in 0.4529 seconds.
[GetVOTable] in 0.5270 seconds.
[GetVOTable] in 0.5040 seconds.
[GetVOTable] in 0.4774 seconds.
[GetVOTable] in 0.4990 seconds.
[GetVOTable] in 0.5058 seconds.
[GetVOTable] in 0.4526 seconds.
[GetVOTable] in 0.5379 seconds.
[GetVOTable] in 0.4660 seconds.
[GetVOTable] in 0.4793 seconds.
[GetVOTable] in 0.5249 seconds.
[GetVOTable] in 0.5484 seconds.
[GetVOTable] in 0.4791 seconds.
[GetVOTable] in 0.4876 seconds.
[GetVOTable] in 0.4729 seconds.
[GetVOTable] in 0.5260 seconds.
[GetVOTable] in 0.4935 seconds.
[GetVOTable] in 0.4532 seconds.
[GetVOTable] in 0.4972 seconds.
[GetVOTable] in 0.4949 seconds.
[GetVOTable] in 0.4577 seconds.
[GetVOTable] in 0.4882 seconds.
[GetVOTable] in 0.4770 seconds.
[GetVOTable] in 0.5125 seconds.
[GetVOTable] in 0.4530 seconds.
[GetVOTable] in 0.4512 seconds.
[GetVOTable] in 0.4644 seconds.
[GetVOTable] in 0.4699 seconds.
[GetVOTable] in 0.4884 seconds.
[GetVOTable] in 0.5195 seconds.
[GetVOTable] in 0.5543 seconds.
[GetVOTable] in 0.5508 seconds.
[GetVOTable] in 0.5965 seconds.
[GetVOTable] in 0.6478 seconds.
[GetVOTable] in 0.5931 seconds.
[GetVOTable] in 0.4962 seconds.
[GetVOTable] in 0.4782 seconds.
[GetVOTable] in 0.5628 seconds.
[GetVOTable] in 0.4910 seconds.
[GetVOTable] in 0.4798 seconds.
[GetVOTable] in 0.4999 seconds.
[GetVOTable] in 0.7231 seconds.
GetVOTable5 (rank 1): Processed 100 iterations.
[GetVOTable] in 0.5221 seconds.
[GetVOTable] in 0.4513 seconds.
[GetVOTable] in 0.4609 seconds.
[GetVOTable] in 0.4652 seconds.
[GetVOTable] in 0.4694 seconds.
[GetVOTable] in 0.4691 seconds.
[GetVOTable] in 0.4997 seconds.
[GetVOTable] in 0.4845 seconds.
[GetVOTable] in 0.4710 seconds.
[GetVOTable] in 0.4887 seconds.
[GetVOTable] in 0.4987 seconds.
[GetVOTable] in 0.5304 seconds.
[GetVOTable] in 0.5166 seconds.
[GetVOTable] in 0.5484 seconds.
[GetVOTable] in 0.4823 seconds.
[GetVOTable] in 0.4758 seconds.
[GetVOTable] in 0.5434 seconds.
[GetVOTable] in 0.4686 seconds.
[GetVOTable] in 0.4788 seconds.
[GetVOTable] in 0.4837 seconds.
[GetVOTable] in 0.5296 seconds.
[GetVOTable] in 0.5313 seconds.
[GetVOTable] in 0.4734 seconds.
[GetVOTable] in 0.4708 seconds.
[GetVOTable] in 0.4814 seconds.
[GetVOTable] in 0.5578 seconds.
[GetVOTable] in 0.4841 seconds.
[GetVOTable] in 0.4794 seconds.
[GetVOTable] in 0.4906 seconds.
[GetVOTable] in 0.5070 seconds.
[GetVOTable] in 0.4637 seconds.
[GetVOTable] in 0.4504 seconds.
[GetVOTable] in 0.5644 seconds.
[GetVOTable] in 0.4863 seconds.
[GetVOTable] in 0.5088 seconds.
[GetVOTable] in 0.5265 seconds.
[GetVOTable] in 0.4709 seconds.
[GetVOTable] in 0.4880 seconds.
[GetVOTable] in 0.4818 seconds.
[GetVOTable] in 0.5140 seconds.
[GetVOTable] in 0.4821 seconds.
[GetVOTable] in 0.4505 seconds.
[GetVOTable] in 0.5150 seconds.
[GetVOTable] in 0.5095 seconds.
[GetVOTable] in 0.4847 seconds.
[GetVOTable] in 0.5072 seconds.
[GetVOTable] in 0.4761 seconds.
[GetVOTable] in 0.4726 seconds.
[GetVOTable] in 0.5452 seconds.
[GetVOTable] in 0.5489 seconds.
[GetVOTable] in 0.5858 seconds.
[GetVOTable] in 0.5225 seconds.
[GetVOTable] in 0.5342 seconds.
[GetVOTable] in 0.5304 seconds.
[GetVOTable] in 0.4946 seconds.
[GetVOTable] in 0.6115 seconds.
[GetVOTable] in 0.6579 seconds.
[GetVOTable] in 0.5050 seconds.
[GetVOTable] in 0.4951 seconds.
[GetVOTable] in 0.5240 seconds.
[GetVOTable] in 0.5671 seconds.
[GetVOTable] in 0.5132 seconds.
[GetVOTable] in 0.5384 seconds.
[GetVOTable] in 0.4755 seconds.
[GetVOTable] in 0.4764 seconds.
[GetVOTable] in 0.4812 seconds.
[GetVOTable] in 0.4595 seconds.
[GetVOTable] in 0.4842 seconds.
[GetVOTable] in 0.4995 seconds.
[GetVOTable] in 0.5377 seconds.
[GetVOTable] in 0.5372 seconds.
[GetVOTable] in 0.5321 seconds.
[GetVOTable] in 0.5432 seconds.
[GetVOTable] in 0.4754 seconds.
[GetVOTable] in 0.4935 seconds.
[GetVOTable] in 0.4715 seconds.
[GetVOTable] in 0.5703 seconds.
[GetVOTable] in 0.4647 seconds.
[GetVOTable] in 0.4978 seconds.
[GetVOTable] in 0.4759 seconds.
[GetVOTable] in 0.4793 seconds.
[GetVOTable] in 0.4418 seconds.
[GetVOTable] in 0.4839 seconds.
[GetVOTable] in 0.5047 seconds.
[GetVOTable] in 0.4440 seconds.
[GetVOTable] in 0.5023 seconds.
[GetVOTable] in 0.5055 seconds.
[GetVOTable] in 0.4858 seconds.
[GetVOTable] in 0.5995 seconds.
[GetVOTable] in 0.6523 seconds.
[GetVOTable] in 0.6113 seconds.
[GetVOTable] in 0.6004 seconds.
[GetVOTable] in 0.5771 seconds.
[GetVOTable] in 0.4930 seconds.
[GetVOTable] in 0.5242 seconds.
[GetVOTable] in 0.5048 seconds.
[GetVOTable] in 0.4934 seconds.
[GetVOTable] in 0.4551 seconds.
[GetVOTable] in 0.4990 seconds.
[GetVOTable] in 0.5332 seconds.
GetVOTable5 (rank 2): Processed 100 iterations.
[GetVOTable] in 0.4783 seconds.
[GetVOTable] in 0.4504 seconds.
[GetVOTable] in 0.4509 seconds.
[GetVOTable] in 0.4812 seconds.
[GetVOTable] in 0.5044 seconds.
[GetVOTable] in 0.4972 seconds.
[GetVOTable] in 0.5233 seconds.
[GetVOTable] in 0.4821 seconds.
[GetVOTable] in 0.4998 seconds.
[GetVOTable] in 0.5238 seconds.
[GetVOTable] in 0.4689 seconds.
[GetVOTable] in 0.5040 seconds.
[GetVOTable] in 0.5774 seconds.
[GetVOTable] in 0.4937 seconds.
[GetVOTable] in 0.4745 seconds.
[GetVOTable] in 0.4920 seconds.
[GetVOTable] in 0.5019 seconds.
[GetVOTable] in 0.4824 seconds.
[GetVOTable] in 0.5105 seconds.
[GetVOTable] in 0.4752 seconds.
[GetVOTable] in 0.5524 seconds.
[GetVOTable] in 0.5057 seconds.
[GetVOTable] in 0.5429 seconds.
[GetVOTable] in 0.4798 seconds.
[GetVOTable] in 0.5337 seconds.
[GetVOTable] in 0.4782 seconds.
[GetVOTable] in 0.4744 seconds.
[GetVOTable] in 0.4640 seconds.
[GetVOTable] in 0.5038 seconds.
[GetVOTable] in 0.4721 seconds.
[GetVOTable] in 0.4469 seconds.
[GetVOTable] in 0.4712 seconds.
[GetVOTable] in 0.6119 seconds.
[GetVOTable] in 0.5174 seconds.
[GetVOTable] in 0.4689 seconds.
[GetVOTable] in 0.4940 seconds.
[GetVOTable] in 0.4638 seconds.
[GetVOTable] in 0.4809 seconds.
[GetVOTable] in 0.5260 seconds.
[GetVOTable] in 0.4943 seconds.
[GetVOTable] in 0.5689 seconds.
[GetVOTable] in 0.4938 seconds.
[GetVOTable] in 0.4773 seconds.
[GetVOTable] in 0.5207 seconds.
[GetVOTable] in 0.4953 seconds.
[GetVOTable] in 0.5235 seconds.
[GetVOTable] in 0.5009 seconds.
[GetVOTable] in 0.4757 seconds.
[GetVOTable] in 0.5507 seconds.
[GetVOTable] in 0.5219 seconds.
[GetVOTable] in 0.4682 seconds.
[GetVOTable] in 0.4942 seconds.
[GetVOTable] in 0.5310 seconds.
[GetVOTable] in 0.5082 seconds.
[GetVOTable] in 0.4653 seconds.
[GetVOTable] in 0.5634 seconds.
[GetVOTable] in 0.5590 seconds.
[GetVOTable] in 0.4675 seconds.
[GetVOTable] in 0.5095 seconds.
[GetVOTable] in 0.4938 seconds.
[GetVOTable] in 0.5107 seconds.
[GetVOTable] in 0.4884 seconds.
[GetVOTable] in 0.4943 seconds.
[GetVOTable] in 0.4612 seconds.
[GetVOTable] in 0.4691 seconds.
[GetVOTable] in 0.5094 seconds.
[GetVOTable] in 0.5120 seconds.
[GetVOTable] in 0.5211 seconds.
[GetVOTable] in 0.4803 seconds.
[GetVOTable] in 0.5218 seconds.
[GetVOTable] in 0.4795 seconds.
[GetVOTable] in 0.5064 seconds.
[GetVOTable] in 0.4777 seconds.
[GetVOTable] in 0.4960 seconds.
[GetVOTable] in 0.4960 seconds.
[GetVOTable] in 0.4811 seconds.
[GetVOTable] in 0.6399 seconds.
[GetVOTable] in 0.4842 seconds.
[GetVOTable] in 0.4632 seconds.
[GetVOTable] in 0.5352 seconds.
[GetVOTable] in 0.4947 seconds.
[GetVOTable] in 0.4703 seconds.
[GetVOTable] in 0.4784 seconds.
[GetVOTable] in 0.4811 seconds.
[GetVOTable] in 0.5160 seconds.
[GetVOTable] in 0.4838 seconds.
[GetVOTable] in 0.4611 seconds.
[GetVOTable] in 0.5461 seconds.
[GetVOTable] in 0.4822 seconds.
[GetVOTable] in 0.6740 seconds.
[GetVOTable] in 0.7329 seconds.
[GetVOTable] in 0.8361 seconds.
[GetVOTable] in 0.5615 seconds.
[GetVOTable] in 0.5131 seconds.
[GetVOTable] in 0.5338 seconds.
[GetVOTable] in 0.5222 seconds.
[GetVOTable] in 0.5013 seconds.
[GetVOTable] in 0.4863 seconds.
[GetVOTable] in 0.5222 seconds.
[GetVOTable] in 0.5120 seconds.
GetVOTable5 (rank 5): Processed 100 iterations.
[FilterColumns] in 0.3345 seconds.
[FilterColumns] in 0.2137 seconds.
[FilterColumns] in 0.2022 seconds.
[FilterColumns] in 0.2016 seconds.
[FilterColumns] in 0.2068 seconds.
[FilterColumns] in 0.2073 seconds.
[FilterColumns] in 0.2142 seconds.
[FilterColumns] in 0.2081 seconds.
[FilterColumns] in 0.2165 seconds.
[FilterColumns] in 0.2032 seconds.
[FilterColumns] in 0.2135 seconds.
[FilterColumns] in 0.2143 seconds.
[FilterColumns] in 0.2013 seconds.
[FilterColumns] in 0.1963 seconds.
[FilterColumns] in 0.2162 seconds.
[FilterColumns] in 0.2139 seconds.
[FilterColumns] in 0.2016 seconds.
[FilterColumns] in 0.2182 seconds.
[FilterColumns] in 0.2107 seconds.
[FilterColumns] in 0.2126 seconds.
[FilterColumns] in 0.2061 seconds.
[FilterColumns] in 0.2143 seconds.
[FilterColumns] in 0.1982 seconds.
[FilterColumns] in 0.2122 seconds.
[FilterColumns] in 0.2104 seconds.
[FilterColumns] in 0.1973 seconds.
[FilterColumns] in 0.2081 seconds.
[FilterColumns] in 0.2092 seconds.
[FilterColumns] in 0.1960 seconds.
[FilterColumns] in 0.2072 seconds.
[FilterColumns] in 0.2006 seconds.
[FilterColumns] in 0.2141 seconds.
[FilterColumns] in 0.2011 seconds.
[FilterColumns] in 0.2061 seconds.
[FilterColumns] in 0.2100 seconds.
[FilterColumns] in 0.1997 seconds.
[FilterColumns] in 0.2135 seconds.
[FilterColumns] in 0.2187 seconds.
[FilterColumns] in 0.2147 seconds.
[FilterColumns] in 0.2026 seconds.
[FilterColumns] in 0.2190 seconds.
[FilterColumns] in 0.2081 seconds.
[FilterColumns] in 0.2041 seconds.
[FilterColumns] in 0.2109 seconds.
[FilterColumns] in 0.2021 seconds.
[FilterColumns] in 0.2018 seconds.
[FilterColumns] in 0.1983 seconds.
[FilterColumns] in 0.2029 seconds.
[FilterColumns] in 0.2119 seconds.
[FilterColumns] in 0.2089 seconds.
[FilterColumns] in 0.2001 seconds.
[FilterColumns] in 0.2009 seconds.
[FilterColumns] in 0.2165 seconds.
[FilterColumns] in 0.2073 seconds.
[FilterColumns] in 0.2027 seconds.
[FilterColumns] in 0.2112 seconds.
[FilterColumns] in 0.2140 seconds.
[FilterColumns] in 0.2071 seconds.
[FilterColumns] in 0.2109 seconds.
[FilterColumns] in 0.2013 seconds.
[FilterColumns] in 0.2071 seconds.
[FilterColumns] in 0.2027 seconds.
[FilterColumns] in 0.2132 seconds.
[FilterColumns] in 0.2111 seconds.
[FilterColumns] in 0.2064 seconds.
[FilterColumns] in 0.2110 seconds.
[FilterColumns] in 0.2135 seconds.
[FilterColumns] in 0.2085 seconds.
[FilterColumns] in 0.2107 seconds.
[FilterColumns] in 0.2091 seconds.
[FilterColumns] in 0.2171 seconds.
[FilterColumns] in 0.2140 seconds.
[FilterColumns] in 0.2188 seconds.
[FilterColumns] in 0.2094 seconds.
[FilterColumns] in 0.2023 seconds.
[FilterColumns] in 0.2001 seconds.
[FilterColumns] in 0.2075 seconds.
[FilterColumns] in 0.2031 seconds.
[FilterColumns] in 0.2120 seconds.
[FilterColumns] in 0.2018 seconds.
[FilterColumns] in 0.1976 seconds.
[FilterColumns] in 0.2144 seconds.
[FilterColumns] in 0.1981 seconds.
[FilterColumns] in 0.2127 seconds.
[FilterColumns] in 0.2178 seconds.
[FilterColumns] in 0.2039 seconds.
[FilterColumns] in 0.2005 seconds.
[FilterColumns] in 0.2095 seconds.
[FilterColumns] in 0.2097 seconds.
[FilterColumns] in 0.1960 seconds.
[FilterColumns] in 0.2126 seconds.
[FilterColumns] in 0.2172 seconds.
[FilterColumns] in 0.2138 seconds.
[FilterColumns] in 0.2154 seconds.
[FilterColumns] in 0.2022 seconds.
[FilterColumns] in 0.2042 seconds.
[FilterColumns] in 0.2025 seconds.
[FilterColumns] in 0.2150 seconds.
[FilterColumns] in 0.1960 seconds.
[FilterColumns] in 0.2053 seconds.
FilterColumns6 (rank 8): Processed 100 iterations.
[FilterColumns] in 0.3293 seconds.
[FilterColumns] in 0.2137 seconds.
[FilterColumns] in 0.2021 seconds.
[FilterColumns] in 0.2019 seconds.
[FilterColumns] in 0.2069 seconds.
[FilterColumns] in 0.2066 seconds.
[FilterColumns] in 0.2144 seconds.
[FilterColumns] in 0.2077 seconds.
[FilterColumns] in 0.2170 seconds.
[FilterColumns] in 0.2037 seconds.
[FilterColumns] in 0.2137 seconds.
[FilterColumns] in 0.2141 seconds.
[FilterColumns] in 0.2012 seconds.
[FilterColumns] in 0.1964 seconds.
[FilterColumns] in 0.2163 seconds.
[FilterColumns] in 0.2134 seconds.
[FilterColumns] in 0.2018 seconds.
[FilterColumns] in 0.2181 seconds.
[FilterColumns] in 0.2106 seconds.
[FilterColumns] in 0.2123 seconds.
[FilterColumns] in 0.2057 seconds.
[FilterColumns] in 0.2146 seconds.
[FilterColumns] in 0.1980 seconds.
[FilterColumns] in 0.2124 seconds.
[FilterColumns] in 0.2105 seconds.
[FilterColumns] in 0.1974 seconds.
[FilterColumns] in 0.2080 seconds.
[FilterColumns] in 0.2083 seconds.
[FilterColumns] in 0.1972 seconds.
[FilterColumns] in 0.2071 seconds.
[FilterColumns] in 0.2002 seconds.
[FilterColumns] in 0.2140 seconds.
[FilterColumns] in 0.2007 seconds.
[FilterColumns] in 0.2059 seconds.
[FilterColumns] in 0.2100 seconds.
[FilterColumns] in 0.1998 seconds.
[FilterColumns] in 0.2132 seconds.
[FilterColumns] in 0.2189 seconds.
[FilterColumns] in 0.2148 seconds.
[FilterColumns] in 0.2022 seconds.
[FilterColumns] in 0.2197 seconds.
[FilterColumns] in 0.2079 seconds.
[FilterColumns] in 0.2037 seconds.
[FilterColumns] in 0.2112 seconds.
[FilterColumns] in 0.2019 seconds.
[FilterColumns] in 0.2016 seconds.
[FilterColumns] in 0.1983 seconds.
[FilterColumns] in 0.2025 seconds.
[FilterColumns] in 0.2121 seconds.
[FilterColumns] in 0.2088 seconds.
[FilterColumns] in 0.2002 seconds.
[FilterColumns] in 0.2007 seconds.
[FilterColumns] in 0.2163 seconds.
[FilterColumns] in 0.2073 seconds.
[FilterColumns] in 0.2025 seconds.
[FilterColumns] in 0.2111 seconds.
[FilterColumns] in 0.2136 seconds.
[FilterColumns] in 0.2071 seconds.
[FilterColumns] in 0.2110 seconds.
[FilterColumns] in 0.2013 seconds.
[FilterColumns] in 0.2074 seconds.
[FilterColumns] in 0.2027 seconds.
[FilterColumns] in 0.2135 seconds.
[FilterColumns] in 0.2104 seconds.
[FilterColumns] in 0.2062 seconds.
[FilterColumns] in 0.2105 seconds.
[FilterColumns] in 0.2136 seconds.
[FilterColumns] in 0.2090 seconds.
[FilterColumns] in 0.2106 seconds.
[FilterColumns] in 0.2087 seconds.
[FilterColumns] in 0.2169 seconds.
[FilterColumns] in 0.2140 seconds.
[FilterColumns] in 0.2192 seconds.
[FilterColumns] in 0.2092 seconds.
[FilterColumns] in 0.2018 seconds.
[FilterColumns] in 0.2002 seconds.
[FilterColumns] in 0.2072 seconds.
[FilterColumns] in 0.2030 seconds.
[FilterColumns] in 0.2124 seconds.
[FilterColumns] in 0.2018 seconds.
[FilterColumns] in 0.1974 seconds.
[FilterColumns] in 0.2137 seconds.
[FilterColumns] in 0.1988 seconds.
[FilterColumns] in 0.2130 seconds.
[FilterColumns] in 0.2179 seconds.
[FilterColumns] in 0.2038 seconds.
[FilterColumns] in 0.2000 seconds.
[FilterColumns] in 0.2099 seconds.
[FilterColumns] in 0.2101 seconds.
[FilterColumns] in 0.1962 seconds.
[FilterColumns] in 0.2128 seconds.
[FilterColumns] in 0.2168 seconds.
[FilterColumns] in 0.2142 seconds.
[FilterColumns] in 0.2148 seconds.
[FilterColumns] in 0.2023 seconds.
[FilterColumns] in 0.2037 seconds.
[FilterColumns] in 0.2022 seconds.
[FilterColumns] in 0.2154 seconds.
[FilterColumns] in 0.1951 seconds.
[FilterColumns] in 0.2068 seconds.
FilterColumns6 (rank 10): Processed 100 iterations.
[FilterColumns] in 0.3354 seconds.
[FilterColumns] in 0.2133 seconds.
[FilterColumns] in 0.2019 seconds.
[FilterColumns] in 0.2015 seconds.
[FilterColumns] in 0.2072 seconds.
[FilterColumns] in 0.2067 seconds.
[FilterColumns] in 0.2146 seconds.
[FilterColumns] in 0.2079 seconds.
[FilterColumns] in 0.2169 seconds.
[FilterColumns] in 0.2032 seconds.
[FilterColumns] in 0.2140 seconds.
[FilterColumns] in 0.2145 seconds.
[FilterColumns] in 0.2012 seconds.
[FilterColumns] in 0.1961 seconds.
[FilterColumns] in 0.2166 seconds.
[FilterColumns] in 0.2134 seconds.
[FilterColumns] in 0.2017 seconds.
[FilterColumns] in 0.2180 seconds.
[FilterColumns] in 0.2107 seconds.
[FilterColumns] in 0.2126 seconds.
[FilterColumns] in 0.2058 seconds.
[FilterColumns] in 0.2142 seconds.
[FilterColumns] in 0.1979 seconds.
[FilterColumns] in 0.2122 seconds.
[FilterColumns] in 0.2104 seconds.
[FilterColumns] in 0.1973 seconds.
[FilterColumns] in 0.2083 seconds.
[FilterColumns] in 0.2094 seconds.
[FilterColumns] in 0.1959 seconds.
[FilterColumns] in 0.2075 seconds.
[FilterColumns] in 0.2008 seconds.
[FilterColumns] in 0.2145 seconds.
[FilterColumns] in 0.2007 seconds.
[FilterColumns] in 0.2060 seconds.
[FilterColumns] in 0.2101 seconds.
[FilterColumns] in 0.1999 seconds.
[FilterColumns] in 0.2135 seconds.
[FilterColumns] in 0.2184 seconds.
[FilterColumns] in 0.2151 seconds.
[FilterColumns] in 0.2026 seconds.
[FilterColumns] in 0.2192 seconds.
[FilterColumns] in 0.2080 seconds.
[FilterColumns] in 0.2040 seconds.
[FilterColumns] in 0.2110 seconds.
[FilterColumns] in 0.2023 seconds.
[FilterColumns] in 0.2017 seconds.
[FilterColumns] in 0.1982 seconds.
[FilterColumns] in 0.2024 seconds.
[FilterColumns] in 0.2123 seconds.
[FilterColumns] in 0.2087 seconds.
[FilterColumns] in 0.1999 seconds.
[FilterColumns] in 0.2007 seconds.
[FilterColumns] in 0.2164 seconds.
[FilterColumns] in 0.2078 seconds.
[FilterColumns] in 0.2023 seconds.
[FilterColumns] in 0.2110 seconds.
[FilterColumns] in 0.2138 seconds.
[FilterColumns] in 0.2072 seconds.
[FilterColumns] in 0.2108 seconds.
[FilterColumns] in 0.2016 seconds.
[FilterColumns] in 0.2074 seconds.
[FilterColumns] in 0.2023 seconds.
[FilterColumns] in 0.2136 seconds.
[FilterColumns] in 0.2107 seconds.
[FilterColumns] in 0.2065 seconds.
[FilterColumns] in 0.2108 seconds.
[FilterColumns] in 0.2137 seconds.
[FilterColumns] in 0.2089 seconds.
[FilterColumns] in 0.2105 seconds.
[FilterColumns] in 0.2089 seconds.
[FilterColumns] in 0.2171 seconds.
[FilterColumns] in 0.2136 seconds.
[FilterColumns] in 0.2195 seconds.
[FilterColumns] in 0.2094 seconds.
[FilterColumns] in 0.2024 seconds.
[FilterColumns] in 0.1997 seconds.
[FilterColumns] in 0.2072 seconds.
[FilterColumns] in 0.2035 seconds.
[FilterColumns] in 0.2120 seconds.
[FilterColumns] in 0.2016 seconds.
[FilterColumns] in 0.1976 seconds.
[FilterColumns] in 0.2141 seconds.
[FilterColumns] in 0.1991 seconds.
[FilterColumns] in 0.2125 seconds.
[FilterColumns] in 0.2181 seconds.
[FilterColumns] in 0.2038 seconds.
[FilterColumns] in 0.2003 seconds.
[FilterColumns] in 0.2096 seconds.
[FilterColumns] in 0.2097 seconds.
[FilterColumns] in 0.1962 seconds.
[FilterColumns] in 0.2127 seconds.
[FilterColumns] in 0.2170 seconds.
[FilterColumns] in 0.2142 seconds.
[FilterColumns] in 0.2151 seconds.
[FilterColumns] in 0.2023 seconds.
[FilterColumns] in 0.2041 seconds.
[FilterColumns] in 0.2021 seconds.
[FilterColumns] in 0.2153 seconds.
[FilterColumns] in 0.1955 seconds.
[FilterColumns] in 0.2054 seconds.
FilterColumns6 (rank 7): Processed 100 iterations.
[FilterColumns] in 0.3313 seconds.
[FilterColumns] in 0.2136 seconds.
[FilterColumns] in 0.2021 seconds.
[FilterColumns] in 0.2017 seconds.
[FilterColumns] in 0.2064 seconds.
[FilterColumns] in 0.2067 seconds.
[FilterColumns] in 0.2142 seconds.
[FilterColumns] in 0.2075 seconds.
[FilterColumns] in 0.2166 seconds.
[FilterColumns] in 0.2035 seconds.
[FilterColumns] in 0.2135 seconds.
[FilterColumns] in 0.2142 seconds.
[FilterColumns] in 0.2013 seconds.
[FilterColumns] in 0.1961 seconds.
[FilterColumns] in 0.2160 seconds.
[FilterColumns] in 0.2134 seconds.
[FilterColumns] in 0.2013 seconds.
[FilterColumns] in 0.2180 seconds.
[FilterColumns] in 0.2105 seconds.
[FilterColumns] in 0.2127 seconds.
[FilterColumns] in 0.2059 seconds.
[FilterColumns] in 0.2142 seconds.
[FilterColumns] in 0.1983 seconds.
[FilterColumns] in 0.2121 seconds.
[FilterColumns] in 0.2104 seconds.
[FilterColumns] in 0.1973 seconds.
[FilterColumns] in 0.2080 seconds.
[FilterColumns] in 0.2081 seconds.
[FilterColumns] in 0.1967 seconds.
[FilterColumns] in 0.2074 seconds.
[FilterColumns] in 0.2004 seconds.
[FilterColumns] in 0.2142 seconds.
[FilterColumns] in 0.2009 seconds.
[FilterColumns] in 0.2060 seconds.
[FilterColumns] in 0.2105 seconds.
[FilterColumns] in 0.2000 seconds.
[FilterColumns] in 0.2132 seconds.
[FilterColumns] in 0.2189 seconds.
[FilterColumns] in 0.2149 seconds.
[FilterColumns] in 0.2023 seconds.
[FilterColumns] in 0.2197 seconds.
[FilterColumns] in 0.2078 seconds.
[FilterColumns] in 0.2038 seconds.
[FilterColumns] in 0.2112 seconds.
[FilterColumns] in 0.2021 seconds.
[FilterColumns] in 0.2013 seconds.
[FilterColumns] in 0.1983 seconds.
[FilterColumns] in 0.2023 seconds.
[FilterColumns] in 0.2120 seconds.
[FilterColumns] in 0.2087 seconds.
[FilterColumns] in 0.1998 seconds.
[FilterColumns] in 0.2006 seconds.
[FilterColumns] in 0.2164 seconds.
[FilterColumns] in 0.2071 seconds.
[FilterColumns] in 0.2027 seconds.
[FilterColumns] in 0.2110 seconds.
[FilterColumns] in 0.2136 seconds.
[FilterColumns] in 0.2070 seconds.
[FilterColumns] in 0.2107 seconds.
[FilterColumns] in 0.2014 seconds.
[FilterColumns] in 0.2070 seconds.
[FilterColumns] in 0.2027 seconds.
[FilterColumns] in 0.2137 seconds.
[FilterColumns] in 0.2108 seconds.
[FilterColumns] in 0.2068 seconds.
[FilterColumns] in 0.2102 seconds.
[FilterColumns] in 0.2134 seconds.
[FilterColumns] in 0.2089 seconds.
[FilterColumns] in 0.2107 seconds.
[FilterColumns] in 0.2091 seconds.
[FilterColumns] in 0.2168 seconds.
[FilterColumns] in 0.2141 seconds.
[FilterColumns] in 0.2197 seconds.
[FilterColumns] in 0.2094 seconds.
[FilterColumns] in 0.2024 seconds.
[FilterColumns] in 0.1997 seconds.
[FilterColumns] in 0.2074 seconds.
[FilterColumns] in 0.2033 seconds.
[FilterColumns] in 0.2124 seconds.
[FilterColumns] in 0.2017 seconds.
[FilterColumns] in 0.1974 seconds.
[FilterColumns] in 0.2146 seconds.
[FilterColumns] in 0.1985 seconds.
[FilterColumns] in 0.2129 seconds.
[FilterColumns] in 0.2182 seconds.
[FilterColumns] in 0.2035 seconds.
[FilterColumns] in 0.2004 seconds.
[FilterColumns] in 0.2093 seconds.
[FilterColumns] in 0.2100 seconds.
[FilterColumns] in 0.1965 seconds.
[FilterColumns] in 0.2128 seconds.
[FilterColumns] in 0.2169 seconds.
[FilterColumns] in 0.2141 seconds.
[FilterColumns] in 0.2153 seconds.
[FilterColumns] in 0.2025 seconds.
[FilterColumns] in 0.2035 seconds.
[FilterColumns] in 0.2025 seconds.
[FilterColumns] in 0.2152 seconds.
[FilterColumns] in 0.1950 seconds.
[FilterColumns] in 0.2074 seconds.
FilterColumns6 (rank 6): Processed 100 iterations.
[InternalExtinction] in 0.2003 seconds.
[InternalExtinction] in 0.2002 seconds.
[InternalExtinction] in 0.2004 seconds.
[InternalExtinction] in 0.2002 seconds.
[InternalExtinction] in 0.2003 seconds.
[InternalExtinction] in 0.2002 seconds.
[InternalExtinction] in 0.2002 seconds.
[InternalExtinction] in 0.2004 seconds.
[InternalExtinction] in 0.2001 seconds.
[InternalExtinction] in 0.2002 seconds.
[InternalExtinction] in 0.2003 seconds.
[InternalExtinction] in 0.2002 seconds.
[InternalExtinction] in 0.2002 seconds.
[InternalExtinction] in 0.2002 seconds.
[InternalExtinction] in 0.2002 seconds.
[InternalExtinction] in 0.2002 seconds.
[InternalExtinction] in 0.2002 seconds.
[InternalExtinction] in 0.2003 seconds.
[InternalExtinction] in 0.2002 seconds.
[InternalExtinction] in 0.2002 seconds.
[InternalExtinction] in 0.2003 seconds.
[InternalExtinction] in 0.2002 seconds.
[InternalExtinction] in 0.2002 seconds.
[InternalExtinction] in 0.2002 seconds.
[InternalExtinction] in 0.2003 seconds.
[InternalExtinction] in 0.2003 seconds.
[InternalExtinction] in 0.2002 seconds.
[InternalExtinction] in 0.2001 seconds.
[InternalExtinction] in 0.2002 seconds.
[InternalExtinction] in 0.2003 seconds.
[InternalExtinction] in 0.2002 seconds.
[InternalExtinction] in 0.2002 seconds.
[InternalExtinction] in 0.2004 seconds.
[InternalExtinction] in 0.2002 seconds.
[InternalExtinction] in 0.2002 seconds.
[InternalExtinction] in 0.2002 seconds.
[InternalExtinction] in 0.2002 seconds.
[InternalExtinction] in 0.2002 seconds.
[InternalExtinction] in 0.2002 seconds.
[InternalExtinction] in 0.2002 seconds.
[InternalExtinction] in 0.2002 seconds.
[InternalExtinction] in 0.2002 seconds.
[InternalExtinction] in 0.2002 seconds.
[InternalExtinction] in 0.2004 seconds.
[InternalExtinction] in 0.2004 seconds.
[InternalExtinction] in 0.2002 seconds.
[InternalExtinction] in 0.2004 seconds.
[InternalExtinction] in 0.2004 seconds.
[InternalExtinction] in 0.2002 seconds.
[InternalExtinction] in 0.2002 seconds.
[InternalExtinction] in 0.2002 seconds.
[InternalExtinction] in 0.2002 seconds.
[InternalExtinction] in 0.2003 seconds.
[InternalExtinction] in 0.2002 seconds.
[InternalExtinction] in 0.2002 seconds.
[InternalExtinction] in 0.2002 seconds.
[InternalExtinction] in 0.2004 seconds.
[InternalExtinction] in 0.2002 seconds.
[InternalExtinction] in 0.2002 seconds.
[InternalExtinction] in 0.2002 seconds.
[InternalExtinction] in 0.2004 seconds.
[InternalExtinction] in 0.2002 seconds.
[InternalExtinction] in 0.2002 seconds.
[InternalExtinction] in 0.2002 seconds.
[InternalExtinction] in 0.2002 seconds.
[InternalExtinction] in 0.2003 seconds.
[InternalExtinction] in 0.2002 seconds.
[InternalExtinction] in 0.2004 seconds.
[InternalExtinction] in 0.2004 seconds.
[InternalExtinction] in 0.2004 seconds.
[InternalExtinction] in 0.2002 seconds.
[InternalExtinction] in 0.2004 seconds.
[InternalExtinction] in 0.2002 seconds.
[InternalExtinction] in 0.2002 seconds.
[InternalExtinction] in 0.2002 seconds.
[InternalExtinction] in 0.2002 seconds.
[InternalExtinction] in 0.2002 seconds.
[InternalExtinction] in 0.2002 seconds.
[InternalExtinction] in 0.2004 seconds.
[InternalExtinction] in 0.2002 seconds.
[InternalExtinction] in 0.2002 seconds.
[InternalExtinction] in 0.2004 seconds.
[InternalExtinction] in 0.2004 seconds.
[InternalExtinction] in 0.2002 seconds.
[InternalExtinction] in 0.2002 seconds.
[InternalExtinction] in 0.2004 seconds.
[InternalExtinction] in 0.2002 seconds.
[InternalExtinction] in 0.2002 seconds.
[InternalExtinction] in 0.2003 seconds.
[InternalExtinction] in 0.2004 seconds.
[InternalExtinction] in 0.2002 seconds.
[InternalExtinction] in 0.2002 seconds.
[InternalExtinction] in 0.2002 seconds.
[InternalExtinction] in 0.2002 seconds.
[InternalExtinction] in 0.2002 seconds.
[InternalExtinction] in 0.2002 seconds.
[InternalExtinction] in 0.2002 seconds.
[InternalExtinction] in 0.2002 seconds.
[InternalExtinction] in 0.2003 seconds.
[InternalExtinction] in 0.2002 seconds.
InternalExtinction7 (rank 11): Processed 100 iterations.
[InternalExtinction] in 0.2003 seconds.
[InternalExtinction] in 0.2002 seconds.
[InternalExtinction] in 0.2002 seconds.
[InternalExtinction] in 0.2002 seconds.
[InternalExtinction] in 0.2002 seconds.
[InternalExtinction] in 0.2002 seconds.
[InternalExtinction] in 0.2003 seconds.
[InternalExtinction] in 0.2004 seconds.
[InternalExtinction] in 0.2002 seconds.
[InternalExtinction] in 0.2002 seconds.
[InternalExtinction] in 0.2002 seconds.
[InternalExtinction] in 0.2003 seconds.
[InternalExtinction] in 0.2003 seconds.
[InternalExtinction] in 0.2000 seconds.
[InternalExtinction] in 0.2002 seconds.
[InternalExtinction] in 0.2003 seconds.
[InternalExtinction] in 0.2002 seconds.
[InternalExtinction] in 0.2002 seconds.
[InternalExtinction] in 0.2002 seconds.
[InternalExtinction] in 0.2003 seconds.
[InternalExtinction] in 0.2002 seconds.
[InternalExtinction] in 0.2002 seconds.
[InternalExtinction] in 0.2002 seconds.
[InternalExtinction] in 0.2002 seconds.
[InternalExtinction] in 0.2002 seconds.
[InternalExtinction] in 0.2002 seconds.
[InternalExtinction] in 0.2002 seconds.
[InternalExtinction] in 0.2002 seconds.
[InternalExtinction] in 0.2002 seconds.
[InternalExtinction] in 0.2003 seconds.
[InternalExtinction] in 0.2002 seconds.
[InternalExtinction] in 0.2002 seconds.
[InternalExtinction] in 0.2003 seconds.
[InternalExtinction] in 0.2002 seconds.
[InternalExtinction] in 0.2002 seconds.
[InternalExtinction] in 0.2002 seconds.
[InternalExtinction] in 0.2002 seconds.
[InternalExtinction] in 0.2004 seconds.
[InternalExtinction] in 0.2002 seconds.
[InternalExtinction] in 0.2003 seconds.
[InternalExtinction] in 0.2002 seconds.
[InternalExtinction] in 0.2002 seconds.
[InternalExtinction] in 0.2002 seconds.
[InternalExtinction] in 0.2004 seconds.
[InternalExtinction] in 0.2004 seconds.
[InternalExtinction] in 0.2002 seconds.
[InternalExtinction] in 0.2002 seconds.
[InternalExtinction] in 0.2004 seconds.
[InternalExtinction] in 0.2004 seconds.
[InternalExtinction] in 0.2002 seconds.
[InternalExtinction] in 0.2003 seconds.
[InternalExtinction] in 0.2002 seconds.
[InternalExtinction] in 0.2002 seconds.
[InternalExtinction] in 0.2002 seconds.
[InternalExtinction] in 0.2004 seconds.
[InternalExtinction] in 0.2003 seconds.
[InternalExtinction] in 0.2002 seconds.
[InternalExtinction] in 0.2004 seconds.
[InternalExtinction] in 0.2002 seconds.
[InternalExtinction] in 0.2002 seconds.
[InternalExtinction] in 0.2002 seconds.
[InternalExtinction] in 0.2002 seconds.
[InternalExtinction] in 0.2002 seconds.
[InternalExtinction] in 0.2002 seconds.
[InternalExtinction] in 0.2002 seconds.
[InternalExtinction] in 0.2004 seconds.
[InternalExtinction] in 0.2002 seconds.
[InternalExtinction] in 0.2002 seconds.
[InternalExtinction] in 0.2003 seconds.
[InternalExtinction] in 0.2002 seconds.
[InternalExtinction] in 0.2002 seconds.
[InternalExtinction] in 0.2002 seconds.
[InternalExtinction] in 0.2003 seconds.
[InternalExtinction] in 0.2002 seconds.
[InternalExtinction] in 0.2004 seconds.
[InternalExtinction] in 0.2002 seconds.
[InternalExtinction] in 0.2004 seconds.
[InternalExtinction] in 0.2002 seconds.
[InternalExtinction] in 0.2002 seconds.
[InternalExtinction] in 0.2002 seconds.
[InternalExtinction] in 0.2003 seconds.
[InternalExtinction] in 0.2003 seconds.
[InternalExtinction] in 0.2004 seconds.
[InternalExtinction] in 0.2004 seconds.
[InternalExtinction] in 0.2002 seconds.
[InternalExtinction] in 0.2002 seconds.
[InternalExtinction] in 0.2002 seconds.
[InternalExtinction] in 0.2002 seconds.
[InternalExtinction] in 0.2002 seconds.
[InternalExtinction] in 0.2001 seconds.
[InternalExtinction] in 0.2002 seconds.
[InternalExtinction] in 0.2002 seconds.
[InternalExtinction] in 0.2002 seconds.
[InternalExtinction] in 0.2002 seconds.
[InternalExtinction] in 0.2003 seconds.
[InternalExtinction] in 0.2002 seconds.
[InternalExtinction] in 0.2002 seconds.
[InternalExtinction] in 0.2002 seconds.
[InternalExtinction] in 0.2002 seconds.
[InternalExtinction] in 0.2002 seconds.
InternalExtinction7 (rank 14): Processed 100 iterations.
[FilterColumns] in 0.3333 seconds.
[FilterColumns] in 0.2127 seconds.
[FilterColumns] in 0.2023 seconds.
[FilterColumns] in 0.2017 seconds.
[FilterColumns] in 0.2067 seconds.
[FilterColumns] in 0.2066 seconds.
[FilterColumns] in 0.2138 seconds.
[FilterColumns] in 0.2081 seconds.
[FilterColumns] in 0.2166 seconds.
[FilterColumns] in 0.2029 seconds.
[FilterColumns] in 0.2138 seconds.
[FilterColumns] in 0.2141 seconds.
[FilterColumns] in 0.2012 seconds.
[FilterColumns] in 0.1963 seconds.
[FilterColumns] in 0.2164 seconds.
[FilterColumns] in 0.2137 seconds.
[FilterColumns] in 0.2007 seconds.
[FilterColumns] in 0.2186 seconds.
[FilterColumns] in 0.2107 seconds.
[FilterColumns] in 0.2125 seconds.
[FilterColumns] in 0.2059 seconds.
[FilterColumns] in 0.2138 seconds.
[FilterColumns] in 0.1980 seconds.
[FilterColumns] in 0.2122 seconds.
[FilterColumns] in 0.2105 seconds.
[FilterColumns] in 0.1974 seconds.
[FilterColumns] in 0.2078 seconds.
[FilterColumns] in 0.2093 seconds.
[FilterColumns] in 0.1966 seconds.
[FilterColumns] in 0.2075 seconds.
[FilterColumns] in 0.2006 seconds.
[FilterColumns] in 0.2136 seconds.
[FilterColumns] in 0.2007 seconds.
[FilterColumns] in 0.2067 seconds.
[FilterColumns] in 0.2100 seconds.
[FilterColumns] in 0.1998 seconds.
[FilterColumns] in 0.2132 seconds.
[FilterColumns] in 0.2189 seconds.
[FilterColumns] in 0.2148 seconds.
[FilterColumns] in 0.2025 seconds.
[FilterColumns] in 0.2192 seconds.
[FilterColumns] in 0.2078 seconds.
[FilterColumns] in 0.2044 seconds.
[FilterColumns] in 0.2114 seconds.
[FilterColumns] in 0.2021 seconds.
[FilterColumns] in 0.2021 seconds.
[FilterColumns] in 0.1982 seconds.
[FilterColumns] in 0.2022 seconds.
[FilterColumns] in 0.2121 seconds.
[FilterColumns] in 0.2085 seconds.
[FilterColumns] in 0.2001 seconds.
[FilterColumns] in 0.2006 seconds.
[FilterColumns] in 0.2167 seconds.
[FilterColumns] in 0.2076 seconds.
[FilterColumns] in 0.2029 seconds.
[FilterColumns] in 0.2110 seconds.
[FilterColumns] in 0.2133 seconds.
[FilterColumns] in 0.2071 seconds.
[FilterColumns] in 0.2108 seconds.
[FilterColumns] in 0.2013 seconds.
[FilterColumns] in 0.2073 seconds.
[FilterColumns] in 0.2028 seconds.
[FilterColumns] in 0.2139 seconds.
[FilterColumns] in 0.2104 seconds.
[FilterColumns] in 0.2063 seconds.
[FilterColumns] in 0.2110 seconds.
[FilterColumns] in 0.2132 seconds.
[FilterColumns] in 0.2091 seconds.
[FilterColumns] in 0.2104 seconds.
[FilterColumns] in 0.2091 seconds.
[FilterColumns] in 0.2170 seconds.
[FilterColumns] in 0.2141 seconds.
[FilterColumns] in 0.2193 seconds.
[FilterColumns] in 0.2092 seconds.
[FilterColumns] in 0.2025 seconds.
[FilterColumns] in 0.2002 seconds.
[FilterColumns] in 0.2072 seconds.
[FilterColumns] in 0.2033 seconds.
[FilterColumns] in 0.2117 seconds.
[FilterColumns] in 0.2017 seconds.
[FilterColumns] in 0.1971 seconds.
[FilterColumns] in 0.2143 seconds.
[FilterColumns] in 0.1988 seconds.
[FilterColumns] in 0.2126 seconds.
[FilterColumns] in 0.2179 seconds.
[FilterColumns] in 0.2035 seconds.
[FilterColumns] in 0.2005 seconds.
[FilterColumns] in 0.2097 seconds.
[FilterColumns] in 0.2098 seconds.
[FilterColumns] in 0.1968 seconds.
[FilterColumns] in 0.2124 seconds.
[FilterColumns] in 0.2171 seconds.
[FilterColumns] in 0.2148 seconds.
[FilterColumns] in 0.2147 seconds.
[FilterColumns] in 0.2024 seconds.
[FilterColumns] in 0.2035 seconds.
[FilterColumns] in 0.2023 seconds.
[FilterColumns] in 0.2155 seconds.
[FilterColumns] in 0.1959 seconds.
[FilterColumns] in 0.2059 seconds.
FilterColumns6 (rank 9): Processed 100 iterations.
[InternalExtinction] in 0.2003 seconds.
[InternalExtinction] in 0.2002 seconds.
[InternalExtinction] in 0.2004 seconds.
[InternalExtinction] in 0.2002 seconds.
[InternalExtinction] in 0.2003 seconds.
[InternalExtinction] in 0.2002 seconds.
[InternalExtinction] in 0.2002 seconds.
[InternalExtinction] in 0.2003 seconds.
[InternalExtinction] in 0.2002 seconds.
[InternalExtinction] in 0.2002 seconds.
[InternalExtinction] in 0.2003 seconds.
[InternalExtinction] in 0.2002 seconds.
[InternalExtinction] in 0.2002 seconds.
[InternalExtinction] in 0.2002 seconds.
[InternalExtinction] in 0.2002 seconds.
[InternalExtinction] in 0.2002 seconds.
[InternalExtinction] in 0.2002 seconds.
[InternalExtinction] in 0.2002 seconds.
[InternalExtinction] in 0.2002 seconds.
[InternalExtinction] in 0.2002 seconds.
[InternalExtinction] in 0.2002 seconds.
[InternalExtinction] in 0.2002 seconds.
[InternalExtinction] in 0.2003 seconds.
[InternalExtinction] in 0.2003 seconds.
[InternalExtinction] in 0.2002 seconds.
[InternalExtinction] in 0.2002 seconds.
[InternalExtinction] in 0.2002 seconds.
[InternalExtinction] in 0.2003 seconds.
[InternalExtinction] in 0.2003 seconds.
[InternalExtinction] in 0.2003 seconds.
[InternalExtinction] in 0.2004 seconds.
[InternalExtinction] in 0.2002 seconds.
[InternalExtinction] in 0.2002 seconds.
[InternalExtinction] in 0.2003 seconds.
[InternalExtinction] in 0.2002 seconds.
[InternalExtinction] in 0.2002 seconds.
[InternalExtinction] in 0.2002 seconds.
[InternalExtinction] in 0.2002 seconds.
[InternalExtinction] in 0.2002 seconds.
[InternalExtinction] in 0.2002 seconds.
[InternalExtinction] in 0.2002 seconds.
[InternalExtinction] in 0.2002 seconds.
[InternalExtinction] in 0.2002 seconds.
[InternalExtinction] in 0.2002 seconds.
[InternalExtinction] in 0.2003 seconds.
[InternalExtinction] in 0.2004 seconds.
[InternalExtinction] in 0.2002 seconds.
[InternalExtinction] in 0.2004 seconds.
[InternalExtinction] in 0.2004 seconds.
[InternalExtinction] in 0.2002 seconds.
[InternalExtinction] in 0.2002 seconds.
[InternalExtinction] in 0.2002 seconds.
[InternalExtinction] in 0.2003 seconds.
[InternalExtinction] in 0.2002 seconds.
[InternalExtinction] in 0.2004 seconds.
[InternalExtinction] in 0.2004 seconds.
[InternalExtinction] in 0.2002 seconds.
[InternalExtinction] in 0.2002 seconds.
[InternalExtinction] in 0.2003 seconds.
[InternalExtinction] in 0.2003 seconds.
[InternalExtinction] in 0.2006 seconds.
[InternalExtinction] in 0.2002 seconds.
[InternalExtinction] in 0.2003 seconds.
[InternalExtinction] in 0.2002 seconds.
[InternalExtinction] in 0.2002 seconds.
[InternalExtinction] in 0.2002 seconds.
[InternalExtinction] in 0.2002 seconds.
[InternalExtinction] in 0.2003 seconds.
[InternalExtinction] in 0.2002 seconds.
[InternalExtinction] in 0.2002 seconds.
[InternalExtinction] in 0.2002 seconds.
[InternalExtinction] in 0.2002 seconds.
[InternalExtinction] in 0.2002 seconds.
[InternalExtinction] in 0.2002 seconds.
[InternalExtinction] in 0.2002 seconds.
[InternalExtinction] in 0.2004 seconds.
[InternalExtinction] in 0.2002 seconds.
[InternalExtinction] in 0.2002 seconds.
[InternalExtinction] in 0.2002 seconds.
[InternalExtinction] in 0.2002 seconds.
[InternalExtinction] in 0.2002 seconds.
[InternalExtinction] in 0.2004 seconds.
[InternalExtinction] in 0.2002 seconds.
[InternalExtinction] in 0.2002 seconds.
[InternalExtinction] in 0.2002 seconds.
[InternalExtinction] in 0.2004 seconds.
[InternalExtinction] in 0.2002 seconds.
[InternalExtinction] in 0.2002 seconds.
[InternalExtinction] in 0.2002 seconds.
[InternalExtinction] in 0.2002 seconds.
[InternalExtinction] in 0.2004 seconds.
[InternalExtinction] in 0.2002 seconds.
[InternalExtinction] in 0.2004 seconds.
[InternalExtinction] in 0.2002 seconds.
[InternalExtinction] in 0.2002 seconds.
[InternalExtinction] in 0.2002 seconds.
[InternalExtinction] in 0.2002 seconds.
[InternalExtinction] in 0.2004 seconds.
[InternalExtinction] in 0.2002 seconds.
[InternalExtinction] in 0.2002 seconds.
InternalExtinction7 (rank 12): Processed 100 iterations.
[InternalExtinction] in 0.2003 seconds.
[InternalExtinction] in 0.2002 seconds.
[InternalExtinction] in 0.2004 seconds.
[InternalExtinction] in 0.2002 seconds.
[InternalExtinction] in 0.2002 seconds.
[InternalExtinction] in 0.2002 seconds.
[InternalExtinction] in 0.2002 seconds.
[InternalExtinction] in 0.2003 seconds.
[InternalExtinction] in 0.2002 seconds.
[InternalExtinction] in 0.2002 seconds.
[InternalExtinction] in 0.2001 seconds.
[InternalExtinction] in 0.2003 seconds.
[InternalExtinction] in 0.2002 seconds.
[InternalExtinction] in 0.2002 seconds.
[InternalExtinction] in 0.2002 seconds.
[InternalExtinction] in 0.2002 seconds.
[InternalExtinction] in 0.2002 seconds.
[InternalExtinction] in 0.2002 seconds.
[InternalExtinction] in 0.2002 seconds.
[InternalExtinction] in 0.2003 seconds.
[InternalExtinction] in 0.2002 seconds.
[InternalExtinction] in 0.2002 seconds.
[InternalExtinction] in 0.2002 seconds.
[InternalExtinction] in 0.2002 seconds.
[InternalExtinction] in 0.2002 seconds.
[InternalExtinction] in 0.2002 seconds.
[InternalExtinction] in 0.2002 seconds.
[InternalExtinction] in 0.2002 seconds.
[InternalExtinction] in 0.2002 seconds.
[InternalExtinction] in 0.2003 seconds.
[InternalExtinction] in 0.2002 seconds.
[InternalExtinction] in 0.2002 seconds.
[InternalExtinction] in 0.2002 seconds.
[InternalExtinction] in 0.2004 seconds.
[InternalExtinction] in 0.2002 seconds.
[InternalExtinction] in 0.2002 seconds.
[InternalExtinction] in 0.2002 seconds.
[InternalExtinction] in 0.2002 seconds.
[InternalExtinction] in 0.2004 seconds.
[InternalExtinction] in 0.2002 seconds.
[InternalExtinction] in 0.2002 seconds.
[InternalExtinction] in 0.2002 seconds.
[InternalExtinction] in 0.2002 seconds.
[InternalExtinction] in 0.2004 seconds.
[InternalExtinction] in 0.2002 seconds.
[InternalExtinction] in 0.2002 seconds.
[InternalExtinction] in 0.2004 seconds.
[InternalExtinction] in 0.2002 seconds.
[InternalExtinction] in 0.2002 seconds.
[InternalExtinction] in 0.2002 seconds.
[InternalExtinction] in 0.2002 seconds.
[InternalExtinction] in 0.2002 seconds.
[InternalExtinction] in 0.2004 seconds.
[InternalExtinction] in 0.2002 seconds.
[InternalExtinction] in 0.2004 seconds.
[InternalExtinction] in 0.2004 seconds.
[InternalExtinction] in 0.2002 seconds.
[InternalExtinction] in 0.2004 seconds.
[InternalExtinction] in 0.2004 seconds.
[InternalExtinction] in 0.2002 seconds.
[InternalExtinction] in 0.2002 seconds.
[InternalExtinction] in 0.2002 seconds.
[InternalExtinction] in 0.2003 seconds.
[InternalExtinction] in 0.2003 seconds.
[InternalExtinction] in 0.2003 seconds.
[InternalExtinction] in 0.2002 seconds.
[InternalExtinction] in 0.2002 seconds.
[InternalExtinction] in 0.2002 seconds.
[InternalExtinction] in 0.2002 seconds.
[InternalExtinction] in 0.2002 seconds.
[InternalExtinction] in 0.2002 seconds.
[InternalExtinction] in 0.2002 seconds.
[InternalExtinction] in 0.2002 seconds.
[InternalExtinction] in 0.2002 seconds.
[InternalExtinction] in 0.2002 seconds.
[InternalExtinction] in 0.2002 seconds.
[InternalExtinction] in 0.2002 seconds.
[InternalExtinction] in 0.2004 seconds.
[InternalExtinction] in 0.2002 seconds.
[InternalExtinction] in 0.2003 seconds.
[InternalExtinction] in 0.2002 seconds.
[InternalExtinction] in 0.2002 seconds.
[InternalExtinction] in 0.2004 seconds.
[InternalExtinction] in 0.2002 seconds.
[InternalExtinction] in 0.2004 seconds.
[InternalExtinction] in 0.2002 seconds.
[InternalExtinction] in 0.2002 seconds.
[InternalExtinction] in 0.2004 seconds.
[InternalExtinction] in 0.2002 seconds.
[InternalExtinction] in 0.2004 seconds.
[InternalExtinction] in 0.2002 seconds.
[InternalExtinction] in 0.2003 seconds.
[InternalExtinction] in 0.2004 seconds.
[InternalExtinction] in 0.2002 seconds.
[InternalExtinction] in 0.2002 seconds.
[InternalExtinction] in 0.2002 seconds.
[InternalExtinction] in 0.2002 seconds.
[InternalExtinction] in 0.2002 seconds.
[InternalExtinction] in 0.2004 seconds.
[InternalExtinction] in 0.2002 seconds.
InternalExtinction7 (rank 15): Processed 100 iterations.
[InternalExtinction] in 0.2003 seconds.
[InternalExtinction] in 0.2002 seconds.
[InternalExtinction] in 0.2003 seconds.
[InternalExtinction] in 0.2002 seconds.
[InternalExtinction] in 0.2002 seconds.
[InternalExtinction] in 0.2003 seconds.
[InternalExtinction] in 0.2002 seconds.
[InternalExtinction] in 0.2004 seconds.
[InternalExtinction] in 0.2002 seconds.
[InternalExtinction] in 0.2002 seconds.
[InternalExtinction] in 0.2003 seconds.
[InternalExtinction] in 0.2002 seconds.
[InternalExtinction] in 0.2001 seconds.
[InternalExtinction] in 0.2003 seconds.
[InternalExtinction] in 0.2002 seconds.
[InternalExtinction] in 0.2001 seconds.
[InternalExtinction] in 0.2003 seconds.
[InternalExtinction] in 0.2002 seconds.
[InternalExtinction] in 0.2002 seconds.
[InternalExtinction] in 0.2003 seconds.
[InternalExtinction] in 0.2002 seconds.
[InternalExtinction] in 0.2002 seconds.
[InternalExtinction] in 0.2003 seconds.
[InternalExtinction] in 0.2002 seconds.
[InternalExtinction] in 0.2002 seconds.
[InternalExtinction] in 0.2002 seconds.
[InternalExtinction] in 0.2002 seconds.
[InternalExtinction] in 0.2003 seconds.
[InternalExtinction] in 0.2002 seconds.
[InternalExtinction] in 0.2003 seconds.
[InternalExtinction] in 0.2002 seconds.
[InternalExtinction] in 0.2002 seconds.
[InternalExtinction] in 0.2002 seconds.
[InternalExtinction] in 0.2002 seconds.
[InternalExtinction] in 0.2002 seconds.
[InternalExtinction] in 0.2002 seconds.
[InternalExtinction] in 0.2002 seconds.
[InternalExtinction] in 0.2004 seconds.
[InternalExtinction] in 0.2004 seconds.
[InternalExtinction] in 0.2002 seconds.
[InternalExtinction] in 0.2002 seconds.
[InternalExtinction] in 0.2002 seconds.
[InternalExtinction] in 0.2002 seconds.
[InternalExtinction] in 0.2002 seconds.
[InternalExtinction] in 0.2002 seconds.
[InternalExtinction] in 0.2002 seconds.
[InternalExtinction] in 0.2002 seconds.
[InternalExtinction] in 0.2004 seconds.
[InternalExtinction] in 0.2004 seconds.
[InternalExtinction] in 0.2002 seconds.
[InternalExtinction] in 0.2002 seconds.
[InternalExtinction] in 0.2002 seconds.
[InternalExtinction] in 0.2004 seconds.
[InternalExtinction] in 0.2002 seconds.
[InternalExtinction] in 0.2002 seconds.
[InternalExtinction] in 0.2002 seconds.
[InternalExtinction] in 0.2003 seconds.
[InternalExtinction] in 0.2002 seconds.
[InternalExtinction] in 0.2004 seconds.
[InternalExtinction] in 0.2004 seconds.
[InternalExtinction] in 0.2002 seconds.
[InternalExtinction] in 0.2002 seconds.
[InternalExtinction] in 0.2002 seconds.
[InternalExtinction] in 0.2002 seconds.
[InternalExtinction] in 0.2002 seconds.
[InternalExtinction] in 0.2004 seconds.
[InternalExtinction] in 0.2002 seconds.
[InternalExtinction] in 0.2002 seconds.
[InternalExtinction] in 0.2003 seconds.
[InternalExtinction] in 0.2004 seconds.
[InternalExtinction] in 0.2002 seconds.
[InternalExtinction] in 0.2004 seconds.
[InternalExtinction] in 0.2002 seconds.
[InternalExtinction] in 0.2002 seconds.
[InternalExtinction] in 0.2002 seconds.
[InternalExtinction] in 0.2002 seconds.
[InternalExtinction] in 0.2002 seconds.
[InternalExtinction] in 0.2003 seconds.
[InternalExtinction] in 0.2002 seconds.
[InternalExtinction] in 0.2002 seconds.
[InternalExtinction] in 0.2004 seconds.
[InternalExtinction] in 0.2004 seconds.
[InternalExtinction] in 0.2002 seconds.
[InternalExtinction] in 0.2002 seconds.
[InternalExtinction] in 0.2004 seconds.
[InternalExtinction] in 0.2002 seconds.
[InternalExtinction] in 0.2003 seconds.
[InternalExtinction] in 0.2002 seconds.
[InternalExtinction] in 0.2004 seconds.
[InternalExtinction] in 0.2002 seconds.
[InternalExtinction] in 0.2002 seconds.
[InternalExtinction] in 0.2002 seconds.
[InternalExtinction] in 0.2002 seconds.
[InternalExtinction] in 0.2002 seconds.
[InternalExtinction] in 0.2002 seconds.
[InternalExtinction] in 0.2002 seconds.
[InternalExtinction] in 0.2002 seconds.
[InternalExtinction] in 0.2004 seconds.
[InternalExtinction] in 0.2002 seconds.
[InternalExtinction] in 0.2004 seconds.
InternalExtinction7 (rank 13): Processed 100 iterations.
NEW ELAPSED TIME: 51.52322
NEW ELAPSED TOTAL CPU TIME: 765.97953
